#
# There is insufficient memory for the Java Runtime Environment to continue.
# Native memory allocation (malloc) failed to allocate 32744 bytes for ChunkPool::allocate
# Possible reasons:
#   The system is out of physical RAM or swap space
#   In 32 bit mode, the process size limit was hit
# Possible solutions:
#   Reduce memory load on the system
#   Increase physical memory or swap space
#   Check if swap backing store is full
#   Use 64 bit Java on a 64 bit OS
#   Decrease Java heap size (-Xmx/-Xms)
#   Decrease number of Java threads
#   Decrease Java thread stack sizes (-Xss)
#   Set larger code cache with -XX:ReservedCodeCacheSize=
# This output file may be truncated or incomplete.
#
#  Out of Memory Error (allocation.cpp:273), pid=10036, tid=0x0000000000003178
#
# JRE version: Java(TM) SE Runtime Environment (8.0_181-b13) (build 1.8.0_181-b13)
# Java VM: Java HotSpot(TM) 64-Bit Server VM (25.181-b13 mixed mode windows-amd64 compressed oops)
# Failed to write core dump. Minidumps are not enabled by default on client versions of Windows
#

---------------  T H R E A D  ---------------

Current thread (0x000000001abba800):  JavaThread "restartedMain" [_thread_in_vm, id=12664, stack(0x000000001bb60000,0x000000001bc60000)]

Stack: [0x000000001bb60000,0x000000001bc60000]
[error occurred during error reporting (printing stack bounds), id 0xc0000005]

Native frames: (J=compiled Java code, j=interpreted, Vv=VM code, C=native code)

Java frames: (J=compiled Java code, j=interpreted, Vv=VM code)
J 935  java.lang.ClassLoader.defineClass1(Ljava/lang/String;[BIILjava/security/ProtectionDomain;Ljava/lang/String;)Ljava/lang/Class; (0 bytes) @ 0x0000000004e5ca1f [0x0000000004e5c980+0x9f]
J 800 C1 java.lang.ClassLoader.defineClass(Ljava/lang/String;[BIILjava/security/ProtectionDomain;)Ljava/lang/Class; (43 bytes) @ 0x0000000004e22f9c [0x0000000004e22ea0+0xfc]
J 863 C1 java.net.URLClassLoader.defineClass(Ljava/lang/String;Lsun/misc/Resource;)Ljava/lang/Class; (142 bytes) @ 0x0000000004e3dc8c [0x0000000004e3d2c0+0x9cc]
J 719 C1 java.net.URLClassLoader$1.run()Ljava/lang/Class; (63 bytes) @ 0x0000000004dfe6f4 [0x0000000004dfe640+0xb4]
J 718 C1 java.net.URLClassLoader$1.run()Ljava/lang/Object; (5 bytes) @ 0x0000000004dfe314 [0x0000000004dfe2e0+0x34]
v  ~StubRoutines::call_stub
J 255  java.security.AccessController.doPrivileged(Ljava/security/PrivilegedExceptionAction;Ljava/security/AccessControlContext;)Ljava/lang/Object; (0 bytes) @ 0x0000000004d45766 [0x0000000004d45700+0x66]
J 662 C1 java.net.URLClassLoader.findClass(Ljava/lang/String;)Ljava/lang/Class; (47 bytes) @ 0x0000000004dec5b4 [0x0000000004dec500+0xb4]
J 550 C1 java.lang.ClassLoader.loadClass(Ljava/lang/String;Z)Ljava/lang/Class; (122 bytes) @ 0x0000000004db3a64 [0x0000000004db3760+0x304]
J 603 C1 sun.misc.Launcher$AppClassLoader.loadClass(Ljava/lang/String;Z)Ljava/lang/Class; (85 bytes) @ 0x0000000004dce884 [0x0000000004dce5a0+0x2e4]
J 595 C1 java.lang.ClassLoader.loadClass(Ljava/lang/String;)Ljava/lang/Class; (7 bytes) @ 0x0000000004dcade4 [0x0000000004dcada0+0x44]
v  ~StubRoutines::call_stub
J 935  java.lang.ClassLoader.defineClass1(Ljava/lang/String;[BIILjava/security/ProtectionDomain;Ljava/lang/String;)Ljava/lang/Class; (0 bytes) @ 0x0000000004e5ca1f [0x0000000004e5c980+0x9f]
J 800 C1 java.lang.ClassLoader.defineClass(Ljava/lang/String;[BIILjava/security/ProtectionDomain;)Ljava/lang/Class; (43 bytes) @ 0x0000000004e22f9c [0x0000000004e22ea0+0xfc]
J 863 C1 java.net.URLClassLoader.defineClass(Ljava/lang/String;Lsun/misc/Resource;)Ljava/lang/Class; (142 bytes) @ 0x0000000004e3dc8c [0x0000000004e3d2c0+0x9cc]
J 719 C1 java.net.URLClassLoader$1.run()Ljava/lang/Class; (63 bytes) @ 0x0000000004dfe6f4 [0x0000000004dfe640+0xb4]
J 718 C1 java.net.URLClassLoader$1.run()Ljava/lang/Object; (5 bytes) @ 0x0000000004dfe314 [0x0000000004dfe2e0+0x34]
v  ~StubRoutines::call_stub
J 255  java.security.AccessController.doPrivileged(Ljava/security/PrivilegedExceptionAction;Ljava/security/AccessControlContext;)Ljava/lang/Object; (0 bytes) @ 0x0000000004d45766 [0x0000000004d45700+0x66]
J 662 C1 java.net.URLClassLoader.findClass(Ljava/lang/String;)Ljava/lang/Class; (47 bytes) @ 0x0000000004dec5b4 [0x0000000004dec500+0xb4]
J 550 C1 java.lang.ClassLoader.loadClass(Ljava/lang/String;Z)Ljava/lang/Class; (122 bytes) @ 0x0000000004db3a64 [0x0000000004db3760+0x304]
J 603 C1 sun.misc.Launcher$AppClassLoader.loadClass(Ljava/lang/String;Z)Ljava/lang/Class; (85 bytes) @ 0x0000000004dce884 [0x0000000004dce5a0+0x2e4]
J 595 C1 java.lang.ClassLoader.loadClass(Ljava/lang/String;)Ljava/lang/Class; (7 bytes) @ 0x0000000004dcade4 [0x0000000004dcada0+0x44]
v  ~StubRoutines::call_stub
j  org.hibernate.internal.SessionFactoryImpl$SessionBuilderImpl.openSession()Lorg/hibernate/Session;+12
j  org.hibernate.internal.SessionFactoryImpl.buildEntityManager(Ljavax/persistence/SynchronizationType;Ljava/util/Map;)Lorg/hibernate/Session;+53
j  org.hibernate.internal.SessionFactoryImpl.createEntityManager()Lorg/hibernate/Session;+9
j  org.hibernate.internal.SessionFactoryImpl.createEntityManager()Ljavax/persistence/EntityManager;+1
v  ~StubRoutines::call_stub
J 2044  sun.reflect.NativeMethodAccessorImpl.invoke0(Ljava/lang/reflect/Method;Ljava/lang/Object;[Ljava/lang/Object;)Ljava/lang/Object; (0 bytes) @ 0x0000000004ff8d7f [0x0000000004ff8d00+0x7f]
J 2043 C1 sun.reflect.NativeMethodAccessorImpl.invoke(Ljava/lang/Object;[Ljava/lang/Object;)Ljava/lang/Object; (104 bytes) @ 0x0000000004ff989c [0x0000000004ff9520+0x37c]
J 2039 C1 sun.reflect.DelegatingMethodAccessorImpl.invoke(Ljava/lang/Object;[Ljava/lang/Object;)Ljava/lang/Object; (10 bytes) @ 0x0000000004ff68e4 [0x0000000004ff68a0+0x44]
J 2038 C1 java.lang.reflect.Method.invoke(Ljava/lang/Object;[Ljava/lang/Object;)Ljava/lang/Object; (62 bytes) @ 0x0000000004ff6514 [0x0000000004ff6420+0xf4]
j  org.springframework.orm.jpa.AbstractEntityManagerFactoryBean.invokeProxyMethod(Ljava/lang/reflect/Method;[Ljava/lang/Object;)Ljava/lang/Object;+157
j  org.springframework.orm.jpa.AbstractEntityManagerFactoryBean$ManagedEntityManagerFactoryInvocationHandler.invoke(Ljava/lang/Object;Ljava/lang/reflect/Method;[Ljava/lang/Object;)Ljava/lang/Object;+98
j  com.sun.proxy.$Proxy97.createEntityManager()Ljavax/persistence/EntityManager;+9
j  org.springframework.orm.jpa.SharedEntityManagerCreator$SharedEntityManagerInvocationHandler.invoke(Ljava/lang/Object;Ljava/lang/reflect/Method;[Ljava/lang/Object;)Ljava/lang/Object;+481
j  com.sun.proxy.$Proxy100.getDelegate()Ljava/lang/Object;+9
j  org.springframework.data.jpa.provider.PersistenceProvider.fromEntityManager(Ljavax/persistence/EntityManager;)Lorg/springframework/data/jpa/provider/PersistenceProvider;+7
j  org.springframework.data.jpa.repository.support.JpaRepositoryFactory.<init>(Ljavax/persistence/EntityManager;)V+24
j  org.springframework.data.jpa.repository.support.JpaRepositoryFactoryBean.createRepositoryFactory(Ljavax/persistence/EntityManager;)Lorg/springframework/data/repository/core/support/RepositoryFactorySupport;+5
j  org.springframework.data.jpa.repository.support.JpaRepositoryFactoryBean.doCreateRepositoryFactory()Lorg/springframework/data/repository/core/support/RepositoryFactorySupport;+22
j  org.springframework.data.repository.core.support.TransactionalRepositoryFactoryBeanSupport.createRepositoryFactory()Lorg/springframework/data/repository/core/support/RepositoryFactorySupport;+1
j  org.springframework.data.repository.core.support.RepositoryFactoryBeanSupport.afterPropertiesSet()V+2
j  org.springframework.data.jpa.repository.support.JpaRepositoryFactoryBean.afterPropertiesSet()V+18
j  org.springframework.beans.factory.support.AbstractAutowireCapableBeanFactory.invokeInitMethods(Ljava/lang/String;Ljava/lang/Object;Lorg/springframework/beans/factory/support/RootBeanDefinition;)V+106
j  org.springframework.beans.factory.support.AbstractAutowireCapableBeanFactory.initializeBean(Ljava/lang/String;Ljava/lang/Object;Lorg/springframework/beans/factory/support/RootBeanDefinition;)Ljava/lang/Object;+59
j  org.springframework.beans.factory.support.AbstractAutowireCapableBeanFactory.doCreateBean(Ljava/lang/String;Lorg/springframework/beans/factory/support/RootBeanDefinition;[Ljava/lang/Object;)Ljava/lang/Object;+245
j  org.springframework.beans.factory.support.AbstractAutowireCapableBeanFactory.createBean(Ljava/lang/String;Lorg/springframework/beans/factory/support/RootBeanDefinition;[Ljava/lang/Object;)Ljava/lang/Object;+169
j  org.springframework.beans.factory.support.AbstractBeanFactory.lambda$doGetBean$0(Ljava/lang/String;Lorg/springframework/beans/factory/support/RootBeanDefinition;[Ljava/lang/Object;)Ljava/lang/Object;+4
j  org.springframework.beans.factory.support.AbstractBeanFactory$$Lambda$150.getObject()Ljava/lang/Object;+16
j  org.springframework.beans.factory.support.DefaultSingletonBeanRegistry.getSingleton(Ljava/lang/String;Lorg/springframework/beans/factory/ObjectFactory;)Ljava/lang/Object;+132
J 2507 C1 org.springframework.beans.factory.support.AbstractBeanFactory.doGetBean(Ljava/lang/String;Ljava/lang/Class;[Ljava/lang/Object;Z)Ljava/lang/Object; (833 bytes) @ 0x00000000050ca31c [0x00000000050c9e00+0x51c]
j  org.springframework.beans.factory.support.AbstractBeanFactory.getBean(Ljava/lang/String;)Ljava/lang/Object;+5
j  org.springframework.beans.factory.config.DependencyDescriptor.resolveCandidate(Ljava/lang/String;Ljava/lang/Class;Lorg/springframework/beans/factory/BeanFactory;)Ljava/lang/Object;+2
j  org.springframework.beans.factory.support.DefaultListableBeanFactory.doResolveDependency(Lorg/springframework/beans/factory/config/DependencyDescriptor;Ljava/lang/String;Ljava/util/Set;Lorg/springframework/beans/TypeConverter;)Ljava/lang/Object;+440
j  org.springframework.beans.factory.support.DefaultListableBeanFactory.resolveDependency(Lorg/springframework/beans/factory/config/DependencyDescriptor;Ljava/lang/String;Ljava/util/Set;Lorg/springframework/beans/TypeConverter;)Ljava/lang/Object;+108
j  org.springframework.beans.factory.annotation.AutowiredAnnotationBeanPostProcessor$AutowiredFieldElement.inject(Ljava/lang/Object;Ljava/lang/String;Lorg/springframework/beans/PropertyValues;)V+115
j  org.springframework.beans.factory.annotation.InjectionMetadata.inject(Ljava/lang/Object;Ljava/lang/String;Lorg/springframework/beans/PropertyValues;)V+116
j  org.springframework.beans.factory.annotation.AutowiredAnnotationBeanPostProcessor.postProcessProperties(Lorg/springframework/beans/PropertyValues;Ljava/lang/Object;Ljava/lang/String;)Lorg/springframework/beans/PropertyValues;+17
j  org.springframework.beans.factory.support.AbstractAutowireCapableBeanFactory.populateBean(Ljava/lang/String;Lorg/springframework/beans/factory/support/RootBeanDefinition;Lorg/springframework/beans/BeanWrapper;)V+303
j  org.springframework.beans.factory.support.AbstractAutowireCapableBeanFactory.doCreateBean(Ljava/lang/String;Lorg/springframework/beans/factory/support/RootBeanDefinition;[Ljava/lang/Object;)Ljava/lang/Object;+237
j  org.springframework.beans.factory.support.AbstractAutowireCapableBeanFactory.createBean(Ljava/lang/String;Lorg/springframework/beans/factory/support/RootBeanDefinition;[Ljava/lang/Object;)Ljava/lang/Object;+169
j  org.springframework.beans.factory.support.AbstractBeanFactory.lambda$doGetBean$0(Ljava/lang/String;Lorg/springframework/beans/factory/support/RootBeanDefinition;[Ljava/lang/Object;)Ljava/lang/Object;+4
j  org.springframework.beans.factory.support.AbstractBeanFactory$$Lambda$150.getObject()Ljava/lang/Object;+16
j  org.springframework.beans.factory.support.DefaultSingletonBeanRegistry.getSingleton(Ljava/lang/String;Lorg/springframework/beans/factory/ObjectFactory;)Ljava/lang/Object;+132
J 2507 C1 org.springframework.beans.factory.support.AbstractBeanFactory.doGetBean(Ljava/lang/String;Ljava/lang/Class;[Ljava/lang/Object;Z)Ljava/lang/Object; (833 bytes) @ 0x00000000050ca31c [0x00000000050c9e00+0x51c]
j  org.springframework.beans.factory.support.AbstractBeanFactory.getBean(Ljava/lang/String;)Ljava/lang/Object;+5
j  org.springframework.beans.factory.support.DefaultListableBeanFactory.preInstantiateSingletons()V+248
j  org.springframework.context.support.AbstractApplicationContext.finishBeanFactoryInitialization(Lorg/springframework/beans/factory/config/ConfigurableListableBeanFactory;)V+124
j  org.springframework.context.support.AbstractApplicationContext.refresh()V+54
j  org.springframework.boot.web.servlet.context.ServletWebServerApplicationContext.refresh()V+1
j  org.springframework.boot.SpringApplication.refresh(Lorg/springframework/context/ApplicationContext;)V+10
j  org.springframework.boot.SpringApplication.refreshContext(Lorg/springframework/context/ConfigurableApplicationContext;)V+2
j  org.springframework.boot.SpringApplication.run([Ljava/lang/String;)Lorg/springframework/context/ConfigurableApplicationContext;+118
j  org.springframework.boot.SpringApplication.run([Ljava/lang/Class;[Ljava/lang/String;)Lorg/springframework/context/ConfigurableApplicationContext;+9
j  org.springframework.boot.SpringApplication.run(Ljava/lang/Class;[Ljava/lang/String;)Lorg/springframework/context/ConfigurableApplicationContext;+9
j  com.zensar.forx.ForxService1Application.main([Ljava/lang/String;)V+3
v  ~StubRoutines::call_stub
j  sun.reflect.NativeMethodAccessorImpl.invoke0(Ljava/lang/reflect/Method;Ljava/lang/Object;[Ljava/lang/Object;)Ljava/lang/Object;+0
j  sun.reflect.NativeMethodAccessorImpl.invoke(Ljava/lang/Object;[Ljava/lang/Object;)Ljava/lang/Object;+100
j  sun.reflect.DelegatingMethodAccessorImpl.invoke(Ljava/lang/Object;[Ljava/lang/Object;)Ljava/lang/Object;+6
j  java.lang.reflect.Method.invoke(Ljava/lang/Object;[Ljava/lang/Object;)Ljava/lang/Object;+56
j  org.springframework.boot.devtools.restart.RestartLauncher.run()V+41
v  ~StubRoutines::call_stub

---------------  P R O C E S S  ---------------

Java Threads: ( => current thread )
  0x000000001c410000 JavaThread "HikariPool-1 connection adder" daemon [_thread_blocked, id=5212, stack(0x000000001fc00000,0x000000001fd00000)]
  0x000000001c40d800 JavaThread "container-0" [_thread_blocked, id=18904, stack(0x000000001fb00000,0x000000001fc00000)]
  0x000000001c40c800 JavaThread "Catalina-utility-2" [_thread_blocked, id=19324, stack(0x000000001fa00000,0x000000001fb00000)]
  0x000000001c410800 JavaThread "Catalina-utility-1" [_thread_blocked, id=13476, stack(0x000000001f900000,0x000000001fa00000)]
  0x000000001c40b000 JavaThread "HikariPool-1 housekeeper" daemon [_thread_blocked, id=15268, stack(0x000000001f800000,0x000000001f900000)]
  0x000000001c40a800 JavaThread "JMX server connection timeout 24" daemon [_thread_blocked, id=10884, stack(0x000000001dd30000,0x000000001de30000)]
  0x000000001abb7800 JavaThread "RMI TCP Connection(3)-127.0.0.1" daemon [_thread_in_native, id=16032, stack(0x000000001dc30000,0x000000001dd30000)]
=>0x000000001abba800 JavaThread "restartedMain" [_thread_in_vm, id=12664, stack(0x000000001bb60000,0x000000001bc60000)]
  0x000000001abbb800 JavaThread "Thread-2" [_thread_blocked, id=18348, stack(0x000000001ba60000,0x000000001bb60000)]
  0x000000001abb7000 JavaThread "JMX server connection timeout 17" daemon [_thread_blocked, id=6272, stack(0x000000001b960000,0x000000001ba60000)]
  0x000000001abb6000 JavaThread "RMI TCP Connection(2)-127.0.0.1" daemon [_thread_in_native, id=12164, stack(0x000000001b860000,0x000000001b960000)]
  0x000000001abbc000 JavaThread "RMI Scheduler(0)" daemon [_thread_blocked, id=4876, stack(0x000000001b760000,0x000000001b860000)]
  0x000000001abba000 JavaThread "RMI TCP Connection(1)-127.0.0.1" daemon [_thread_in_native, id=8876, stack(0x000000001b460000,0x000000001b560000)]
  0x000000001abbd000 JavaThread "RMI TCP Accept-0" daemon [_thread_in_native, id=6276, stack(0x000000001b120000,0x000000001b220000)]
  0x000000001abb8800 JavaThread "RMI TCP Accept-62506" daemon [_thread_in_native, id=18980, stack(0x000000001b020000,0x000000001b120000)]
  0x000000001abb9000 JavaThread "RMI TCP Accept-0" daemon [_thread_in_native, id=17772, stack(0x000000001af20000,0x000000001b020000)]
  0x0000000019f18800 JavaThread "Service Thread" daemon [_thread_blocked, id=10444, stack(0x000000001a2e0000,0x000000001a3e0000)]
  0x00000000184af800 JavaThread "C1 CompilerThread2" daemon [_thread_blocked, id=14912, stack(0x0000000019de0000,0x0000000019ee0000)]
  0x00000000184aa800 JavaThread "C2 CompilerThread1" daemon [_thread_blocked, id=13300, stack(0x0000000019ce0000,0x0000000019de0000)]
  0x00000000184a8800 JavaThread "C2 CompilerThread0" daemon [_thread_blocked, id=17620, stack(0x0000000019be0000,0x0000000019ce0000)]
  0x00000000184a7000 JavaThread "Attach Listener" daemon [_thread_blocked, id=16344, stack(0x0000000019ae0000,0x0000000019be0000)]
  0x00000000184a5800 JavaThread "Signal Dispatcher" daemon [_thread_blocked, id=11460, stack(0x00000000199e0000,0x0000000019ae0000)]
  0x0000000018490000 JavaThread "Finalizer" daemon [_thread_blocked, id=4076, stack(0x00000000196f0000,0x00000000197f0000)]
  0x0000000004bd7000 JavaThread "Reference Handler" daemon [_thread_blocked, id=5040, stack(0x00000000195f0000,0x00000000196f0000)]
  0x0000000004ae9000 JavaThread "main" [_thread_blocked, id=19400, stack(0x0000000004970000,0x0000000004a70000)]

Other Threads:
  0x0000000018467000 VMThread [stack: 0x00000000194f0000,0x00000000195f0000] [id=6776]
  0x000000001abd6800 WatcherThread [stack: 0x000000001b220000,0x000000001b320000] [id=17616]

VM state:not at safepoint (normal execution)

VM Mutex/Monitor currently owned by a thread: None

Heap:
 PSYoungGen      total 93184K, used 42925K [0x00000000e0700000, 0x00000000e6e00000, 0x0000000100000000)
  eden space 84992K, 50% used [0x00000000e0700000,0x00000000e30eb498,0x00000000e5a00000)
  from space 8192K, 0% used [0x00000000e6600000,0x00000000e6600000,0x00000000e6e00000)
  to   space 10240K, 0% used [0x00000000e5a00000,0x00000000e5a00000,0x00000000e6400000)
 ParOldGen       total 44544K, used 18371K [0x00000000a1400000, 0x00000000a3f80000, 0x00000000e0700000)
  object space 44544K, 41% used [0x00000000a1400000,0x00000000a25f0e18,0x00000000a3f80000)
 Metaspace       used 47642K, capacity 49790K, committed 50176K, reserved 1093632K
  class space    used 6629K, capacity 7059K, committed 7168K, reserved 1048576K

Card table byte_map: [0x0000000013fa0000,0x00000000142a0000] byte_map_base: 0x0000000013a96000

Marking Bits: (ParMarkBitMap*) 0x0000000067e42d00
 Begin Bits: [0x00000000148a0000, 0x0000000016050000)
 End Bits:   [0x0000000016050000, 0x0000000017800000)

Polling page: 0x00000000047f0000

CodeCache: size=245760Kb used=7541Kb max_used=7541Kb free=238218Kb
 bounds [0x0000000004be0000, 0x0000000005340000, 0x0000000013be0000]
 total_blobs=4421 nmethods=3875 adapters=457
 compilation: enabled

Compilation events (10 events):
Event: 7.203 Thread 0x00000000184af800 3871       1       java.lang.invoke.BoundMethodHandle::editor (8 bytes)
Event: 7.203 Thread 0x00000000184af800 nmethod 3871 0x000000000533c110 code [0x000000000533c280, 0x000000000533c428]
Event: 7.203 Thread 0x00000000184af800 3872       1       java.lang.invoke.LambdaForm::editor (5 bytes)
Event: 7.203 Thread 0x00000000184af800 nmethod 3872 0x000000000533c510 code [0x000000000533c680, 0x000000000533c828]
Event: 7.204 Thread 0x00000000184af800 3873       1       java.lang.invoke.SimpleMethodHandle::make (10 bytes)
Event: 7.204 Thread 0x00000000184af800 nmethod 3873 0x000000000533c8d0 code [0x000000000533ca20, 0x000000000533cb88]
Event: 7.204 Thread 0x00000000184af800 3874       1       java.lang.invoke.SimpleMethodHandle::<init> (7 bytes)
Event: 7.204 Thread 0x00000000184af800 nmethod 3874 0x000000000533cc50 code [0x000000000533cda0, 0x000000000533cee8]
Event: 7.204 Thread 0x00000000184af800 3875       1       java.lang.invoke.BoundMethodHandle$Species_L::make (11 bytes)
Event: 7.205 Thread 0x00000000184af800 nmethod 3875 0x000000000533cf90 code [0x000000000533d0e0, 0x000000000533d288]

GC Heap History (10 events):
Event: 5.222 GC heap before
{Heap before GC invocations=14 (full 2):
 PSYoungGen      total 93184K, used 1976K [0x00000000e0700000, 0x00000000e6e00000, 0x0000000100000000)
  eden space 84992K, 0% used [0x00000000e0700000,0x00000000e0700000,0x00000000e5a00000)
  from space 8192K, 24% used [0x00000000e6600000,0x00000000e67ee248,0x00000000e6e00000)
  to   space 10240K, 0% used [0x00000000e5a00000,0x00000000e5a00000,0x00000000e6400000)
 ParOldGen       total 44544K, used 22230K [0x00000000a1400000, 0x00000000a3f80000, 0x00000000e0700000)
  object space 44544K, 49% used [0x00000000a1400000,0x00000000a29b59e0,0x00000000a3f80000)
 Metaspace       used 33597K, capacity 35452K, committed 35496K, reserved 1079296K
  class space    used 4484K, capacity 4851K, committed 4864K, reserved 1048576K
Event: 5.294 GC heap after
Heap after GC invocations=14 (full 2):
 PSYoungGen      total 93184K, used 0K [0x00000000e0700000, 0x00000000e6e00000, 0x0000000100000000)
  eden space 84992K, 0% used [0x00000000e0700000,0x00000000e0700000,0x00000000e5a00000)
  from space 8192K, 0% used [0x00000000e6600000,0x00000000e6600000,0x00000000e6e00000)
  to   space 10240K, 0% used [0x00000000e5a00000,0x00000000e5a00000,0x00000000e6400000)
 ParOldGen       total 44544K, used 17113K [0x00000000a1400000, 0x00000000a3f80000, 0x00000000e0700000)
  object space 44544K, 38% used [0x00000000a1400000,0x00000000a24b6668,0x00000000a3f80000)
 Metaspace       used 33597K, capacity 35452K, committed 35496K, reserved 1079296K
  class space    used 4484K, capacity 4851K, committed 4864K, reserved 1048576K
}
Event: 6.426 GC heap before
{Heap before GC invocations=15 (full 2):
 PSYoungGen      total 93184K, used 70801K [0x00000000e0700000, 0x00000000e6e00000, 0x0000000100000000)
  eden space 84992K, 83% used [0x00000000e0700000,0x00000000e4c246b0,0x00000000e5a00000)
  from space 8192K, 0% used [0x00000000e6600000,0x00000000e6600000,0x00000000e6e00000)
  to   space 10240K, 0% used [0x00000000e5a00000,0x00000000e5a00000,0x00000000e6400000)
 ParOldGen       total 44544K, used 17113K [0x00000000a1400000, 0x00000000a3f80000, 0x00000000e0700000)
  object space 44544K, 38% used [0x00000000a1400000,0x00000000a24b6668,0x00000000a3f80000)
 Metaspace       used 42759K, capacity 44688K, committed 44928K, reserved 1091584K
  class space    used 5831K, capacity 6209K, committed 6272K, reserved 1048576K
Event: 6.435 GC heap after
Heap after GC invocations=15 (full 2):
 PSYoungGen      total 95232K, used 9683K [0x00000000e0700000, 0x00000000e6e00000, 0x0000000100000000)
  eden space 84992K, 0% used [0x00000000e0700000,0x00000000e0700000,0x00000000e5a00000)
  from space 10240K, 94% used [0x00000000e5a00000,0x00000000e6374fe0,0x00000000e6400000)
  to   space 8192K, 0% used [0x00000000e6600000,0x00000000e6600000,0x00000000e6e00000)
 ParOldGen       total 44544K, used 17121K [0x00000000a1400000, 0x00000000a3f80000, 0x00000000e0700000)
  object space 44544K, 38% used [0x00000000a1400000,0x00000000a24b8668,0x00000000a3f80000)
 Metaspace       used 42759K, capacity 44688K, committed 44928K, reserved 1091584K
  class space    used 5831K, capacity 6209K, committed 6272K, reserved 1048576K
}
Event: 6.435 GC heap before
{Heap before GC invocations=16 (full 3):
 PSYoungGen      total 95232K, used 9683K [0x00000000e0700000, 0x00000000e6e00000, 0x0000000100000000)
  eden space 84992K, 0% used [0x00000000e0700000,0x00000000e0700000,0x00000000e5a00000)
  from space 10240K, 94% used [0x00000000e5a00000,0x00000000e6374fe0,0x00000000e6400000)
  to   space 8192K, 0% used [0x00000000e6600000,0x00000000e6600000,0x00000000e6e00000)
 ParOldGen       total 44544K, used 17121K [0x00000000a1400000, 0x00000000a3f80000, 0x00000000e0700000)
  object space 44544K, 38% used [0x00000000a1400000,0x00000000a24b8668,0x00000000a3f80000)
 Metaspace       used 42759K, capacity 44688K, committed 44928K, reserved 1091584K
  class space    used 5831K, capacity 6209K, committed 6272K, reserved 1048576K
Event: 6.618 GC heap after
Heap after GC invocations=16 (full 3):
 PSYoungGen      total 95232K, used 0K [0x00000000e0700000, 0x00000000e6e00000, 0x0000000100000000)
  eden space 84992K, 0% used [0x00000000e0700000,0x00000000e0700000,0x00000000e5a00000)
  from space 10240K, 0% used [0x00000000e5a00000,0x00000000e5a00000,0x00000000e6400000)
  to   space 8192K, 0% used [0x00000000e6600000,0x00000000e6600000,0x00000000e6e00000)
 ParOldGen       total 44544K, used 25014K [0x00000000a1400000, 0x00000000a3f80000, 0x00000000e0700000)
  object space 44544K, 56% used [0x00000000a1400000,0x00000000a2c6db08,0x00000000a3f80000)
 Metaspace       used 42759K, capacity 44688K, committed 44928K, reserved 1089536K
  class space    used 5831K, capacity 6209K, committed 6272K, reserved 1048576K
}
Event: 6.657 GC heap before
{Heap before GC invocations=17 (full 3):
 PSYoungGen      total 95232K, used 3846K [0x00000000e0700000, 0x00000000e6e00000, 0x0000000100000000)
  eden space 84992K, 4% used [0x00000000e0700000,0x00000000e0ac1b50,0x00000000e5a00000)
  from space 10240K, 0% used [0x00000000e5a00000,0x00000000e5a00000,0x00000000e6400000)
  to   space 8192K, 0% used [0x00000000e6600000,0x00000000e6600000,0x00000000e6e00000)
 ParOldGen       total 44544K, used 25014K [0x00000000a1400000, 0x00000000a3f80000, 0x00000000e0700000)
  object space 44544K, 56% used [0x00000000a1400000,0x00000000a2c6db08,0x00000000a3f80000)
 Metaspace       used 43258K, capacity 45176K, committed 45440K, reserved 1095680K
  class space    used 5880K, capacity 6243K, committed 6272K, reserved 1048576K
Event: 6.661 GC heap after
Heap after GC invocations=17 (full 3):
 PSYoungGen      total 93184K, used 351K [0x00000000e0700000, 0x00000000e6e00000, 0x0000000100000000)
  eden space 84992K, 0% used [0x00000000e0700000,0x00000000e0700000,0x00000000e5a00000)
  from space 8192K, 4% used [0x00000000e6600000,0x00000000e6657f10,0x00000000e6e00000)
  to   space 10240K, 0% used [0x00000000e5a00000,0x00000000e5a00000,0x00000000e6400000)
 ParOldGen       total 44544K, used 25014K [0x00000000a1400000, 0x00000000a3f80000, 0x00000000e0700000)
  object space 44544K, 56% used [0x00000000a1400000,0x00000000a2c6db08,0x00000000a3f80000)
 Metaspace       used 43258K, capacity 45176K, committed 45440K, reserved 1095680K
  class space    used 5880K, capacity 6243K, committed 6272K, reserved 1048576K
}
Event: 6.661 GC heap before
{Heap before GC invocations=18 (full 4):
 PSYoungGen      total 93184K, used 351K [0x00000000e0700000, 0x00000000e6e00000, 0x0000000100000000)
  eden space 84992K, 0% used [0x00000000e0700000,0x00000000e0700000,0x00000000e5a00000)
  from space 8192K, 4% used [0x00000000e6600000,0x00000000e6657f10,0x00000000e6e00000)
  to   space 10240K, 0% used [0x00000000e5a00000,0x00000000e5a00000,0x00000000e6400000)
 ParOldGen       total 44544K, used 25014K [0x00000000a1400000, 0x00000000a3f80000, 0x00000000e0700000)
  object space 44544K, 56% used [0x00000000a1400000,0x00000000a2c6db08,0x00000000a3f80000)
 Metaspace       used 43258K, capacity 45176K, committed 45440K, reserved 1095680K
  class space    used 5880K, capacity 6243K, committed 6272K, reserved 1048576K
Event: 6.706 GC heap after
Heap after GC invocations=18 (full 4):
 PSYoungGen      total 93184K, used 0K [0x00000000e0700000, 0x00000000e6e00000, 0x0000000100000000)
  eden space 84992K, 0% used [0x00000000e0700000,0x00000000e0700000,0x00000000e5a00000)
  from space 8192K, 0% used [0x00000000e6600000,0x00000000e6600000,0x00000000e6e00000)
  to   space 10240K, 0% used [0x00000000e5a00000,0x00000000e5a00000,0x00000000e6400000)
 ParOldGen       total 44544K, used 18371K [0x00000000a1400000, 0x00000000a3f80000, 0x00000000e0700000)
  object space 44544K, 41% used [0x00000000a1400000,0x00000000a25f0e18,0x00000000a3f80000)
 Metaspace       used 43258K, capacity 45176K, committed 45440K, reserved 1091584K
  class space    used 5880K, capacity 6243K, committed 6272K, reserved 1048576K
}

Deoptimization events (0 events):
No events

Classes redefined (0 events):
No events

Internal exceptions (10 events):
Event: 7.185 Thread 0x000000001abba800 Exception <a 'java/lang/ArrayIndexOutOfBoundsException'> (0x00000000e2ebfc60) thrown at [C:\re\workspace\8-2-build-windows-amd64-cygwin\jdk8u181\11358\hotspot\src\share\vm\runtime\sharedRuntime.cpp, line 605]
Event: 7.185 Thread 0x000000001abba800 Exception <a 'java/lang/ArrayIndexOutOfBoundsException'> (0x00000000e2ec32b0) thrown at [C:\re\workspace\8-2-build-windows-amd64-cygwin\jdk8u181\11358\hotspot\src\share\vm\runtime\sharedRuntime.cpp, line 605]
Event: 7.185 Thread 0x000000001abba800 Exception <a 'java/lang/ArrayIndexOutOfBoundsException'> (0x00000000e2ec4bb8) thrown at [C:\re\workspace\8-2-build-windows-amd64-cygwin\jdk8u181\11358\hotspot\src\share\vm\runtime\sharedRuntime.cpp, line 605]
Event: 7.185 Thread 0x000000001abba800 Exception <a 'java/lang/ArrayIndexOutOfBoundsException'> (0x00000000e2ec7138) thrown at [C:\re\workspace\8-2-build-windows-amd64-cygwin\jdk8u181\11358\hotspot\src\share\vm\runtime\sharedRuntime.cpp, line 605]
Event: 7.185 Thread 0x000000001abba800 Exception <a 'java/lang/ArrayIndexOutOfBoundsException'> (0x00000000e2ec8da8) thrown at [C:\re\workspace\8-2-build-windows-amd64-cygwin\jdk8u181\11358\hotspot\src\share\vm\runtime\sharedRuntime.cpp, line 605]
Event: 7.185 Thread 0x000000001abba800 Exception <a 'java/lang/ArrayIndexOutOfBoundsException'> (0x00000000e2ecaf00) thrown at [C:\re\workspace\8-2-build-windows-amd64-cygwin\jdk8u181\11358\hotspot\src\share\vm\runtime\sharedRuntime.cpp, line 605]
Event: 7.185 Thread 0x000000001abba800 Exception <a 'java/lang/ArrayIndexOutOfBoundsException'> (0x00000000e2ecbeb8) thrown at [C:\re\workspace\8-2-build-windows-amd64-cygwin\jdk8u181\11358\hotspot\src\share\vm\runtime\sharedRuntime.cpp, line 605]
Event: 7.185 Thread 0x000000001abba800 Exception <a 'java/lang/ArrayIndexOutOfBoundsException'> (0x00000000e2ecd918) thrown at [C:\re\workspace\8-2-build-windows-amd64-cygwin\jdk8u181\11358\hotspot\src\share\vm\runtime\sharedRuntime.cpp, line 605]
Event: 7.185 Thread 0x000000001abba800 Exception <a 'java/lang/ArrayIndexOutOfBoundsException'> (0x00000000e2eced68) thrown at [C:\re\workspace\8-2-build-windows-amd64-cygwin\jdk8u181\11358\hotspot\src\share\vm\runtime\sharedRuntime.cpp, line 605]
Event: 7.204 Thread 0x000000001abba800 Exception <a 'java/lang/NoSuchMethodError': java.lang.Object.lambda$map$1(Ljava/util/function/Function;)Ljava/util/stream/Stream;> (0x00000000e3004dd8) thrown at [C:\re\workspace\8-2-build-windows-amd64-cygwin\jdk8u181\11358\hotspot\src\share\vm\interpret

Events (10 events):
Event: 7.210 loading class org/springframework/orm/jpa/EntityManagerFactoryUtils
Event: 7.210 loading class org/springframework/orm/jpa/EntityManagerFactoryUtils done
Event: 7.210 loading class org/hibernate/internal/SessionImpl
Event: 7.210 loading class org/hibernate/internal/SessionImpl done
Event: 7.213 loading class org/hibernate/event/spi/EventSource
Event: 7.213 loading class org/hibernate/event/spi/EventSource done
Event: 7.216 loading class org/hibernate/internal/AbstractSessionImpl
Event: 7.216 loading class org/hibernate/internal/AbstractSessionImpl done
Event: 7.216 loading class org/hibernate/internal/AbstractSharedSessionContract
Event: 7.216 loading class org/hibernate/internal/AbstractSharedSessionContract done


Dynamic libraries:
0x00007ff760e40000 - 0x00007ff760e77000 	C:\Program Files\Java\jdk1.8.0_181\bin\javaw.exe
0x00007ff9a1620000 - 0x00007ff9a1800000 	C:\Windows\SYSTEM32\ntdll.dll
0x00007ff99fee0000 - 0x00007ff99ff8e000 	C:\Windows\System32\KERNEL32.DLL
0x00007ff99dd60000 - 0x00007ff99dfc6000 	C:\Windows\System32\KERNELBASE.dll
0x00007ff99ebf0000 - 0x00007ff99ec91000 	C:\Windows\System32\ADVAPI32.dll
0x00007ff99fe40000 - 0x00007ff99fedd000 	C:\Windows\System32\msvcrt.dll
0x00007ff99f180000 - 0x00007ff99f1db000 	C:\Windows\System32\sechost.dll
0x00007ff99f330000 - 0x00007ff99f44f000 	C:\Windows\System32\RPCRT4.dll
0x00007ff99f580000 - 0x00007ff99f70f000 	C:\Windows\System32\USER32.dll
0x00007ff99db70000 - 0x00007ff99db90000 	C:\Windows\System32\win32u.dll
0x00007ff99eaf0000 - 0x00007ff99eb18000 	C:\Windows\System32\GDI32.dll
0x00007ff99e1a0000 - 0x00007ff99e333000 	C:\Windows\System32\gdi32full.dll
0x00007ff99e050000 - 0x00007ff99e0eb000 	C:\Windows\System32\msvcp_win.dll
0x00007ff99da70000 - 0x00007ff99db65000 	C:\Windows\System32\ucrtbase.dll
0x00007ff992630000 - 0x00007ff992899000 	C:\Windows\WinSxS\amd64_microsoft.windows.common-controls_6595b64144ccf1df_6.0.16299.847_none_15cddd1e93602b6a\COMCTL32.dll
0x00007ff99fb30000 - 0x00007ff99fe36000 	C:\Windows\System32\combase.dll
0x00007ff99dfd0000 - 0x00007ff99e042000 	C:\Windows\System32\bcryptPrimitives.dll
0x00007ff99eca0000 - 0x00007ff99eccd000 	C:\Windows\System32\IMM32.DLL
0x00007ff94f720000 - 0x00007ff94f7d2000 	C:\Program Files\McAfee\Endpoint Security\Threat Prevention\Ips\EpMPApi.dll
0x00007ff99ea90000 - 0x00007ff99eae8000 	C:\Windows\System32\WINTRUST.dll
0x00007ff99d9e0000 - 0x00007ff99d9f2000 	C:\Windows\System32\MSASN1.dll
0x00007ff99db90000 - 0x00007ff99dd5e000 	C:\Windows\System32\CRYPT32.dll
0x0000000068f80000 - 0x0000000068f8c000 	C:\Program Files\McAfee\Endpoint Security\Threat Prevention\Ips\EpMPThe.dll
0x00000000674f0000 - 0x00000000675c2000 	C:\Program Files\Java\jdk1.8.0_181\jre\bin\msvcr100.dll
0x0000000067620000 - 0x0000000067ec2000 	C:\Program Files\Java\jdk1.8.0_181\jre\bin\server\jvm.dll
0x00007ff99fb20000 - 0x00007ff99fb28000 	C:\Windows\System32\PSAPI.DLL
0x00007ff99bd00000 - 0x00007ff99bd23000 	C:\Windows\SYSTEM32\WINMM.dll
0x00007ff991d90000 - 0x00007ff991d9a000 	C:\Windows\SYSTEM32\VERSION.dll
0x00007ff978410000 - 0x00007ff978419000 	C:\Windows\SYSTEM32\WSOCK32.dll
0x00007ff9a00a0000 - 0x00007ff9a010c000 	C:\Windows\System32\WS2_32.dll
0x00007ff99bca0000 - 0x00007ff99bcca000 	C:\Windows\SYSTEM32\WINMMBASE.dll
0x00007ff99da20000 - 0x00007ff99da6a000 	C:\Windows\System32\cfgmgr32.dll
0x0000000068480000 - 0x000000006848f000 	C:\Program Files\Java\jdk1.8.0_181\jre\bin\verify.dll
0x0000000068290000 - 0x00000000682b9000 	C:\Program Files\Java\jdk1.8.0_181\jre\bin\java.dll
0x0000000068120000 - 0x0000000068136000 	C:\Program Files\Java\jdk1.8.0_181\jre\bin\zip.dll
0x00007ff9a01b0000 - 0x00007ff9a15e8000 	C:\Windows\System32\SHELL32.dll
0x00007ff99f4d0000 - 0x00007ff99f576000 	C:\Windows\System32\shcore.dll
0x00007ff99e340000 - 0x00007ff99ea87000 	C:\Windows\System32\windows.storage.dll
0x00007ff99f880000 - 0x00007ff99f8d1000 	C:\Windows\System32\shlwapi.dll
0x00007ff99da00000 - 0x00007ff99da11000 	C:\Windows\System32\kernel.appcore.dll
0x00007ff99d970000 - 0x00007ff99d9bc000 	C:\Windows\System32\powrprof.dll
0x00007ff99d9c0000 - 0x00007ff99d9db000 	C:\Windows\System32\profapi.dll
0x00000000675d0000 - 0x00000000675dd000 	C:\Program Files\Java\jdk1.8.0_181\jre\bin\management.dll
0x0000000067600000 - 0x000000006761a000 	C:\Program Files\Java\jdk1.8.0_181\jre\bin\net.dll
0x00007ff99d200000 - 0x00007ff99d266000 	C:\Windows\system32\mswsock.dll
0x00000000675e0000 - 0x00000000675f1000 	C:\Program Files\Java\jdk1.8.0_181\jre\bin\nio.dll
0x00007ff991690000 - 0x00007ff9916a6000 	C:\Windows\system32\napinsp.dll
0x00007ff9916b0000 - 0x00007ff9916ca000 	C:\Windows\system32\pnrpnsp.dll
0x00007ff99a470000 - 0x00007ff99a488000 	C:\Windows\system32\NLAapi.dll
0x00007ff99cfd0000 - 0x00007ff99d086000 	C:\Windows\SYSTEM32\DNSAPI.dll
0x00007ff99f8e0000 - 0x00007ff99f8e8000 	C:\Windows\System32\NSI.dll
0x00007ff99cf90000 - 0x00007ff99cfc9000 	C:\Windows\SYSTEM32\IPHLPAPI.DLL
0x00007ff9916d0000 - 0x00007ff9916de000 	C:\Windows\System32\winrnr.dll
0x00007ff998470000 - 0x00007ff99847a000 	C:\Windows\System32\rasadhlp.dll
0x00007ff9988e0000 - 0x00007ff998950000 	C:\Windows\System32\fwpuclnt.dll
0x00007ff99d4d0000 - 0x00007ff99d4f5000 	C:\Windows\SYSTEM32\bcrypt.dll
0x00007ff99d3c0000 - 0x00007ff99d3d7000 	C:\Windows\SYSTEM32\CRYPTSP.dll
0x00007ff99ce00000 - 0x00007ff99ce33000 	C:\Windows\system32\rsaenh.dll
0x00007ff99d8a0000 - 0x00007ff99d8c9000 	C:\Windows\SYSTEM32\USERENV.dll
0x00007ff99d3e0000 - 0x00007ff99d3eb000 	C:\Windows\SYSTEM32\CRYPTBASE.dll
0x00007ff998bd0000 - 0x00007ff998be6000 	C:\Windows\SYSTEM32\dhcpcsvc6.DLL
0x00007ff998bb0000 - 0x00007ff998bca000 	C:\Windows\SYSTEM32\dhcpcsvc.DLL

VM Arguments:
jvm_args: -Dcom.sun.management.jmxremote -Dcom.sun.management.jmxremote.port=62506 -Dcom.sun.management.jmxremote.authenticate=false -Dcom.sun.management.jmxremote.ssl=false -Djava.rmi.server.hostname=localhost -Dspring.jmx.enabled=true -Dspring.application.admin.enabled=true -Xverify:none -XX:TieredStopAtLevel=1 -Dfile.encoding=UTF-8 
java_command: com.zensar.forx.ForxService1Application --spring.output.ansi.enabled=always
java_class_path (initial): D:\SUSMITA\AdvancedJava\microService\Forx-Service1\target\classes;C:\Users\TRG\.m2\repository\org\springframework\boot\spring-boot-starter-data-jpa\2.2.0.RELEASE\spring-boot-starter-data-jpa-2.2.0.RELEASE.jar;C:\Users\TRG\.m2\repository\org\springframework\boot\spring-boot-starter-aop\2.2.0.RELEASE\spring-boot-starter-aop-2.2.0.RELEASE.jar;C:\Users\TRG\.m2\repository\org\springframework\spring-aop\5.2.0.RELEASE\spring-aop-5.2.0.RELEASE.jar;C:\Users\TRG\.m2\repository\org\aspectj\aspectjweaver\1.9.4\aspectjweaver-1.9.4.jar;C:\Users\TRG\.m2\repository\org\springframework\boot\spring-boot-starter-jdbc\2.2.0.RELEASE\spring-boot-starter-jdbc-2.2.0.RELEASE.jar;C:\Users\TRG\.m2\repository\com\zaxxer\HikariCP\3.4.1\HikariCP-3.4.1.jar;C:\Users\TRG\.m2\repository\org\springframework\spring-jdbc\5.2.0.RELEASE\spring-jdbc-5.2.0.RELEASE.jar;C:\Users\TRG\.m2\repository\jakarta\activation\jakarta.activation-api\1.2.1\jakarta.activation-api-1.2.1.jar;C:\Users\TRG\.m2\repository\jakarta\persistence\jakarta.persistence-api\2.2.3\jakarta.persistence-api-2.2.3.jar;C:\Users\TRG\.m2\repository\jakarta\transaction\jakarta.transaction-api\1.3.3\jakarta.transaction-api-1.3.3.jar;C:\Users\TRG\.m2\repository\org\hibernate\hibernate-core\5.4.6.Final\hibernate-core-5.4.6.Final.jar;C:\Users\TRG\.m2\repository\org\jboss\logging\jboss-logging\3.4.1.Final\jboss-logging-3.4.1.Final.jar;C:\Users\TRG\.m2\repository\org\javassist\javassist\3.24.0-GA\javassist-3.24.0-GA.jar;C:\Users\TRG\.m2\repository\net\bytebuddy\byte-buddy\1.10.1\byte-buddy-1.10.1.jar;C:\Users\TRG\.m2\repository\antlr\antlr\2.7.7\antlr-2.7.7.jar;C:\Users\TRG\.m2\repository\org\jboss\jandex\2.0.5.Final\jandex-2.0.5.Final.jar;C:\Users\TRG\.m2\repository\com\fasterxml\classmate\1.5.0\classmate-1.5.0.jar;C:\Users\TRG\.m2\repository\org\dom4j\dom4j\2.1.1\dom4j-2.1.1.jar;C:\Users\TRG\.m2\repository\org\hibernate\common\hibernate-commons-annotations\5.1.0.Final\hibernate-commons-annotations-5.1.0.Final.jar;C:\Us
Launcher Type: SUN_STANDARD

Environment Variables:
JAVA_HOME=C:\Program Files\Java\jdk1.8.0_181
PATH=C:/Program Files/Java/jdk1.8.0_181/bin/../jre/bin/server;C:/Program Files/Java/jdk1.8.0_181/bin/../jre/bin;C:/Program Files/Java/jdk1.8.0_181/bin/../jre/lib/amd64;C:\Program Files\Java\jdk1.8.0_181\bin;C:\orant\bin;D:\ORACLEXE\app\oracle\product\10.2.0\server\bin;D:\app\TRG\product\11.2.0\dbhome_3\bin;D:\app\TRG\product\11.2.0\dbhome_2\bin;D:\app\TRG\product\11.2.0\dbhome_1\bin;C:\ProgramData\Oracle\Java\javapath;C:\Windows\system32;C:\Windows;C:\Windows\System32\Wbem;C:\Windows\System32\WindowsPowerShell\v1.0\;C:\Program Files\PuTTY\;C:\Program Files\Microsoft VS Code\bin;C:\Program Files\Java\jdk-9.0.4\bin;C:\orant\jdk\bin;C:\Program Files (x86)\Brackets\command;C:\Program Files\Microsoft SQL Server\120\DTS\Binn\;C:\Program Files\Microsoft SQL Server\Client SDK\ODBC\110\Tools\Binn\;C:\Program Files (x86)\Microsoft SQL Server\120\Tools\Binn\;C:\Program Files\Microsoft SQL Server\120\Tools\Binn\;C:\Program Files (x86)\Microsoft SQL Server\120\Tools\Binn\ManagementStudio\;C:\Program Files (x86)\Microsoft SQL Server\120\DTS\Binn\;C:\Program Files\dotnet\;C:\Program Files\Microsoft SQL Server\130\Tools\Binn\;C:\Program Files\Git\cmd;D:\SUSMITA\AdvancedJava\AD_javaSoft\apache-maven-3.6.2-bin\apache-maven-3.6.2\bin;D:\SUSMITA\AdvancedJava\AD_javaSoft\gradle-5.6.2-bin\gradle-5.6.2\bin;C:\Program Files\nodejs\;C:\Users\TRG\AppData\Roaming\npm;C:\Users\TRG\AppData\Local\Microsoft\WindowsApps;C:\Program Files\Java\jdk-9.0.4\bin;C:\Program Files\Java\jdk1.8.0_181\bin;C:\Users\TRG\AppData\Roaming\npm;D:\SUSMITA\AdvancedJava\AD_javaSoft\spring-tool-suite-4-4.4.0.RELEASE-e4.13.0-win32.win32.x86_64\sts-4.4.0.RELEASE;
USERNAME=TRG
OS=Windows_NT
PROCESSOR_IDENTIFIER=Intel64 Family 6 Model 60 Stepping 3, GenuineIntel



---------------  S Y S T E M  ---------------

OS: Windows 10.0 , 64 bit Build 16299 (10.0.16299.431)

CPU:total 4 (initial active 4) (2 cores per cpu, 2 threads per core) family 6 model 60 stepping 3, cmov, cx8, fxsr, mmx, sse, sse2, sse3, ssse3, sse4.1, sse4.2, popcnt, avx, avx2, aes, clmul, erms, lzcnt, ht, tsc, tscinvbit, bmi1, bmi2

Memory: 4k page, physical 6208032k(511908k free), swap 12401184k(3304k free)

vm_info: Java HotSpot(TM) 64-Bit Server VM (25.181-b13) for windows-amd64 JRE (1.8.0_181-b13), built on Jul  7 2018 04:01:33 by "java_re" with MS VC++ 10.0 (VS2010)

time: Tue Oct 22 12:50:10 2019
elapsed time: 7 seconds (0d 0h 0m 7s)

