#
# There is insufficient memory for the Java Runtime Environment to continue.
# Native memory allocation (malloc) failed to allocate 32744 bytes for ChunkPool::allocate
# Possible reasons:
#   The system is out of physical RAM or swap space
#   In 32 bit mode, the process size limit was hit
# Possible solutions:
#   Reduce memory load on the system
#   Increase physical memory or swap space
#   Check if swap backing store is full
#   Use 64 bit Java on a 64 bit OS
#   Decrease Java heap size (-Xmx/-Xms)
#   Decrease number of Java threads
#   Decrease Java thread stack sizes (-Xss)
#   Set larger code cache with -XX:ReservedCodeCacheSize=
# This output file may be truncated or incomplete.
#
#  Out of Memory Error (allocation.cpp:273), pid=17056, tid=0x0000000000004b98
#
# JRE version: Java(TM) SE Runtime Environment (8.0_181-b13) (build 1.8.0_181-b13)
# Java VM: Java HotSpot(TM) 64-Bit Server VM (25.181-b13 mixed mode windows-amd64 compressed oops)
# Failed to write core dump. Minidumps are not enabled by default on client versions of Windows
#

---------------  T H R E A D  ---------------

Current thread (0x000000001afe0800):  JavaThread "restartedMain" [_thread_in_vm, id=19352, stack(0x000000001c220000,0x000000001c320000)]

Stack: [0x000000001c220000,0x000000001c320000]
[error occurred during error reporting (printing stack bounds), id 0xc0000005]

Native frames: (J=compiled Java code, j=interpreted, Vv=VM code, C=native code)

Java frames: (J=compiled Java code, j=interpreted, Vv=VM code)
j  java.lang.reflect.Proxy.defineClass0(Ljava/lang/ClassLoader;Ljava/lang/String;[BII)Ljava/lang/Class;+0
j  java.lang.reflect.Proxy.access$300(Ljava/lang/ClassLoader;Ljava/lang/String;[BII)Ljava/lang/Class;+6
j  java.lang.reflect.Proxy$ProxyClassFactory.apply(Ljava/lang/ClassLoader;[Ljava/lang/Class;)Ljava/lang/Class;+371
j  java.lang.reflect.Proxy$ProxyClassFactory.apply(Ljava/lang/Object;Ljava/lang/Object;)Ljava/lang/Object;+9
j  java.lang.reflect.WeakCache$Factory.get()Ljava/lang/Object;+41
j  java.lang.reflect.WeakCache.get(Ljava/lang/Object;Ljava/lang/Object;)Ljava/lang/Object;+112
j  java.lang.reflect.Proxy.getProxyClass0(Ljava/lang/ClassLoader;[Ljava/lang/Class;)Ljava/lang/Class;+22
j  java.lang.reflect.Proxy.newProxyInstance(Ljava/lang/ClassLoader;[Ljava/lang/Class;Ljava/lang/reflect/InvocationHandler;)Ljava/lang/Object;+33
j  sun.reflect.annotation.AnnotationParser$1.run()Ljava/lang/annotation/Annotation;+33
j  sun.reflect.annotation.AnnotationParser$1.run()Ljava/lang/Object;+1
v  ~StubRoutines::call_stub
J 1158  java.security.AccessController.doPrivileged(Ljava/security/PrivilegedAction;)Ljava/lang/Object; (0 bytes) @ 0x00000000052de392 [0x00000000052de340+0x52]
j  sun.reflect.annotation.AnnotationParser.annotationForMap(Ljava/lang/Class;Ljava/util/Map;)Ljava/lang/annotation/Annotation;+9
j  sun.reflect.annotation.AnnotationParser.parseAnnotation2(Ljava/nio/ByteBuffer;Lsun/reflect/ConstantPool;Ljava/lang/Class;Z[Ljava/lang/Class;)Ljava/lang/annotation/Annotation;+280
j  sun.reflect.annotation.AnnotationParser.parseAnnotations2([BLsun/reflect/ConstantPool;Ljava/lang/Class;[Ljava/lang/Class;)Ljava/util/Map;+41
J 1308 C1 sun.reflect.annotation.AnnotationParser.parseAnnotations([BLsun/reflect/ConstantPool;Ljava/lang/Class;)Ljava/util/Map; (37 bytes) @ 0x0000000005335db4 [0x0000000005335cc0+0xf4]
J 1314 C1 java.lang.Class.createAnnotationData(I)Ljava/lang/Class$AnnotationData; (192 bytes) @ 0x0000000005336f7c [0x0000000005336da0+0x1dc]
J 1258 C1 java.lang.Class.annotationData()Ljava/lang/Class$AnnotationData; (44 bytes) @ 0x000000000531602c [0x0000000005315f20+0x10c]
J 1976 C1 java.lang.Class.getDeclaredAnnotations()[Ljava/lang/annotation/Annotation; (11 bytes) @ 0x000000000551befc [0x000000000551be80+0x7c]
J 1760 C1 org.springframework.core.annotation.AnnotationsScanner.getDeclaredAnnotations(Ljava/lang/reflect/AnnotatedElement;Z)[Ljava/lang/annotation/Annotation; (166 bytes) @ 0x000000000549040c [0x0000000005490180+0x28c]
j  org.springframework.core.annotation.AnnotationTypeMappings.addMetaAnnotationsToQueue(Ljava/util/Deque;Lorg/springframework/core/annotation/AnnotationTypeMapping;)V+5
j  org.springframework.core.annotation.AnnotationTypeMappings.addAllMappings(Ljava/lang/Class;)V+49
j  org.springframework.core.annotation.AnnotationTypeMappings.<init>(Lorg/springframework/core/annotation/AnnotationFilter;Ljava/lang/Class;)V+22
j  org.springframework.core.annotation.AnnotationTypeMappings.<init>(Lorg/springframework/core/annotation/AnnotationFilter;Ljava/lang/Class;Lorg/springframework/core/annotation/AnnotationTypeMappings$1;)V+3
j  org.springframework.core.annotation.AnnotationTypeMappings$Cache.createMappings(Ljava/lang/Class;)Lorg/springframework/core/annotation/AnnotationTypeMappings;+10
j  org.springframework.core.annotation.AnnotationTypeMappings$Cache$$Lambda$10.apply(Ljava/lang/Object;)Ljava/lang/Object;+8
J 1797 C1 java.util.concurrent.ConcurrentMap.computeIfAbsent(Ljava/lang/Object;Ljava/util/function/Function;)Ljava/lang/Object; (51 bytes) @ 0x00000000054a9a4c [0x00000000054a97c0+0x28c]
J 2070 C1 org.springframework.core.annotation.AnnotationTypeMappings.forAnnotationType(Ljava/lang/Class;Lorg/springframework/core/annotation/AnnotationFilter;)Lorg/springframework/core/annotation/AnnotationTypeMappings; (22 bytes) @ 0x00000000055726ec [0x0000000005571f80+0x76c]
j  org.springframework.core.annotation.AnnotationTypeMappings.forAnnotationType(Ljava/lang/Class;)Lorg/springframework/core/annotation/AnnotationTypeMappings;+4
j  org.springframework.core.annotation.TypeMappedAnnotations$IsPresent.doWithAnnotations(Ljava/lang/Object;ILjava/lang/Object;[Ljava/lang/annotation/Annotation;)Ljava/lang/Boolean;+125
j  org.springframework.core.annotation.TypeMappedAnnotations$IsPresent.doWithAnnotations(Ljava/lang/Object;ILjava/lang/Object;[Ljava/lang/annotation/Annotation;)Ljava/lang/Object;+6
J 1970 C1 org.springframework.core.annotation.AnnotationsScanner.processClassHierarchy(Ljava/lang/Object;[ILjava/lang/Class;Lorg/springframework/core/annotation/AnnotationsProcessor;Ljava/util/function/BiPredicate;ZZ)Ljava/lang/Object; (214 bytes) @ 0x0000000005517e74 [0x0000000005517820+0x654]
j  org.springframework.core.annotation.AnnotationsScanner.processClassHierarchy(Ljava/lang/Object;Ljava/lang/Class;Lorg/springframework/core/annotation/AnnotationsProcessor;Ljava/util/function/BiPredicate;ZZ)Ljava/lang/Object;+19
j  org.springframework.core.annotation.AnnotationsScanner.processClass(Ljava/lang/Object;Ljava/lang/Class;Lorg/springframework/core/annotation/MergedAnnotations$SearchStrategy;Lorg/springframework/core/annotation/AnnotationsProcessor;Ljava/util/function/BiPredicate;)Ljava/lang/Object;+81
j  org.springframework.core.annotation.AnnotationsScanner.process(Ljava/lang/Object;Ljava/lang/reflect/AnnotatedElement;Lorg/springframework/core/annotation/MergedAnnotations$SearchStrategy;Lorg/springframework/core/annotation/AnnotationsProcessor;Ljava/util/function/BiPredicate;)Ljava/lang/Object;+16
J 2112 C1 org.springframework.core.annotation.AnnotationsScanner.scan(Ljava/lang/Object;Ljava/lang/reflect/AnnotatedElement;Lorg/springframework/core/annotation/MergedAnnotations$SearchStrategy;Lorg/springframework/core/annotation/AnnotationsProcessor;)Ljava/lang/Object; (9 bytes) @ 0x000000000558e7b4 [0x000000000558e700+0xb4]
j  org.springframework.core.annotation.TypeMappedAnnotations.scan(Ljava/lang/Object;Lorg/springframework/core/annotation/AnnotationsProcessor;)Ljava/lang/Object;+56
j  org.springframework.core.annotation.TypeMappedAnnotations.isPresent(Ljava/lang/Class;)Z+32
j  org.springframework.boot.BeanDefinitionLoader.isComponent(Ljava/lang/Class;)Z+9
j  org.springframework.boot.BeanDefinitionLoader.load(Ljava/lang/Class;)I+34
j  org.springframework.boot.BeanDefinitionLoader.load(Ljava/lang/Object;)I+18
j  org.springframework.boot.BeanDefinitionLoader.load()I+29
j  org.springframework.boot.SpringApplication.load(Lorg/springframework/context/ApplicationContext;[Ljava/lang/Object;)V+98
j  org.springframework.boot.SpringApplication.prepareContext(Lorg/springframework/context/ConfigurableApplicationContext;Lorg/springframework/core/env/ConfigurableEnvironment;Lorg/springframework/boot/SpringApplicationRunListeners;Lorg/springframework/boot/ApplicationArguments;Lorg/springframework/boot/Banner;)V+153
j  org.springframework.boot.SpringApplication.run([Ljava/lang/String;)Lorg/springframework/context/ConfigurableApplicationContext;+113
j  org.springframework.boot.SpringApplication.run([Ljava/lang/Class;[Ljava/lang/String;)Lorg/springframework/context/ConfigurableApplicationContext;+9
j  org.springframework.boot.SpringApplication.run(Ljava/lang/Class;[Ljava/lang/String;)Lorg/springframework/context/ConfigurableApplicationContext;+9
j  com.zensar.forx.ForxService1Application.main([Ljava/lang/String;)V+3
v  ~StubRoutines::call_stub
j  sun.reflect.NativeMethodAccessorImpl.invoke0(Ljava/lang/reflect/Method;Ljava/lang/Object;[Ljava/lang/Object;)Ljava/lang/Object;+0
j  sun.reflect.NativeMethodAccessorImpl.invoke(Ljava/lang/Object;[Ljava/lang/Object;)Ljava/lang/Object;+100
j  sun.reflect.DelegatingMethodAccessorImpl.invoke(Ljava/lang/Object;[Ljava/lang/Object;)Ljava/lang/Object;+6
j  java.lang.reflect.Method.invoke(Ljava/lang/Object;[Ljava/lang/Object;)Ljava/lang/Object;+56
j  org.springframework.boot.devtools.restart.RestartLauncher.run()V+41
v  ~StubRoutines::call_stub

---------------  P R O C E S S  ---------------

Java Threads: ( => current thread )
  0x000000001af20000 JavaThread "JMX server connection timeout 19" daemon [_thread_blocked, id=11456, stack(0x000000001e950000,0x000000001ea50000)]
  0x000000001af21000 JavaThread "RMI Scheduler(0)" daemon [_thread_blocked, id=16652, stack(0x000000001e650000,0x000000001e750000)]
  0x000000001af23000 JavaThread "RMI TCP Connection(1)-10.42.22.25" daemon [_thread_in_native, id=11228, stack(0x000000001e550000,0x000000001e650000)]
  0x000000001af22800 JavaThread "RMI TCP Accept-0" daemon [_thread_in_native, id=14380, stack(0x000000001d280000,0x000000001d380000)]
=>0x000000001afe0800 JavaThread "restartedMain" [_thread_in_vm, id=19352, stack(0x000000001c220000,0x000000001c320000)]
  0x000000001adb4800 JavaThread "Thread-0" [_thread_blocked, id=8492, stack(0x000000001c120000,0x000000001c220000)]
  0x000000001a027000 JavaThread "Service Thread" daemon [_thread_blocked, id=17268, stack(0x000000001a610000,0x000000001a710000)]
  0x000000001880d800 JavaThread "C1 CompilerThread2" daemon [_thread_in_native, id=13048, stack(0x000000001a510000,0x000000001a610000)]
  0x000000001880c800 JavaThread "C2 CompilerThread1" daemon [_thread_in_native, id=14168, stack(0x000000001a410000,0x000000001a510000)]
  0x00000000187b8000 JavaThread "C2 CompilerThread0" daemon [_thread_in_native, id=8380, stack(0x0000000019f10000,0x000000001a010000)]
  0x00000000187b6000 JavaThread "Attach Listener" daemon [_thread_blocked, id=10844, stack(0x0000000019e10000,0x0000000019f10000)]
  0x00000000187b5000 JavaThread "Signal Dispatcher" daemon [_thread_blocked, id=5708, stack(0x0000000019d10000,0x0000000019e10000)]
  0x00000000187a0000 JavaThread "Finalizer" daemon [_thread_blocked, id=18052, stack(0x0000000019a20000,0x0000000019b20000)]
  0x0000000018779000 JavaThread "Reference Handler" daemon [_thread_blocked, id=16748, stack(0x0000000019920000,0x0000000019a20000)]
  0x0000000004df8000 JavaThread "main" [_thread_blocked, id=4472, stack(0x0000000004c00000,0x0000000004d00000)]

Other Threads:
  0x0000000018778000 VMThread [stack: 0x0000000019820000,0x0000000019920000] [id=10312]
  0x000000001a08a800 WatcherThread [stack: 0x000000001a710000,0x000000001a810000] [id=15940]

VM state:not at safepoint (normal execution)

VM Mutex/Monitor currently owned by a thread: None

Heap:
 PSYoungGen      total 108544K, used 53972K [0x00000000e0700000, 0x00000000e7b00000, 0x0000000100000000)
  eden space 98304K, 54% used [0x00000000e0700000,0x00000000e3bb5378,0x00000000e6700000)
  from space 10240K, 0% used [0x00000000e7100000,0x00000000e7100000,0x00000000e7b00000)
  to   space 10240K, 0% used [0x00000000e6700000,0x00000000e6700000,0x00000000e7100000)
 ParOldGen       total 39424K, used 7077K [0x00000000a1400000, 0x00000000a3a80000, 0x00000000e0700000)
  object space 39424K, 17% used [0x00000000a1400000,0x00000000a1ae9530,0x00000000a3a80000)
 Metaspace       used 25745K, capacity 26658K, committed 26928K, reserved 1073152K
  class space    used 3366K, capacity 3581K, committed 3632K, reserved 1048576K

Card table byte_map: [0x00000000142b0000,0x00000000145b0000] byte_map_base: 0x0000000013da6000

Marking Bits: (ParMarkBitMap*) 0x0000000067e42d00
 Begin Bits: [0x0000000014bb0000, 0x0000000016360000)
 End Bits:   [0x0000000016360000, 0x0000000017b10000)

Polling page: 0x0000000002c70000

CodeCache: size=245760Kb used=7098Kb max_used=7098Kb free=238661Kb
 bounds [0x0000000004ef0000, 0x00000000055f0000, 0x0000000013ef0000]
 total_blobs=2634 nmethods=2227 adapters=318
 compilation: enabled

Compilation events (10 events):
Event: 4.087 Thread 0x000000001880d800 nmethod 2228 0x00000000055dab10 code [0x00000000055dad60, 0x00000000055dbbc8]
Event: 4.094 Thread 0x000000001880d800 2229       3       java.lang.reflect.Method::getDefaultValue (81 bytes)
Event: 4.096 Thread 0x000000001880d800 nmethod 2229 0x00000000055dc550 code [0x00000000055dc800, 0x00000000055ddba8]
Event: 4.096 Thread 0x000000001880d800 2231       3       sun.misc.ProxyGenerator::access$1700 (7 bytes)
Event: 4.096 Thread 0x000000001880d800 nmethod 2231 0x00000000055de550 code [0x00000000055de6c0, 0x00000000055de828]
Event: 4.096 Thread 0x000000001880d800 2232       3       sun.misc.ProxyGenerator::codeClassForName (41 bytes)
Event: 4.097 Thread 0x000000001880d800 nmethod 2232 0x00000000055de910 code [0x00000000055dec60, 0x00000000055e0358]
Event: 4.104 Thread 0x000000001880d800 2233       3       sun.misc.ProxyGenerator::access$408 (12 bytes)
Event: 4.104 Thread 0x000000001880d800 nmethod 2233 0x00000000055e14d0 code [0x00000000055e1620, 0x00000000055e1770]
Event: 4.104 Thread 0x000000001880d800 2234       3       sun.misc.ProxyGenerator::checkReturnTypes (295 bytes)

GC Heap History (10 events):
Event: 2.062 GC heap before
{Heap before GC invocations=3 (full 0):
 PSYoungGen      total 28672K, used 26636K [0x00000000e0700000, 0x00000000e3f00000, 0x0000000100000000)
  eden space 24576K, 100% used [0x00000000e0700000,0x00000000e1f00000,0x00000000e1f00000)
  from space 4096K, 50% used [0x00000000e2300000,0x00000000e2503000,0x00000000e2700000)
  to   space 4096K, 0% used [0x00000000e1f00000,0x00000000e1f00000,0x00000000e2300000)
 ParOldGen       total 65536K, used 24K [0x00000000a1400000, 0x00000000a5400000, 0x00000000e0700000)
  object space 65536K, 0% used [0x00000000a1400000,0x00000000a1406000,0x00000000a5400000)
 Metaspace       used 7437K, capacity 7564K, committed 7680K, reserved 1056768K
  class space    used 853K, capacity 910K, committed 1024K, reserved 1048576K
Event: 2.072 GC heap after
Heap after GC invocations=3 (full 0):
 PSYoungGen      total 28672K, used 4081K [0x00000000e0700000, 0x00000000e3f00000, 0x0000000100000000)
  eden space 24576K, 0% used [0x00000000e0700000,0x00000000e0700000,0x00000000e1f00000)
  from space 4096K, 99% used [0x00000000e1f00000,0x00000000e22fc4d8,0x00000000e2300000)
  to   space 4096K, 0% used [0x00000000e3b00000,0x00000000e3b00000,0x00000000e3f00000)
 ParOldGen       total 65536K, used 1705K [0x00000000a1400000, 0x00000000a5400000, 0x00000000e0700000)
  object space 65536K, 2% used [0x00000000a1400000,0x00000000a15aa550,0x00000000a5400000)
 Metaspace       used 7437K, capacity 7564K, committed 7680K, reserved 1056768K
  class space    used 853K, capacity 910K, committed 1024K, reserved 1048576K
}
Event: 2.388 GC heap before
{Heap before GC invocations=4 (full 0):
 PSYoungGen      total 28672K, used 28657K [0x00000000e0700000, 0x00000000e3f00000, 0x0000000100000000)
  eden space 24576K, 100% used [0x00000000e0700000,0x00000000e1f00000,0x00000000e1f00000)
  from space 4096K, 99% used [0x00000000e1f00000,0x00000000e22fc4d8,0x00000000e2300000)
  to   space 4096K, 0% used [0x00000000e3b00000,0x00000000e3b00000,0x00000000e3f00000)
 ParOldGen       total 65536K, used 1705K [0x00000000a1400000, 0x00000000a5400000, 0x00000000e0700000)
  object space 65536K, 2% used [0x00000000a1400000,0x00000000a15aa550,0x00000000a5400000)
 Metaspace       used 11144K, capacity 11398K, committed 11648K, reserved 1058816K
  class space    used 1294K, capacity 1366K, committed 1408K, reserved 1048576K
Event: 2.395 GC heap after
Heap after GC invocations=4 (full 0):
 PSYoungGen      total 53248K, used 4091K [0x00000000e0700000, 0x00000000e3f00000, 0x0000000100000000)
  eden space 49152K, 0% used [0x00000000e0700000,0x00000000e0700000,0x00000000e3700000)
  from space 4096K, 99% used [0x00000000e3b00000,0x00000000e3efec78,0x00000000e3f00000)
  to   space 4096K, 0% used [0x00000000e3700000,0x00000000e3700000,0x00000000e3b00000)
 ParOldGen       total 65536K, used 3393K [0x00000000a1400000, 0x00000000a5400000, 0x00000000e0700000)
  object space 65536K, 5% used [0x00000000a1400000,0x00000000a1750740,0x00000000a5400000)
 Metaspace       used 11144K, capacity 11398K, committed 11648K, reserved 1058816K
  class space    used 1294K, capacity 1366K, committed 1408K, reserved 1048576K
}
Event: 2.971 GC heap before
{Heap before GC invocations=5 (full 0):
 PSYoungGen      total 53248K, used 53243K [0x00000000e0700000, 0x00000000e3f00000, 0x0000000100000000)
  eden space 49152K, 100% used [0x00000000e0700000,0x00000000e3700000,0x00000000e3700000)
  from space 4096K, 99% used [0x00000000e3b00000,0x00000000e3efec78,0x00000000e3f00000)
  to   space 4096K, 0% used [0x00000000e3700000,0x00000000e3700000,0x00000000e3b00000)
 ParOldGen       total 65536K, used 3393K [0x00000000a1400000, 0x00000000a5400000, 0x00000000e0700000)
  object space 65536K, 5% used [0x00000000a1400000,0x00000000a1750740,0x00000000a5400000)
 Metaspace       used 16742K, capacity 17260K, committed 17408K, reserved 1064960K
  class space    used 2165K, capacity 2300K, committed 2304K, reserved 1048576K
Event: 2.988 GC heap after
Heap after GC invocations=5 (full 0):
 PSYoungGen      total 53248K, used 4082K [0x00000000e0700000, 0x00000000e7b00000, 0x0000000100000000)
  eden space 49152K, 0% used [0x00000000e0700000,0x00000000e0700000,0x00000000e3700000)
  from space 4096K, 99% used [0x00000000e3700000,0x00000000e3afc850,0x00000000e3b00000)
  to   space 10240K, 0% used [0x00000000e7100000,0x00000000e7100000,0x00000000e7b00000)
 ParOldGen       total 65536K, used 8120K [0x00000000a1400000, 0x00000000a5400000, 0x00000000e0700000)
  object space 65536K, 12% used [0x00000000a1400000,0x00000000a1bee218,0x00000000a5400000)
 Metaspace       used 16742K, capacity 17260K, committed 17408K, reserved 1064960K
  class space    used 2165K, capacity 2300K, committed 2304K, reserved 1048576K
}
Event: 3.254 GC heap before
{Heap before GC invocations=6 (full 0):
 PSYoungGen      total 53248K, used 27734K [0x00000000e0700000, 0x00000000e7b00000, 0x0000000100000000)
  eden space 49152K, 48% used [0x00000000e0700000,0x00000000e1e19120,0x00000000e3700000)
  from space 4096K, 99% used [0x00000000e3700000,0x00000000e3afc850,0x00000000e3b00000)
  to   space 10240K, 0% used [0x00000000e7100000,0x00000000e7100000,0x00000000e7b00000)
 ParOldGen       total 65536K, used 8120K [0x00000000a1400000, 0x00000000a5400000, 0x00000000e0700000)
  object space 65536K, 12% used [0x00000000a1400000,0x00000000a1bee218,0x00000000a5400000)
 Metaspace       used 20624K, capacity 21254K, committed 21296K, reserved 1067008K
  class space    used 2652K, capacity 2833K, committed 2864K, reserved 1048576K
Event: 3.264 GC heap after
Heap after GC invocations=6 (full 0):
 PSYoungGen      total 108544K, used 6733K [0x00000000e0700000, 0x00000000e7b00000, 0x0000000100000000)
  eden space 98304K, 0% used [0x00000000e0700000,0x00000000e0700000,0x00000000e6700000)
  from space 10240K, 65% used [0x00000000e7100000,0x00000000e7793598,0x00000000e7b00000)
  to   space 10240K, 0% used [0x00000000e6700000,0x00000000e6700000,0x00000000e7100000)
 ParOldGen       total 65536K, used 8120K [0x00000000a1400000, 0x00000000a5400000, 0x00000000e0700000)
  object space 65536K, 12% used [0x00000000a1400000,0x00000000a1bee218,0x00000000a5400000)
 Metaspace       used 20624K, capacity 21254K, committed 21296K, reserved 1067008K
  class space    used 2652K, capacity 2833K, committed 2864K, reserved 1048576K
}
Event: 3.264 GC heap before
{Heap before GC invocations=7 (full 1):
 PSYoungGen      total 108544K, used 6733K [0x00000000e0700000, 0x00000000e7b00000, 0x0000000100000000)
  eden space 98304K, 0% used [0x00000000e0700000,0x00000000e0700000,0x00000000e6700000)
  from space 10240K, 65% used [0x00000000e7100000,0x00000000e7793598,0x00000000e7b00000)
  to   space 10240K, 0% used [0x00000000e6700000,0x00000000e6700000,0x00000000e7100000)
 ParOldGen       total 65536K, used 8120K [0x00000000a1400000, 0x00000000a5400000, 0x00000000e0700000)
  object space 65536K, 12% used [0x00000000a1400000,0x00000000a1bee218,0x00000000a5400000)
 Metaspace       used 20624K, capacity 21254K, committed 21296K, reserved 1067008K
  class space    used 2652K, capacity 2833K, committed 2864K, reserved 1048576K
Event: 3.293 GC heap after
Heap after GC invocations=7 (full 1):
 PSYoungGen      total 108544K, used 0K [0x00000000e0700000, 0x00000000e7b00000, 0x0000000100000000)
  eden space 98304K, 0% used [0x00000000e0700000,0x00000000e0700000,0x00000000e6700000)
  from space 10240K, 0% used [0x00000000e7100000,0x00000000e7100000,0x00000000e7b00000)
  to   space 10240K, 0% used [0x00000000e6700000,0x00000000e6700000,0x00000000e7100000)
 ParOldGen       total 39424K, used 7077K [0x00000000a1400000, 0x00000000a3a80000, 0x00000000e0700000)
  object space 39424K, 17% used [0x00000000a1400000,0x00000000a1ae9530,0x00000000a3a80000)
 Metaspace       used 20624K, capacity 21254K, committed 21296K, reserved 1067008K
  class space    used 2652K, capacity 2833K, committed 2864K, reserved 1048576K
}

Deoptimization events (10 events):
Event: 3.209 Thread 0x000000001afe0800 Uncommon trap: reason=class_check action=maybe_recompile pc=0x00000000050eb394 method=java.lang.String.equals(Ljava/lang/Object;)Z @ 8
Event: 3.213 Thread 0x000000001afe0800 Uncommon trap: reason=class_check action=maybe_recompile pc=0x00000000050eb394 method=java.lang.String.equals(Ljava/lang/Object;)Z @ 8
Event: 3.533 Thread 0x000000001afe0800 Uncommon trap: reason=class_check action=maybe_recompile pc=0x00000000050eb394 method=java.lang.String.equals(Ljava/lang/Object;)Z @ 8
Event: 3.533 Thread 0x000000001afe0800 Uncommon trap: reason=class_check action=maybe_recompile pc=0x00000000050eb394 method=java.lang.String.equals(Ljava/lang/Object;)Z @ 8
Event: 3.543 Thread 0x000000001af5f800 Uncommon trap: reason=unstable_if action=reinterpret pc=0x00000000053a98e4 method=jdk.internal.org.objectweb.asm.Type.getArgumentsAndReturnSizes(Ljava/lang/String;)I @ 47
Event: 3.957 Thread 0x000000001afe0800 Uncommon trap: reason=unstable_if action=reinterpret pc=0x000000000526d118 method=org.springframework.util.ConcurrentReferenceHashMap$Segment.clear()V @ 7
Event: 4.031 Thread 0x000000001afe0800 Uncommon trap: reason=unstable_if action=reinterpret pc=0x00000000055a75f4 method=org.springframework.boot.context.properties.source.ConfigurationPropertyName$ElementsParser.parse(Ljava/util/function/Function;)Lorg/springframework/boot/context/properties/
Event: 4.031 Thread 0x000000001afe0800 Uncommon trap: reason=unstable_if action=reinterpret pc=0x000000000555fea8 method=org.springframework.boot.context.properties.source.ConfigurationPropertyName$ElementsParser.updateType(Lorg/springframework/boot/context/properties/source/ConfigurationPrope
Event: 4.032 Thread 0x000000001afe0800 Uncommon trap: reason=unstable_if action=reinterpret pc=0x00000000053da208 method=org.springframework.boot.context.properties.source.ConfigurationPropertyName$ElementType.allowsFastEqualityCheck()Z @ 11
Event: 4.066 Thread 0x000000001afe0800 Uncommon trap: reason=unstable_if action=reinterpret pc=0x0000000005475afc method=java.net.URL.<init>(Ljava/net/URL;Ljava/lang/String;Ljava/net/URLStreamHandler;)V @ 347

Classes redefined (0 events):
No events

Internal exceptions (10 events):
Event: 3.361 Thread 0x000000001afe0800 Exception <a 'java/lang/ClassNotFoundException': org/springframework/core/OrderedCustomizer> (0x00000000e11cdd80) thrown at [C:\re\workspace\8-2-build-windows-amd64-cygwin\jdk8u181\11358\hotspot\src\share\vm\classfile\systemDictionary.cpp, line 210]
Event: 3.361 Thread 0x000000001afe0800 Exception <a 'java/lang/ClassNotFoundException': org/springframework/context/ResourceLoaderAwareCustomizer> (0x00000000e11eeb70) thrown at [C:\re\workspace\8-2-build-windows-amd64-cygwin\jdk8u181\11358\hotspot\src\share\vm\classfile\systemDictionary.cpp, 
Event: 3.361 Thread 0x000000001afe0800 Exception <a 'java/lang/ClassNotFoundException': org/springframework/beans/factory/AwareCustomizer> (0x00000000e120ca38) thrown at [C:\re\workspace\8-2-build-windows-amd64-cygwin\jdk8u181\11358\hotspot\src\share\vm\classfile\systemDictionary.cpp, line 210
Event: 3.362 Thread 0x000000001afe0800 Exception <a 'java/lang/ClassNotFoundException': org/springframework/beans/factory/BeanClassLoaderAwareCustomizer> (0x00000000e122fd18) thrown at [C:\re\workspace\8-2-build-windows-amd64-cygwin\jdk8u181\11358\hotspot\src\share\vm\classfile\systemDictionar
Event: 3.362 Thread 0x000000001afe0800 Exception <a 'java/lang/ClassNotFoundException': org/springframework/beans/factory/AwareCustomizer> (0x00000000e124dc70) thrown at [C:\re\workspace\8-2-build-windows-amd64-cygwin\jdk8u181\11358\hotspot\src\share\vm\classfile\systemDictionary.cpp, line 210
Event: 3.362 Thread 0x000000001afe0800 Exception <a 'java/lang/ClassNotFoundException': org/springframework/context/EnvironmentAwareCustomizer> (0x00000000e126cb28) thrown at [C:\re\workspace\8-2-build-windows-amd64-cygwin\jdk8u181\11358\hotspot\src\share\vm\classfile\systemDictionary.cpp, lin
Event: 3.363 Thread 0x000000001afe0800 Exception <a 'java/lang/ClassNotFoundException': org/springframework/beans/factory/AwareCustomizer> (0x00000000e128a960) thrown at [C:\re\workspace\8-2-build-windows-amd64-cygwin\jdk8u181\11358\hotspot\src\share\vm\classfile\systemDictionary.cpp, line 210
Event: 3.484 Thread 0x000000001afe0800 Exception <a 'java/lang/NoSuchMethodError': java.lang.Object.lambda$getAllAnnotationAttributes$0(Lorg/springframework/util/MultiValueMap;)Lorg/springframework/util/MultiValueMap;> (0x00000000e1d467f0) thrown at [C:\re\workspace\8-2-build-windows-amd64-cyg
Event: 3.485 Thread 0x000000001afe0800 Exception <a 'java/lang/NoSuchMethodError': java.lang.Object.lambda$identity$2(Ljava/lang/Object;)Ljava/lang/Object;> (0x00000000e1d5ae68) thrown at [C:\re\workspace\8-2-build-windows-amd64-cygwin\jdk8u181\11358\hotspot\src\share\vm\interpreter\linkResolv
Event: 3.547 Thread 0x000000001af5f800 Exception <a 'java/lang/IncompatibleClassChangeError': Found class java.lang.Object, but interface was expected> (0x00000000e246a860) thrown at [C:\re\workspace\8-2-build-windows-amd64-cygwin\jdk8u181\11358\hotspot\src\share\vm\interpreter\linkResolver.cp

Events (10 events):
Event: 4.096 loading class org/springframework/boot/autoconfigure/AutoConfigurationPackage
Event: 4.096 loading class org/springframework/boot/autoconfigure/AutoConfigurationPackage done
Event: 4.098 loading class java/lang/annotation/Repeatable
Event: 4.098 loading class java/lang/annotation/Repeatable done
Event: 4.098 loading class org/springframework/context/annotation/FilterType
Event: 4.098 loading class org/springframework/context/annotation/FilterType done
Event: 4.099 loading class org/springframework/boot/context/TypeExcludeFilter
Event: 4.099 loading class org/springframework/boot/context/TypeExcludeFilter done
Event: 4.101 loading class org/springframework/boot/autoconfigure/AutoConfigurationExcludeFilter
Event: 4.101 loading class org/springframework/boot/autoconfigure/AutoConfigurationExcludeFilter done


Dynamic libraries:
0x00007ff760e40000 - 0x00007ff760e77000 	C:\Program Files\Java\jdk1.8.0_181\bin\javaw.exe
0x00007ff9a1620000 - 0x00007ff9a1800000 	C:\Windows\SYSTEM32\ntdll.dll
0x00007ff99fee0000 - 0x00007ff99ff8e000 	C:\Windows\System32\KERNEL32.DLL
0x00007ff99dd60000 - 0x00007ff99dfc6000 	C:\Windows\System32\KERNELBASE.dll
0x00007ff99ebf0000 - 0x00007ff99ec91000 	C:\Windows\System32\ADVAPI32.dll
0x00007ff99fe40000 - 0x00007ff99fedd000 	C:\Windows\System32\msvcrt.dll
0x00007ff99f180000 - 0x00007ff99f1db000 	C:\Windows\System32\sechost.dll
0x00007ff99f330000 - 0x00007ff99f44f000 	C:\Windows\System32\RPCRT4.dll
0x00007ff99f580000 - 0x00007ff99f70f000 	C:\Windows\System32\USER32.dll
0x00007ff99db70000 - 0x00007ff99db90000 	C:\Windows\System32\win32u.dll
0x00007ff99eaf0000 - 0x00007ff99eb18000 	C:\Windows\System32\GDI32.dll
0x00007ff99e1a0000 - 0x00007ff99e333000 	C:\Windows\System32\gdi32full.dll
0x00007ff99e050000 - 0x00007ff99e0eb000 	C:\Windows\System32\msvcp_win.dll
0x00007ff99da70000 - 0x00007ff99db65000 	C:\Windows\System32\ucrtbase.dll
0x00007ff992630000 - 0x00007ff992899000 	C:\Windows\WinSxS\amd64_microsoft.windows.common-controls_6595b64144ccf1df_6.0.16299.847_none_15cddd1e93602b6a\COMCTL32.dll
0x00007ff99fb30000 - 0x00007ff99fe36000 	C:\Windows\System32\combase.dll
0x00007ff99dfd0000 - 0x00007ff99e042000 	C:\Windows\System32\bcryptPrimitives.dll
0x00007ff99eca0000 - 0x00007ff99eccd000 	C:\Windows\System32\IMM32.DLL
0x00007ff94f720000 - 0x00007ff94f7d2000 	C:\Program Files\McAfee\Endpoint Security\Threat Prevention\Ips\EpMPApi.dll
0x00007ff99ea90000 - 0x00007ff99eae8000 	C:\Windows\System32\WINTRUST.dll
0x00007ff99d9e0000 - 0x00007ff99d9f2000 	C:\Windows\System32\MSASN1.dll
0x00007ff99db90000 - 0x00007ff99dd5e000 	C:\Windows\System32\CRYPT32.dll
0x0000000068f80000 - 0x0000000068f8c000 	C:\Program Files\McAfee\Endpoint Security\Threat Prevention\Ips\EpMPThe.dll
0x00000000674f0000 - 0x00000000675c2000 	C:\Program Files\Java\jdk1.8.0_181\jre\bin\msvcr100.dll
0x0000000067620000 - 0x0000000067ec2000 	C:\Program Files\Java\jdk1.8.0_181\jre\bin\server\jvm.dll
0x00007ff99fb20000 - 0x00007ff99fb28000 	C:\Windows\System32\PSAPI.DLL
0x00007ff991d90000 - 0x00007ff991d9a000 	C:\Windows\SYSTEM32\VERSION.dll
0x00007ff99bd00000 - 0x00007ff99bd23000 	C:\Windows\SYSTEM32\WINMM.dll
0x00007ff99bca0000 - 0x00007ff99bcca000 	C:\Windows\SYSTEM32\WINMMBASE.dll
0x00007ff99da20000 - 0x00007ff99da6a000 	C:\Windows\System32\cfgmgr32.dll
0x00007ff978410000 - 0x00007ff978419000 	C:\Windows\SYSTEM32\WSOCK32.dll
0x00007ff9a00a0000 - 0x00007ff9a010c000 	C:\Windows\System32\WS2_32.dll
0x0000000068480000 - 0x000000006848f000 	C:\Program Files\Java\jdk1.8.0_181\jre\bin\verify.dll
0x0000000068290000 - 0x00000000682b9000 	C:\Program Files\Java\jdk1.8.0_181\jre\bin\java.dll
0x0000000068120000 - 0x0000000068136000 	C:\Program Files\Java\jdk1.8.0_181\jre\bin\zip.dll
0x00007ff9a01b0000 - 0x00007ff9a15e8000 	C:\Windows\System32\SHELL32.dll
0x00007ff99f4d0000 - 0x00007ff99f576000 	C:\Windows\System32\shcore.dll
0x00007ff99e340000 - 0x00007ff99ea87000 	C:\Windows\System32\windows.storage.dll
0x00007ff99f880000 - 0x00007ff99f8d1000 	C:\Windows\System32\shlwapi.dll
0x00007ff99da00000 - 0x00007ff99da11000 	C:\Windows\System32\kernel.appcore.dll
0x00007ff99d970000 - 0x00007ff99d9bc000 	C:\Windows\System32\powrprof.dll
0x00007ff99d9c0000 - 0x00007ff99d9db000 	C:\Windows\System32\profapi.dll
0x0000000067600000 - 0x000000006761a000 	C:\Program Files\Java\jdk1.8.0_181\jre\bin\net.dll
0x00007ff99d200000 - 0x00007ff99d266000 	C:\Windows\system32\mswsock.dll
0x00007ff99cf90000 - 0x00007ff99cfc9000 	C:\Windows\SYSTEM32\IPHLPAPI.DLL
0x00007ff99f8e0000 - 0x00007ff99f8e8000 	C:\Windows\System32\NSI.dll
0x00007ff998bd0000 - 0x00007ff998be6000 	C:\Windows\SYSTEM32\dhcpcsvc6.DLL
0x00007ff998bb0000 - 0x00007ff998bca000 	C:\Windows\SYSTEM32\dhcpcsvc.DLL
0x00007ff99cfd0000 - 0x00007ff99d086000 	C:\Windows\SYSTEM32\DNSAPI.dll
0x00007ff998470000 - 0x00007ff99847a000 	C:\Windows\System32\rasadhlp.dll
0x00000000675d0000 - 0x00000000675dd000 	C:\Program Files\Java\jdk1.8.0_181\jre\bin\management.dll
0x00007ff991690000 - 0x00007ff9916a6000 	C:\Windows\system32\napinsp.dll
0x00007ff9916b0000 - 0x00007ff9916ca000 	C:\Windows\system32\pnrpnsp.dll
0x00007ff99a470000 - 0x00007ff99a488000 	C:\Windows\system32\NLAapi.dll
0x00007ff9916d0000 - 0x00007ff9916de000 	C:\Windows\System32\winrnr.dll
0x00007ff9988e0000 - 0x00007ff998950000 	C:\Windows\System32\fwpuclnt.dll
0x00007ff99d4d0000 - 0x00007ff99d4f5000 	C:\Windows\SYSTEM32\bcrypt.dll
0x00000000675e0000 - 0x00000000675f1000 	C:\Program Files\Java\jdk1.8.0_181\jre\bin\nio.dll
0x00007ff99d3c0000 - 0x00007ff99d3d7000 	C:\Windows\SYSTEM32\CRYPTSP.dll
0x00007ff99ce00000 - 0x00007ff99ce33000 	C:\Windows\system32\rsaenh.dll
0x00007ff99d8a0000 - 0x00007ff99d8c9000 	C:\Windows\SYSTEM32\USERENV.dll
0x00007ff99d3e0000 - 0x00007ff99d3eb000 	C:\Windows\SYSTEM32\CRYPTBASE.dll

VM Arguments:
jvm_args: -Dserver.port=8001 -Dfile.encoding=UTF-8 
java_command: com.zensar.forx.ForxService1Application
java_class_path (initial): D:\SUSMITA\AdvancedJava\microService\Forx-Service1\target\classes;C:\Users\TRG\.m2\repository\org\springframework\boot\spring-boot-starter-data-jpa\2.2.0.RELEASE\spring-boot-starter-data-jpa-2.2.0.RELEASE.jar;C:\Users\TRG\.m2\repository\org\springframework\boot\spring-boot-starter-aop\2.2.0.RELEASE\spring-boot-starter-aop-2.2.0.RELEASE.jar;C:\Users\TRG\.m2\repository\org\springframework\spring-aop\5.2.0.RELEASE\spring-aop-5.2.0.RELEASE.jar;C:\Users\TRG\.m2\repository\org\aspectj\aspectjweaver\1.9.4\aspectjweaver-1.9.4.jar;C:\Users\TRG\.m2\repository\org\springframework\boot\spring-boot-starter-jdbc\2.2.0.RELEASE\spring-boot-starter-jdbc-2.2.0.RELEASE.jar;C:\Users\TRG\.m2\repository\com\zaxxer\HikariCP\3.4.1\HikariCP-3.4.1.jar;C:\Users\TRG\.m2\repository\org\springframework\spring-jdbc\5.2.0.RELEASE\spring-jdbc-5.2.0.RELEASE.jar;C:\Users\TRG\.m2\repository\jakarta\activation\jakarta.activation-api\1.2.1\jakarta.activation-api-1.2.1.jar;C:\Users\TRG\.m2\repository\jakarta\persistence\jakarta.persistence-api\2.2.3\jakarta.persistence-api-2.2.3.jar;C:\Users\TRG\.m2\repository\jakarta\transaction\jakarta.transaction-api\1.3.3\jakarta.transaction-api-1.3.3.jar;C:\Users\TRG\.m2\repository\org\hibernate\hibernate-core\5.4.6.Final\hibernate-core-5.4.6.Final.jar;C:\Users\TRG\.m2\repository\org\jboss\logging\jboss-logging\3.4.1.Final\jboss-logging-3.4.1.Final.jar;C:\Users\TRG\.m2\repository\org\javassist\javassist\3.24.0-GA\javassist-3.24.0-GA.jar;C:\Users\TRG\.m2\repository\net\bytebuddy\byte-buddy\1.10.1\byte-buddy-1.10.1.jar;C:\Users\TRG\.m2\repository\antlr\antlr\2.7.7\antlr-2.7.7.jar;C:\Users\TRG\.m2\repository\org\jboss\jandex\2.0.5.Final\jandex-2.0.5.Final.jar;C:\Users\TRG\.m2\repository\com\fasterxml\classmate\1.5.0\classmate-1.5.0.jar;C:\Users\TRG\.m2\repository\org\dom4j\dom4j\2.1.1\dom4j-2.1.1.jar;C:\Users\TRG\.m2\repository\org\hibernate\common\hibernate-commons-annotations\5.1.0.Final\hibernate-commons-annotations-5.1.0.Final.jar;C:\Us
Launcher Type: SUN_STANDARD

Environment Variables:
JAVA_HOME=C:\Program Files\Java\jdk1.8.0_181
PATH=C:/Program Files/Java/jdk1.8.0_181/bin/../jre/bin/server;C:/Program Files/Java/jdk1.8.0_181/bin/../jre/bin;C:/Program Files/Java/jdk1.8.0_181/bin/../jre/lib/amd64;C:\Program Files\Java\jdk1.8.0_181\bin;C:\orant\bin;D:\ORACLEXE\app\oracle\product\10.2.0\server\bin;D:\app\TRG\product\11.2.0\dbhome_3\bin;D:\app\TRG\product\11.2.0\dbhome_2\bin;D:\app\TRG\product\11.2.0\dbhome_1\bin;C:\ProgramData\Oracle\Java\javapath;C:\Windows\system32;C:\Windows;C:\Windows\System32\Wbem;C:\Windows\System32\WindowsPowerShell\v1.0\;C:\Program Files\PuTTY\;C:\Program Files\Microsoft VS Code\bin;C:\Program Files\Java\jdk-9.0.4\bin;C:\orant\jdk\bin;C:\Program Files (x86)\Brackets\command;C:\Program Files\Microsoft SQL Server\120\DTS\Binn\;C:\Program Files\Microsoft SQL Server\Client SDK\ODBC\110\Tools\Binn\;C:\Program Files (x86)\Microsoft SQL Server\120\Tools\Binn\;C:\Program Files\Microsoft SQL Server\120\Tools\Binn\;C:\Program Files (x86)\Microsoft SQL Server\120\Tools\Binn\ManagementStudio\;C:\Program Files (x86)\Microsoft SQL Server\120\DTS\Binn\;C:\Program Files\dotnet\;C:\Program Files\Microsoft SQL Server\130\Tools\Binn\;C:\Program Files\Git\cmd;D:\SUSMITA\AdvancedJava\AD_javaSoft\apache-maven-3.6.2-bin\apache-maven-3.6.2\bin;D:\SUSMITA\AdvancedJava\AD_javaSoft\gradle-5.6.2-bin\gradle-5.6.2\bin;C:\Program Files\nodejs\;C:\Users\TRG\AppData\Roaming\npm;C:\Users\TRG\AppData\Local\Microsoft\WindowsApps;C:\Program Files\Java\jdk-9.0.4\bin;C:\Program Files\Java\jdk1.8.0_181\bin;C:\Users\TRG\AppData\Roaming\npm;D:\SUSMITA\AdvancedJava\AD_javaSoft\spring-tool-suite-4-4.4.0.RELEASE-e4.13.0-win32.win32.x86_64\sts-4.4.0.RELEASE;
USERNAME=TRG
OS=Windows_NT
PROCESSOR_IDENTIFIER=Intel64 Family 6 Model 60 Stepping 3, GenuineIntel



---------------  S Y S T E M  ---------------

OS: Windows 10.0 , 64 bit Build 16299 (10.0.16299.431)

CPU:total 4 (initial active 4) (2 cores per cpu, 2 threads per core) family 6 model 60 stepping 3, cmov, cx8, fxsr, mmx, sse, sse2, sse3, ssse3, sse4.1, sse4.2, popcnt, avx, avx2, aes, clmul, erms, lzcnt, ht, tsc, tscinvbit, bmi1, bmi2

Memory: 4k page, physical 6208032k(431824k free), swap 12401156k(5588k free)

vm_info: Java HotSpot(TM) 64-Bit Server VM (25.181-b13) for windows-amd64 JRE (1.8.0_181-b13), built on Jul  7 2018 04:01:33 by "java_re" with MS VC++ 10.0 (VS2010)

time: Tue Oct 22 12:42:49 2019
elapsed time: 4 seconds (0d 0h 0m 4s)

