#
# There is insufficient memory for the Java Runtime Environment to continue.
# Native memory allocation (malloc) failed to allocate 858016 bytes for Chunk::new
# Possible reasons:
#   The system is out of physical RAM or swap space
#   In 32 bit mode, the process size limit was hit
# Possible solutions:
#   Reduce memory load on the system
#   Increase physical memory or swap space
#   Check if swap backing store is full
#   Use 64 bit Java on a 64 bit OS
#   Decrease Java heap size (-Xmx/-Xms)
#   Decrease number of Java threads
#   Decrease Java thread stack sizes (-Xss)
#   Set larger code cache with -XX:ReservedCodeCacheSize=
# This output file may be truncated or incomplete.
#
#  Out of Memory Error (allocation.cpp:390), pid=1996, tid=0x0000000000002fb0
#
# JRE version: Java(TM) SE Runtime Environment (8.0_181-b13) (build 1.8.0_181-b13)
# Java VM: Java HotSpot(TM) 64-Bit Server VM (25.181-b13 mixed mode windows-amd64 compressed oops)
# Failed to write core dump. Minidumps are not enabled by default on client versions of Windows
#

---------------  T H R E A D  ---------------

Current thread (0x0000000018dea000):  JavaThread "C2 CompilerThread1" daemon [_thread_in_native, id=12208, stack(0x000000001a630000,0x000000001a730000)]

Stack: [0x000000001a630000,0x000000001a730000]
[error occurred during error reporting (printing stack bounds), id 0xc0000005]

Native frames: (J=compiled Java code, j=interpreted, Vv=VM code, C=native code)


Current CompileTask:
C2:   5997 3414       4       org.springframework.beans.factory.support.AbstractBeanFactory::isTypeMatch (607 bytes)


---------------  P R O C E S S  ---------------

Java Threads: ( => current thread )
  0x000000001dc94800 JavaThread "JMX server connection timeout 21" daemon [_thread_blocked, id=14236, stack(0x0000000020980000,0x0000000020a80000)]
  0x000000001c6be800 JavaThread "RMI Scheduler(0)" daemon [_thread_blocked, id=7220, stack(0x0000000020880000,0x0000000020980000)]
  0x000000001d953000 JavaThread "RMI TCP Connection(1)-10.42.22.25" daemon [_thread_in_native, id=10152, stack(0x0000000020780000,0x0000000020880000)]
  0x000000001e0ab000 JavaThread "RMI TCP Accept-0" daemon [_thread_in_native, id=2492, stack(0x0000000020580000,0x0000000020680000)]
  0x000000001bc84000 JavaThread "restartedMain" [_thread_in_vm, id=13968, stack(0x000000001c840000,0x000000001c940000)]
  0x000000001b295800 JavaThread "Thread-0" [_thread_blocked, id=16536, stack(0x000000001c740000,0x000000001c840000)]
  0x0000000018e3e000 JavaThread "Service Thread" daemon [_thread_blocked, id=3872, stack(0x000000001ac30000,0x000000001ad30000)]
  0x0000000018def000 JavaThread "C1 CompilerThread2" daemon [_thread_blocked, id=15268, stack(0x000000001a730000,0x000000001a830000)]
=>0x0000000018dea000 JavaThread "C2 CompilerThread1" daemon [_thread_in_native, id=12208, stack(0x000000001a630000,0x000000001a730000)]
  0x0000000018de8000 JavaThread "C2 CompilerThread0" daemon [_thread_in_native, id=16012, stack(0x000000001a530000,0x000000001a630000)]
  0x0000000018de6000 JavaThread "Attach Listener" daemon [_thread_blocked, id=9164, stack(0x000000001a430000,0x000000001a530000)]
  0x0000000018de5000 JavaThread "Signal Dispatcher" daemon [_thread_blocked, id=10200, stack(0x000000001a330000,0x000000001a430000)]
  0x000000000551b000 JavaThread "Finalizer" daemon [_thread_blocked, id=11740, stack(0x000000001a040000,0x000000001a140000)]
  0x0000000005518000 JavaThread "Reference Handler" daemon [_thread_blocked, id=8836, stack(0x0000000019f40000,0x000000001a040000)]
  0x0000000005428000 JavaThread "main" [_thread_blocked, id=14712, stack(0x0000000005240000,0x0000000005340000)]

Other Threads:
  0x0000000018da8000 VMThread [stack: 0x0000000019e40000,0x0000000019f40000] [id=6592]
  0x0000000018e0f000 WatcherThread [stack: 0x000000001ad30000,0x000000001ae30000] [id=2260]

VM state:not at safepoint (normal execution)

VM Mutex/Monitor currently owned by a thread: None

Heap:
 PSYoungGen      total 46592K, used 18815K [0x00000000e0700000, 0x00000000e5e80000, 0x0000000100000000)
  eden space 42496K, 34% used [0x00000000e0700000,0x00000000e15656c8,0x00000000e3080000)
  from space 4096K, 99% used [0x00000000e3b00000,0x00000000e3efa628,0x00000000e3f00000)
  to   space 10752K, 0% used [0x00000000e3080000,0x00000000e3080000,0x00000000e3b00000)
 ParOldGen       total 45056K, used 16211K [0x00000000a1400000, 0x00000000a4000000, 0x00000000e0700000)
  object space 45056K, 35% used [0x00000000a1400000,0x00000000a23d4e70,0x00000000a4000000)
 Metaspace       used 33267K, capacity 35100K, committed 35248K, reserved 1079296K
  class space    used 4406K, capacity 4765K, committed 4784K, reserved 1048576K

Card table byte_map: [0x00000000148e0000,0x0000000014be0000] byte_map_base: 0x00000000143d6000

Marking Bits: (ParMarkBitMap*) 0x0000000067e42d00
 Begin Bits: [0x00000000151e0000, 0x0000000016990000)
 End Bits:   [0x0000000016990000, 0x0000000018140000)

Polling page: 0x00000000032b0000

CodeCache: size=245760Kb used=12024Kb max_used=12024Kb free=233735Kb
 bounds [0x0000000005520000, 0x00000000060f0000, 0x0000000014520000]
 total_blobs=3923 nmethods=3497 adapters=337
 compilation: enabled

Compilation events (10 events):
Event: 5.967 Thread 0x0000000018def000 nmethod 3485 0x00000000060cb550 code [0x00000000060cb6a0, 0x00000000060cb7b0]
Event: 5.968 Thread 0x0000000018def000 3486       3       jdk.internal.org.objectweb.asm.FieldVisitor::<init> (35 bytes)
Event: 5.968 Thread 0x0000000018def000 nmethod 3486 0x00000000060cb810 code [0x00000000060cb980, 0x00000000060cbc88]
Event: 5.968 Thread 0x0000000018def000 3487       3       jdk.internal.org.objectweb.asm.FieldWriter::visitEnd (1 bytes)
Event: 5.968 Thread 0x0000000018def000 nmethod 3487 0x00000000060cbd90 code [0x00000000060cbee0, 0x00000000060cc030]
Event: 5.969 Thread 0x0000000018def000 3488       1       jdk.internal.org.objectweb.asm.MethodWriter::visitEnd (1 bytes)
Event: 5.969 Thread 0x0000000018def000 nmethod 3488 0x00000000060cc090 code [0x00000000060cc1e0, 0x00000000060cc2f0]
Event: 5.970 Thread 0x0000000018def000 3489       3       java.util.regex.Pattern$BitClass::isSatisfiedBy (22 bytes)
Event: 5.970 Thread 0x0000000018def000 nmethod 3489 0x00000000060cc350 code [0x00000000060cc4c0, 0x00000000060cc6d0]
Event: 5.972 Thread 0x0000000018def000 3490       3       java.lang.invoke.InnerClassLambdaMetafactory::generateFactory (136 bytes)

GC Heap History (10 events):
Event: 2.517 GC heap before
{Heap before GC invocations=7 (full 1):
 PSYoungGen      total 53248K, used 4076K [0x00000000e0700000, 0x00000000e3f00000, 0x0000000100000000)
  eden space 49152K, 0% used [0x00000000e0700000,0x00000000e0700000,0x00000000e3700000)
  from space 4096K, 99% used [0x00000000e3b00000,0x00000000e3efb078,0x00000000e3f00000)
  to   space 4096K, 0% used [0x00000000e3700000,0x00000000e3700000,0x00000000e3b00000)
 ParOldGen       total 65536K, used 11033K [0x00000000a1400000, 0x00000000a5400000, 0x00000000e0700000)
  object space 65536K, 16% used [0x00000000a1400000,0x00000000a1ec6588,0x00000000a5400000)
 Metaspace       used 20639K, capacity 21264K, committed 21296K, reserved 1067008K
  class space    used 2659K, capacity 2836K, committed 2864K, reserved 1048576K
Event: 2.559 GC heap after
Heap after GC invocations=7 (full 1):
 PSYoungGen      total 53248K, used 0K [0x00000000e0700000, 0x00000000e3f00000, 0x0000000100000000)
  eden space 49152K, 0% used [0x00000000e0700000,0x00000000e0700000,0x00000000e3700000)
  from space 4096K, 0% used [0x00000000e3b00000,0x00000000e3b00000,0x00000000e3f00000)
  to   space 4096K, 0% used [0x00000000e3700000,0x00000000e3700000,0x00000000e3b00000)
 ParOldGen       total 45056K, used 9363K [0x00000000a1400000, 0x00000000a4000000, 0x00000000e0700000)
  object space 45056K, 20% used [0x00000000a1400000,0x00000000a1d24ca8,0x00000000a4000000)
 Metaspace       used 20639K, capacity 21264K, committed 21296K, reserved 1067008K
  class space    used 2659K, capacity 2836K, committed 2864K, reserved 1048576K
}
Event: 3.690 GC heap before
{Heap before GC invocations=8 (full 1):
 PSYoungGen      total 53248K, used 49150K [0x00000000e0700000, 0x00000000e3f00000, 0x0000000100000000)
  eden space 49152K, 99% used [0x00000000e0700000,0x00000000e36ff918,0x00000000e3700000)
  from space 4096K, 0% used [0x00000000e3b00000,0x00000000e3b00000,0x00000000e3f00000)
  to   space 4096K, 0% used [0x00000000e3700000,0x00000000e3700000,0x00000000e3b00000)
 ParOldGen       total 45056K, used 9363K [0x00000000a1400000, 0x00000000a4000000, 0x00000000e0700000)
  object space 45056K, 20% used [0x00000000a1400000,0x00000000a1d24ca8,0x00000000a4000000)
 Metaspace       used 24746K, capacity 25674K, committed 25776K, reserved 1071104K
  class space    used 3240K, capacity 3435K, committed 3504K, reserved 1048576K
Event: 3.701 GC heap after
Heap after GC invocations=8 (full 1):
 PSYoungGen      total 53248K, used 4080K [0x00000000e0700000, 0x00000000e3f00000, 0x0000000100000000)
  eden space 49152K, 0% used [0x00000000e0700000,0x00000000e0700000,0x00000000e3700000)
  from space 4096K, 99% used [0x00000000e3700000,0x00000000e3afc2f0,0x00000000e3b00000)
  to   space 4096K, 0% used [0x00000000e3b00000,0x00000000e3b00000,0x00000000e3f00000)
 ParOldGen       total 45056K, used 9371K [0x00000000a1400000, 0x00000000a4000000, 0x00000000e0700000)
  object space 45056K, 20% used [0x00000000a1400000,0x00000000a1d26ca8,0x00000000a4000000)
 Metaspace       used 24746K, capacity 25674K, committed 25776K, reserved 1071104K
  class space    used 3240K, capacity 3435K, committed 3504K, reserved 1048576K
}
Event: 4.164 GC heap before
{Heap before GC invocations=9 (full 1):
 PSYoungGen      total 53248K, used 53232K [0x00000000e0700000, 0x00000000e3f00000, 0x0000000100000000)
  eden space 49152K, 100% used [0x00000000e0700000,0x00000000e3700000,0x00000000e3700000)
  from space 4096K, 99% used [0x00000000e3700000,0x00000000e3afc2f0,0x00000000e3b00000)
  to   space 4096K, 0% used [0x00000000e3b00000,0x00000000e3b00000,0x00000000e3f00000)
 ParOldGen       total 45056K, used 9371K [0x00000000a1400000, 0x00000000a4000000, 0x00000000e0700000)
  object space 45056K, 20% used [0x00000000a1400000,0x00000000a1d26ca8,0x00000000a4000000)
 Metaspace       used 27139K, capacity 28180K, committed 28464K, reserved 1073152K
  class space    used 3538K, capacity 3796K, committed 3888K, reserved 1048576K
Event: 4.174 GC heap after
Heap after GC invocations=9 (full 1):
 PSYoungGen      total 53248K, used 4092K [0x00000000e0700000, 0x00000000e3f00000, 0x0000000100000000)
  eden space 49152K, 0% used [0x00000000e0700000,0x00000000e0700000,0x00000000e3700000)
  from space 4096K, 99% used [0x00000000e3b00000,0x00000000e3eff040,0x00000000e3f00000)
  to   space 4096K, 0% used [0x00000000e3700000,0x00000000e3700000,0x00000000e3b00000)
 ParOldGen       total 45056K, used 9379K [0x00000000a1400000, 0x00000000a4000000, 0x00000000e0700000)
  object space 45056K, 20% used [0x00000000a1400000,0x00000000a1d28ca8,0x00000000a4000000)
 Metaspace       used 27139K, capacity 28180K, committed 28464K, reserved 1073152K
  class space    used 3538K, capacity 3796K, committed 3888K, reserved 1048576K
}
Event: 4.875 GC heap before
{Heap before GC invocations=10 (full 1):
 PSYoungGen      total 53248K, used 53244K [0x00000000e0700000, 0x00000000e3f00000, 0x0000000100000000)
  eden space 49152K, 100% used [0x00000000e0700000,0x00000000e3700000,0x00000000e3700000)
  from space 4096K, 99% used [0x00000000e3b00000,0x00000000e3eff040,0x00000000e3f00000)
  to   space 4096K, 0% used [0x00000000e3700000,0x00000000e3700000,0x00000000e3b00000)
 ParOldGen       total 45056K, used 9379K [0x00000000a1400000, 0x00000000a4000000, 0x00000000e0700000)
  object space 45056K, 20% used [0x00000000a1400000,0x00000000a1d28ca8,0x00000000a4000000)
 Metaspace       used 28693K, capacity 29820K, committed 29872K, reserved 1075200K
  class space    used 3737K, capacity 3986K, committed 4016K, reserved 1048576K
Event: 4.886 GC heap after
Heap after GC invocations=10 (full 1):
 PSYoungGen      total 53248K, used 4069K [0x00000000e0700000, 0x00000000e3f00000, 0x0000000100000000)
  eden space 49152K, 0% used [0x00000000e0700000,0x00000000e0700000,0x00000000e3700000)
  from space 4096K, 99% used [0x00000000e3700000,0x00000000e3af9698,0x00000000e3b00000)
  to   space 4096K, 0% used [0x00000000e3b00000,0x00000000e3b00000,0x00000000e3f00000)
 ParOldGen       total 45056K, used 11718K [0x00000000a1400000, 0x00000000a4000000, 0x00000000e0700000)
  object space 45056K, 26% used [0x00000000a1400000,0x00000000a1f71870,0x00000000a4000000)
 Metaspace       used 28693K, capacity 29820K, committed 29872K, reserved 1075200K
  class space    used 3737K, capacity 3986K, committed 4016K, reserved 1048576K
}
Event: 5.716 GC heap before
{Heap before GC invocations=11 (full 1):
 PSYoungGen      total 53248K, used 53221K [0x00000000e0700000, 0x00000000e3f00000, 0x0000000100000000)
  eden space 49152K, 100% used [0x00000000e0700000,0x00000000e3700000,0x00000000e3700000)
  from space 4096K, 99% used [0x00000000e3700000,0x00000000e3af9698,0x00000000e3b00000)
  to   space 4096K, 0% used [0x00000000e3b00000,0x00000000e3b00000,0x00000000e3f00000)
 ParOldGen       total 45056K, used 11718K [0x00000000a1400000, 0x00000000a4000000, 0x00000000e0700000)
  object space 45056K, 26% used [0x00000000a1400000,0x00000000a1f71870,0x00000000a4000000)
 Metaspace       used 32161K, capacity 33590K, committed 33712K, reserved 1079296K
  class space    used 4211K, capacity 4494K, committed 4528K, reserved 1048576K
Event: 5.726 GC heap after
Heap after GC invocations=11 (full 1):
 PSYoungGen      total 46592K, used 4073K [0x00000000e0700000, 0x00000000e5e80000, 0x0000000100000000)
  eden space 42496K, 0% used [0x00000000e0700000,0x00000000e0700000,0x00000000e3080000)
  from space 4096K, 99% used [0x00000000e3b00000,0x00000000e3efa628,0x00000000e3f00000)
  to   space 10752K, 0% used [0x00000000e3080000,0x00000000e3080000,0x00000000e3b00000)
 ParOldGen       total 45056K, used 16211K [0x00000000a1400000, 0x00000000a4000000, 0x00000000e0700000)
  object space 45056K, 35% used [0x00000000a1400000,0x00000000a23d4e70,0x00000000a4000000)
 Metaspace       used 32161K, capacity 33590K, committed 33712K, reserved 1079296K
  class space    used 4211K, capacity 4494K, committed 4528K, reserved 1048576K
}

Deoptimization events (10 events):
Event: 5.903 Thread 0x000000001bc84000 Uncommon trap: reason=null_check action=make_not_entrant pc=0x0000000005e513fc method=org.springframework.beans.factory.support.DefaultListableBeanFactory.getBeanDefinition(Ljava/lang/String;)Lorg/springframework/beans/factory/config/BeanDefinition; @ 10
Event: 5.906 Thread 0x000000001bc84000 Uncommon trap: reason=class_check action=maybe_recompile pc=0x0000000005f7b13c method=org.springframework.boot.context.properties.source.SpringConfigurationPropertySources$SourcesIterator.fetchNext()Lorg/springframework/boot/context/properties/source/Conf
Event: 5.907 Thread 0x000000001bc84000 Uncommon trap: reason=class_check action=maybe_recompile pc=0x0000000005f7b13c method=org.springframework.boot.context.properties.source.SpringConfigurationPropertySources$SourcesIterator.fetchNext()Lorg/springframework/boot/context/properties/source/Conf
Event: 5.907 Thread 0x000000001bc84000 Uncommon trap: reason=class_check action=maybe_recompile pc=0x0000000005f7b13c method=org.springframework.boot.context.properties.source.SpringConfigurationPropertySources$SourcesIterator.fetchNext()Lorg/springframework/boot/context/properties/source/Conf
Event: 5.907 Thread 0x000000001bc84000 Uncommon trap: reason=class_check action=maybe_recompile pc=0x0000000005f7b13c method=org.springframework.boot.context.properties.source.SpringConfigurationPropertySources$SourcesIterator.fetchNext()Lorg/springframework/boot/context/properties/source/Conf
Event: 5.909 Thread 0x000000001bc84000 Uncommon trap: reason=unstable_if action=reinterpret pc=0x0000000005d120e0 method=org.springframework.boot.context.properties.source.ConfigurationPropertyName$Elements.charAt(II)C @ 13
Event: 5.918 Thread 0x000000001bc84000 Uncommon trap: reason=unstable_if action=reinterpret pc=0x0000000005e8f4b8 method=org.springframework.util.ClassUtils.isAssignable(Ljava/lang/Class;Ljava/lang/Class;)Z @ 26
Event: 5.925 Thread 0x000000001bc84000 Uncommon trap: reason=bimorphic action=maybe_recompile pc=0x0000000005b07b90 method=java.util.concurrent.ConcurrentHashMap.putVal(Ljava/lang/Object;Ljava/lang/Object;Z)Ljava/lang/Object; @ 192
Event: 5.928 Thread 0x000000001bc84000 Uncommon trap: reason=bimorphic action=maybe_recompile pc=0x0000000005b07b90 method=java.util.concurrent.ConcurrentHashMap.putVal(Ljava/lang/Object;Ljava/lang/Object;Z)Ljava/lang/Object; @ 192
Event: 5.932 Thread 0x000000001bc84000 Uncommon trap: reason=bimorphic action=maybe_recompile pc=0x0000000005b07b90 method=java.util.concurrent.ConcurrentHashMap.putVal(Ljava/lang/Object;Ljava/lang/Object;Z)Ljava/lang/Object; @ 192

Classes redefined (0 events):
No events

Internal exceptions (10 events):
Event: 5.773 Thread 0x000000001bc84000 Exception <a 'java/lang/NoSuchMethodError': java.lang.Object.lambda$thenComparing$36697e65$1(Ljava/util/Comparator;Ljava/lang/Object;Ljava/lang/Object;)I> (0x00000000e0adb568) thrown at [C:\re\workspace\8-2-build-windows-amd64-cygwin\jdk8u181\11358\hotspo
Event: 5.800 Thread 0x000000001bc84000 Exception <a 'java/lang/ClassNotFoundException': java/lang/ObjectCustomizer> (0x00000000e0b69fe8) thrown at [C:\re\workspace\8-2-build-windows-amd64-cygwin\jdk8u181\11358\hotspot\src\share\vm\classfile\systemDictionary.cpp, line 210]
Event: 5.803 Thread 0x000000001bc84000 Exception <a 'java/lang/ClassNotFoundException': org/springframework/transaction/annotation/AbstractTransactionManagementConfigurationCustomizer> (0x00000000e0b9d850) thrown at [C:\re\workspace\8-2-build-windows-amd64-cygwin\jdk8u181\11358\hotspot\src\sha
Event: 5.803 Thread 0x000000001bc84000 Exception <a 'java/lang/ClassNotFoundException': org/springframework/transaction/annotation/ProxyTransactionManagementConfigurationCustomizer> (0x00000000e0bcf098) thrown at [C:\re\workspace\8-2-build-windows-amd64-cygwin\jdk8u181\11358\hotspot\src\share\
Event: 5.804 Thread 0x000000001bc84000 Exception <a 'java/lang/ClassNotFoundException': org/springframework/context/annotation/ImportAwareCustomizer> (0x00000000e0bf5bd0) thrown at [C:\re\workspace\8-2-build-windows-amd64-cygwin\jdk8u181\11358\hotspot\src\share\vm\classfile\systemDictionary.cp
Event: 5.805 Thread 0x000000001bc84000 Exception <a 'java/lang/ClassNotFoundException': org/springframework/beans/factory/AwareCustomizer> (0x00000000e0c14578) thrown at [C:\re\workspace\8-2-build-windows-amd64-cygwin\jdk8u181\11358\hotspot\src\share\vm\classfile\systemDictionary.cpp, line 210
Event: 5.805 Thread 0x000000001bc84000 Implicit null exception at 0x0000000005e7a24c to 0x0000000005e7a3c1
Event: 5.903 Thread 0x000000001bc84000 Implicit null exception at 0x0000000005e5129f to 0x0000000005e513f1
Event: 5.909 Thread 0x000000001bc84000 Implicit null exception at 0x0000000005d11f27 to 0x0000000005d120c5
Event: 5.960 Thread 0x000000001bc84000 Exception <a 'java/lang/NoSuchMethodError': java.lang.Object.lambda$and$0(Ljava/util/function/Predicate;Ljava/lang/Object;)Z> (0x00000000e13a0050) thrown at [C:\re\workspace\8-2-build-windows-amd64-cygwin\jdk8u181\11358\hotspot\src\share\vm\interpreter\li

Events (10 events):
Event: 5.972 loading class org/springframework/boot/autoconfigure/web/embedded/TomcatWebServerFactoryCustomizer
Event: 5.972 loading class org/springframework/boot/autoconfigure/web/embedded/TomcatWebServerFactoryCustomizer done
Event: 5.973 loading class org/apache/catalina/connector/Connector
Event: 5.973 loading class org/apache/catalina/connector/Connector done
Event: 5.973 loading class org/springframework/boot/web/embedded/tomcat/TomcatConnectorCustomizer
Event: 5.973 loading class org/springframework/boot/web/embedded/tomcat/TomcatConnectorCustomizer done
Event: 5.973 loading class org/springframework/boot/autoconfigure/web/ServerProperties$Tomcat
Event: 5.973 loading class org/springframework/boot/autoconfigure/web/ServerProperties$Tomcat done
Event: 5.973 loading class org/springframework/boot/autoconfigure/web/embedded/TomcatWebServerFactoryCustomizer
Event: 5.973 loading class org/springframework/boot/autoconfigure/web/embedded/TomcatWebServerFactoryCustomizer done


Dynamic libraries:
0x00007ff760e40000 - 0x00007ff760e77000 	C:\Program Files\Java\jdk1.8.0_181\bin\javaw.exe
0x00007ff9a1620000 - 0x00007ff9a1800000 	C:\Windows\SYSTEM32\ntdll.dll
0x00007ff99fee0000 - 0x00007ff99ff8e000 	C:\Windows\System32\KERNEL32.DLL
0x00007ff99dd60000 - 0x00007ff99dfc6000 	C:\Windows\System32\KERNELBASE.dll
0x00007ff99ebf0000 - 0x00007ff99ec91000 	C:\Windows\System32\ADVAPI32.dll
0x00007ff99fe40000 - 0x00007ff99fedd000 	C:\Windows\System32\msvcrt.dll
0x00007ff99f180000 - 0x00007ff99f1db000 	C:\Windows\System32\sechost.dll
0x00007ff99f330000 - 0x00007ff99f44f000 	C:\Windows\System32\RPCRT4.dll
0x00007ff99f580000 - 0x00007ff99f70f000 	C:\Windows\System32\USER32.dll
0x00007ff99db70000 - 0x00007ff99db90000 	C:\Windows\System32\win32u.dll
0x00007ff99eaf0000 - 0x00007ff99eb18000 	C:\Windows\System32\GDI32.dll
0x00007ff99e1a0000 - 0x00007ff99e333000 	C:\Windows\System32\gdi32full.dll
0x00007ff99e050000 - 0x00007ff99e0eb000 	C:\Windows\System32\msvcp_win.dll
0x00007ff99da70000 - 0x00007ff99db65000 	C:\Windows\System32\ucrtbase.dll
0x00007ff992630000 - 0x00007ff992899000 	C:\Windows\WinSxS\amd64_microsoft.windows.common-controls_6595b64144ccf1df_6.0.16299.847_none_15cddd1e93602b6a\COMCTL32.dll
0x00007ff99fb30000 - 0x00007ff99fe36000 	C:\Windows\System32\combase.dll
0x00007ff99dfd0000 - 0x00007ff99e042000 	C:\Windows\System32\bcryptPrimitives.dll
0x00007ff99eca0000 - 0x00007ff99eccd000 	C:\Windows\System32\IMM32.DLL
0x00007ff94f720000 - 0x00007ff94f7d2000 	C:\Program Files\McAfee\Endpoint Security\Threat Prevention\Ips\EpMPApi.dll
0x00007ff99ea90000 - 0x00007ff99eae8000 	C:\Windows\System32\WINTRUST.dll
0x00007ff99d9e0000 - 0x00007ff99d9f2000 	C:\Windows\System32\MSASN1.dll
0x00007ff99db90000 - 0x00007ff99dd5e000 	C:\Windows\System32\CRYPT32.dll
0x0000000068f80000 - 0x0000000068f8c000 	C:\Program Files\McAfee\Endpoint Security\Threat Prevention\Ips\EpMPThe.dll
0x00000000674f0000 - 0x00000000675c2000 	C:\Program Files\Java\jdk1.8.0_181\jre\bin\msvcr100.dll
0x0000000067620000 - 0x0000000067ec2000 	C:\Program Files\Java\jdk1.8.0_181\jre\bin\server\jvm.dll
0x00007ff99fb20000 - 0x00007ff99fb28000 	C:\Windows\System32\PSAPI.DLL
0x00007ff991d90000 - 0x00007ff991d9a000 	C:\Windows\SYSTEM32\VERSION.dll
0x00007ff99bd00000 - 0x00007ff99bd23000 	C:\Windows\SYSTEM32\WINMM.dll
0x00007ff978410000 - 0x00007ff978419000 	C:\Windows\SYSTEM32\WSOCK32.dll
0x00007ff9a00a0000 - 0x00007ff9a010c000 	C:\Windows\System32\WS2_32.dll
0x00007ff99bca0000 - 0x00007ff99bcca000 	C:\Windows\SYSTEM32\WINMMBASE.dll
0x00007ff99da20000 - 0x00007ff99da6a000 	C:\Windows\System32\cfgmgr32.dll
0x0000000068480000 - 0x000000006848f000 	C:\Program Files\Java\jdk1.8.0_181\jre\bin\verify.dll
0x0000000068290000 - 0x00000000682b9000 	C:\Program Files\Java\jdk1.8.0_181\jre\bin\java.dll
0x0000000068120000 - 0x0000000068136000 	C:\Program Files\Java\jdk1.8.0_181\jre\bin\zip.dll
0x00007ff9a01b0000 - 0x00007ff9a15e8000 	C:\Windows\System32\SHELL32.dll
0x00007ff99f4d0000 - 0x00007ff99f576000 	C:\Windows\System32\shcore.dll
0x00007ff99e340000 - 0x00007ff99ea87000 	C:\Windows\System32\windows.storage.dll
0x00007ff99f880000 - 0x00007ff99f8d1000 	C:\Windows\System32\shlwapi.dll
0x00007ff99da00000 - 0x00007ff99da11000 	C:\Windows\System32\kernel.appcore.dll
0x00007ff99d970000 - 0x00007ff99d9bc000 	C:\Windows\System32\powrprof.dll
0x00007ff99d9c0000 - 0x00007ff99d9db000 	C:\Windows\System32\profapi.dll
0x0000000067600000 - 0x000000006761a000 	C:\Program Files\Java\jdk1.8.0_181\jre\bin\net.dll
0x00007ff99d200000 - 0x00007ff99d266000 	C:\Windows\system32\mswsock.dll
0x00007ff99cf90000 - 0x00007ff99cfc9000 	C:\Windows\SYSTEM32\IPHLPAPI.DLL
0x00007ff99f8e0000 - 0x00007ff99f8e8000 	C:\Windows\System32\NSI.dll
0x00007ff998bd0000 - 0x00007ff998be6000 	C:\Windows\SYSTEM32\dhcpcsvc6.DLL
0x00007ff998bb0000 - 0x00007ff998bca000 	C:\Windows\SYSTEM32\dhcpcsvc.DLL
0x00007ff99cfd0000 - 0x00007ff99d086000 	C:\Windows\SYSTEM32\DNSAPI.dll
0x00007ff998470000 - 0x00007ff99847a000 	C:\Windows\System32\rasadhlp.dll
0x00000000675d0000 - 0x00000000675dd000 	C:\Program Files\Java\jdk1.8.0_181\jre\bin\management.dll
0x00007ff991690000 - 0x00007ff9916a6000 	C:\Windows\system32\napinsp.dll
0x00007ff9916b0000 - 0x00007ff9916ca000 	C:\Windows\system32\pnrpnsp.dll
0x00007ff99a470000 - 0x00007ff99a488000 	C:\Windows\system32\NLAapi.dll
0x00007ff9916d0000 - 0x00007ff9916de000 	C:\Windows\System32\winrnr.dll
0x00007ff9988e0000 - 0x00007ff998950000 	C:\Windows\System32\fwpuclnt.dll
0x00007ff99d4d0000 - 0x00007ff99d4f5000 	C:\Windows\SYSTEM32\bcrypt.dll
0x00000000675e0000 - 0x00000000675f1000 	C:\Program Files\Java\jdk1.8.0_181\jre\bin\nio.dll
0x00007ff99d3c0000 - 0x00007ff99d3d7000 	C:\Windows\SYSTEM32\CRYPTSP.dll
0x00007ff99ce00000 - 0x00007ff99ce33000 	C:\Windows\system32\rsaenh.dll
0x00007ff99d8a0000 - 0x00007ff99d8c9000 	C:\Windows\SYSTEM32\USERENV.dll
0x00007ff99d3e0000 - 0x00007ff99d3eb000 	C:\Windows\SYSTEM32\CRYPTBASE.dll

VM Arguments:
jvm_args: -Dserver.port=8001 -Dfile.encoding=UTF-8 
java_command: com.zensar.forx.ForxService1Application
java_class_path (initial): D:\SUSMITA\AdvancedJava\microService\Forx-Service1\target\classes;C:\Users\TRG\.m2\repository\org\springframework\boot\spring-boot-starter-data-jpa\2.2.0.RELEASE\spring-boot-starter-data-jpa-2.2.0.RELEASE.jar;C:\Users\TRG\.m2\repository\org\springframework\boot\spring-boot-starter-aop\2.2.0.RELEASE\spring-boot-starter-aop-2.2.0.RELEASE.jar;C:\Users\TRG\.m2\repository\org\springframework\spring-aop\5.2.0.RELEASE\spring-aop-5.2.0.RELEASE.jar;C:\Users\TRG\.m2\repository\org\aspectj\aspectjweaver\1.9.4\aspectjweaver-1.9.4.jar;C:\Users\TRG\.m2\repository\org\springframework\boot\spring-boot-starter-jdbc\2.2.0.RELEASE\spring-boot-starter-jdbc-2.2.0.RELEASE.jar;C:\Users\TRG\.m2\repository\com\zaxxer\HikariCP\3.4.1\HikariCP-3.4.1.jar;C:\Users\TRG\.m2\repository\org\springframework\spring-jdbc\5.2.0.RELEASE\spring-jdbc-5.2.0.RELEASE.jar;C:\Users\TRG\.m2\repository\jakarta\activation\jakarta.activation-api\1.2.1\jakarta.activation-api-1.2.1.jar;C:\Users\TRG\.m2\repository\jakarta\persistence\jakarta.persistence-api\2.2.3\jakarta.persistence-api-2.2.3.jar;C:\Users\TRG\.m2\repository\jakarta\transaction\jakarta.transaction-api\1.3.3\jakarta.transaction-api-1.3.3.jar;C:\Users\TRG\.m2\repository\org\hibernate\hibernate-core\5.4.6.Final\hibernate-core-5.4.6.Final.jar;C:\Users\TRG\.m2\repository\org\jboss\logging\jboss-logging\3.4.1.Final\jboss-logging-3.4.1.Final.jar;C:\Users\TRG\.m2\repository\org\javassist\javassist\3.24.0-GA\javassist-3.24.0-GA.jar;C:\Users\TRG\.m2\repository\net\bytebuddy\byte-buddy\1.10.1\byte-buddy-1.10.1.jar;C:\Users\TRG\.m2\repository\antlr\antlr\2.7.7\antlr-2.7.7.jar;C:\Users\TRG\.m2\repository\org\jboss\jandex\2.0.5.Final\jandex-2.0.5.Final.jar;C:\Users\TRG\.m2\repository\com\fasterxml\classmate\1.5.0\classmate-1.5.0.jar;C:\Users\TRG\.m2\repository\org\dom4j\dom4j\2.1.1\dom4j-2.1.1.jar;C:\Users\TRG\.m2\repository\org\hibernate\common\hibernate-commons-annotations\5.1.0.Final\hibernate-commons-annotations-5.1.0.Final.jar;C:\Us
Launcher Type: SUN_STANDARD

Environment Variables:
JAVA_HOME=C:\Program Files\Java\jdk1.8.0_181
PATH=C:/Program Files/Java/jdk1.8.0_181/bin/../jre/bin/server;C:/Program Files/Java/jdk1.8.0_181/bin/../jre/bin;C:/Program Files/Java/jdk1.8.0_181/bin/../jre/lib/amd64;C:\Program Files\Java\jdk1.8.0_181\bin;C:\orant\bin;D:\ORACLEXE\app\oracle\product\10.2.0\server\bin;D:\app\TRG\product\11.2.0\dbhome_3\bin;D:\app\TRG\product\11.2.0\dbhome_2\bin;D:\app\TRG\product\11.2.0\dbhome_1\bin;C:\ProgramData\Oracle\Java\javapath;C:\Windows\system32;C:\Windows;C:\Windows\System32\Wbem;C:\Windows\System32\WindowsPowerShell\v1.0\;C:\Program Files\PuTTY\;C:\Program Files\Microsoft VS Code\bin;C:\Program Files\Java\jdk-9.0.4\bin;C:\orant\jdk\bin;C:\Program Files (x86)\Brackets\command;C:\Program Files\Microsoft SQL Server\120\DTS\Binn\;C:\Program Files\Microsoft SQL Server\Client SDK\ODBC\110\Tools\Binn\;C:\Program Files (x86)\Microsoft SQL Server\120\Tools\Binn\;C:\Program Files\Microsoft SQL Server\120\Tools\Binn\;C:\Program Files (x86)\Microsoft SQL Server\120\Tools\Binn\ManagementStudio\;C:\Program Files (x86)\Microsoft SQL Server\120\DTS\Binn\;C:\Program Files\dotnet\;C:\Program Files\Microsoft SQL Server\130\Tools\Binn\;C:\Program Files\Git\cmd;D:\SUSMITA\AdvancedJava\AD_javaSoft\apache-maven-3.6.2-bin\apache-maven-3.6.2\bin;D:\SUSMITA\AdvancedJava\AD_javaSoft\gradle-5.6.2-bin\gradle-5.6.2\bin;C:\Program Files\nodejs\;C:\Users\TRG\AppData\Roaming\npm;C:\Users\TRG\AppData\Local\Microsoft\WindowsApps;C:\Program Files\Java\jdk-9.0.4\bin;C:\Program Files\Java\jdk1.8.0_181\bin;C:\Users\TRG\AppData\Roaming\npm;D:\SUSMITA\AdvancedJava\AD_javaSoft\spring-tool-suite-4-4.4.0.RELEASE-e4.13.0-win32.win32.x86_64\sts-4.4.0.RELEASE;
USERNAME=TRG
OS=Windows_NT
PROCESSOR_IDENTIFIER=Intel64 Family 6 Model 60 Stepping 3, GenuineIntel



---------------  S Y S T E M  ---------------

OS: Windows 10.0 , 64 bit Build 16299 (10.0.16299.431)

CPU:total 4 (initial active 4) (2 cores per cpu, 2 threads per core) family 6 model 60 stepping 3, cmov, cx8, fxsr, mmx, sse, sse2, sse3, ssse3, sse4.1, sse4.2, popcnt, avx, avx2, aes, clmul, erms, lzcnt, ht, tsc, tscinvbit, bmi1, bmi2

Memory: 4k page, physical 6208032k(427324k free), swap 12401156k(5224k free)

vm_info: Java HotSpot(TM) 64-Bit Server VM (25.181-b13) for windows-amd64 JRE (1.8.0_181-b13), built on Jul  7 2018 04:01:33 by "java_re" with MS VC++ 10.0 (VS2010)

time: Tue Oct 22 12:44:42 2019
elapsed time: 6 seconds (0d 0h 0m 6s)

