#
# There is insufficient memory for the Java Runtime Environment to continue.
# Native memory allocation (malloc) failed to allocate 869936 bytes for Chunk::new
# Possible reasons:
#   The system is out of physical RAM or swap space
#   In 32 bit mode, the process size limit was hit
# Possible solutions:
#   Reduce memory load on the system
#   Increase physical memory or swap space
#   Check if swap backing store is full
#   Use 64 bit Java on a 64 bit OS
#   Decrease Java heap size (-Xmx/-Xms)
#   Decrease number of Java threads
#   Decrease Java thread stack sizes (-Xss)
#   Set larger code cache with -XX:ReservedCodeCacheSize=
# This output file may be truncated or incomplete.
#
#  Out of Memory Error (allocation.cpp:390), pid=12940, tid=0x00000000000000c8
#
# JRE version: Java(TM) SE Runtime Environment (8.0_181-b13) (build 1.8.0_181-b13)
# Java VM: Java HotSpot(TM) 64-Bit Server VM (25.181-b13 mixed mode windows-amd64 compressed oops)
# Failed to write core dump. Minidumps are not enabled by default on client versions of Windows
#

---------------  T H R E A D  ---------------

Current thread (0x0000000018b90000):  JavaThread "C2 CompilerThread1" daemon [_thread_in_native, id=200, stack(0x000000001a3f0000,0x000000001a4f0000)]

Stack: [0x000000001a3f0000,0x000000001a4f0000]
[error occurred during error reporting (printing stack bounds), id 0xc0000005]

Native frames: (J=compiled Java code, j=interpreted, Vv=VM code, C=native code)


Current CompileTask:
C2:   6251 3087       4       org.springframework.beans.factory.support.AbstractBeanFactory::isTypeMatch (607 bytes)


---------------  P R O C E S S  ---------------

Java Threads: ( => current thread )
  0x000000001f67d800 JavaThread "HikariPool-1 connection adder" daemon [_thread_blocked, id=17236, stack(0x00000000227c0000,0x00000000228c0000)]
  0x000000001da78800 JavaThread "container-0" [_thread_blocked, id=10732, stack(0x00000000226c0000,0x00000000227c0000)]
  0x000000001da76000 JavaThread "Catalina-utility-2" [_thread_blocked, id=14128, stack(0x00000000225c0000,0x00000000226c0000)]
  0x000000001da77800 JavaThread "Catalina-utility-1" [_thread_blocked, id=15524, stack(0x00000000224c0000,0x00000000225c0000)]
  0x000000001da75800 JavaThread "HikariPool-1 housekeeper" daemon [_thread_blocked, id=3420, stack(0x00000000223c0000,0x00000000224c0000)]
  0x000000001a783800 JavaThread "restartedMain" [_thread_in_vm, id=15140, stack(0x000000001b630000,0x000000001b730000)]
  0x000000001b247000 JavaThread "Thread-0" [_thread_blocked, id=18704, stack(0x000000001b530000,0x000000001b630000)]
  0x000000001a620800 JavaThread "Service Thread" daemon [_thread_blocked, id=1780, stack(0x000000001a9f0000,0x000000001aaf0000)]
  0x0000000018ba0000 JavaThread "C1 CompilerThread2" daemon [_thread_blocked, id=18336, stack(0x000000001a4f0000,0x000000001a5f0000)]
=>0x0000000018b90000 JavaThread "C2 CompilerThread1" daemon [_thread_in_native, id=200, stack(0x000000001a3f0000,0x000000001a4f0000)]
  0x0000000018b8e000 JavaThread "C2 CompilerThread0" daemon [_thread_in_native, id=1040, stack(0x000000001a2f0000,0x000000001a3f0000)]
  0x0000000018b9e000 JavaThread "Attach Listener" daemon [_thread_blocked, id=16108, stack(0x000000001a1f0000,0x000000001a2f0000)]
  0x0000000018b9d000 JavaThread "Signal Dispatcher" daemon [_thread_blocked, id=15868, stack(0x000000001a0f0000,0x000000001a1f0000)]
  0x0000000018b7a000 JavaThread "Finalizer" daemon [_thread_blocked, id=18456, stack(0x0000000019e00000,0x0000000019f00000)]
  0x0000000018b59000 JavaThread "Reference Handler" daemon [_thread_blocked, id=8852, stack(0x0000000019d00000,0x0000000019e00000)]
  0x00000000051d4800 JavaThread "main" [_thread_blocked, id=9928, stack(0x00000000050d0000,0x00000000051d0000)]

Other Threads:
  0x0000000018b58000 VMThread [stack: 0x0000000019c00000,0x0000000019d00000] [id=9920]
  0x0000000018bed800 WatcherThread [stack: 0x000000001aaf0000,0x000000001abf0000] [id=5448]

VM state:not at safepoint (normal execution)

VM Mutex/Monitor currently owned by a thread: None

Heap:
 PSYoungGen      total 168960K, used 19320K [0x00000000e0700000, 0x00000000eeb00000, 0x0000000100000000)
  eden space 158208K, 12% used [0x00000000e0700000,0x00000000e19de1a8,0x00000000ea180000)
  from space 10752K, 0% used [0x00000000ea180000,0x00000000ea180000,0x00000000eac00000)
  to   space 11776K, 0% used [0x00000000edf80000,0x00000000edf80000,0x00000000eeb00000)
 ParOldGen       total 41984K, used 13284K [0x00000000a1400000, 0x00000000a3d00000, 0x00000000e0700000)
  object space 41984K, 31% used [0x00000000a1400000,0x00000000a20f93b8,0x00000000a3d00000)
 Metaspace       used 36202K, capacity 38015K, committed 38312K, reserved 1083392K
  class space    used 4643K, capacity 4981K, committed 5032K, reserved 1048576K

Card table byte_map: [0x0000000014690000,0x0000000014990000] byte_map_base: 0x0000000014186000

Marking Bits: (ParMarkBitMap*) 0x0000000067e42d00
 Begin Bits: [0x0000000014f90000, 0x0000000016740000)
 End Bits:   [0x0000000016740000, 0x0000000017ef0000)

Polling page: 0x0000000005010000

CodeCache: size=245760Kb used=10804Kb max_used=10819Kb free=234955Kb
 bounds [0x00000000052d0000, 0x0000000005d70000, 0x00000000142d0000]
 total_blobs=3560 nmethods=3121 adapters=351
 compilation: enabled

Compilation events (10 events):
Event: 6.142 Thread 0x0000000018ba0000 nmethod 3161 0x0000000005d24d10 code [0x0000000005d24e60, 0x0000000005d24f70]
Event: 6.152 Thread 0x0000000018ba0000 3163       3       java.lang.Class::getMethods (17 bytes)
Event: 6.152 Thread 0x0000000018ba0000 nmethod 3163 0x0000000005d24850 code [0x0000000005d249e0, 0x0000000005d24c18]
Event: 6.152 Thread 0x0000000018ba0000 3164   !   3       com.sun.proxy.$Proxy39::annotationType (29 bytes)
Event: 6.153 Thread 0x0000000018ba0000 nmethod 3164 0x0000000005d3cf10 code [0x0000000005d3d0a0, 0x0000000005d3d4d8]
Event: 6.161 Thread 0x0000000018ba0000 3165       3       java.io.File::isDirectory (43 bytes)
Event: 6.162 Thread 0x0000000018ba0000 nmethod 3165 0x0000000005d3d690 code [0x0000000005d3d820, 0x0000000005d3dc88]
Event: 6.162 Thread 0x0000000018ba0000 3166       3       org.springframework.util.AntPathMatcher::skipSeparator (30 bytes)
Event: 6.163 Thread 0x0000000018ba0000 nmethod 3166 0x0000000005d3ddd0 code [0x0000000005d3df60, 0x0000000005d3e348]
Event: 6.163 Thread 0x0000000018ba0000 3167       3       org.springframework.util.AntPathMatcher::skipSegment (75 bytes)

GC Heap History (10 events):
Event: 2.280 GC heap before
{Heap before GC invocations=7 (full 1):
 PSYoungGen      total 105984K, used 6713K [0x00000000e0700000, 0x00000000e7a00000, 0x0000000100000000)
  eden space 97280K, 0% used [0x00000000e0700000,0x00000000e0700000,0x00000000e6600000)
  from space 8704K, 77% used [0x00000000e6f80000,0x00000000e760e4b0,0x00000000e7800000)
  to   space 9728K, 0% used [0x00000000e6600000,0x00000000e6600000,0x00000000e6f80000)
 ParOldGen       total 65536K, used 5077K [0x00000000a1400000, 0x00000000a5400000, 0x00000000e0700000)
  object space 65536K, 7% used [0x00000000a1400000,0x00000000a18f5620,0x00000000a5400000)
 Metaspace       used 20571K, capacity 21253K, committed 21296K, reserved 1067008K
  class space    used 2670K, capacity 2864K, committed 2864K, reserved 1048576K
Event: 2.329 GC heap after
Heap after GC invocations=7 (full 1):
 PSYoungGen      total 105984K, used 0K [0x00000000e0700000, 0x00000000e7a00000, 0x0000000100000000)
  eden space 97280K, 0% used [0x00000000e0700000,0x00000000e0700000,0x00000000e6600000)
  from space 8704K, 0% used [0x00000000e6f80000,0x00000000e6f80000,0x00000000e7800000)
  to   space 9728K, 0% used [0x00000000e6600000,0x00000000e6600000,0x00000000e6f80000)
 ParOldGen       total 41984K, used 6998K [0x00000000a1400000, 0x00000000a3d00000, 0x00000000e0700000)
  object space 41984K, 16% used [0x00000000a1400000,0x00000000a1ad5978,0x00000000a3d00000)
 Metaspace       used 20569K, capacity 21247K, committed 21296K, reserved 1067008K
  class space    used 2669K, capacity 2863K, committed 2864K, reserved 1048576K
}
Event: 3.787 GC heap before
{Heap before GC invocations=8 (full 1):
 PSYoungGen      total 105984K, used 97280K [0x00000000e0700000, 0x00000000e7a00000, 0x0000000100000000)
  eden space 97280K, 100% used [0x00000000e0700000,0x00000000e6600000,0x00000000e6600000)
  from space 8704K, 0% used [0x00000000e6f80000,0x00000000e6f80000,0x00000000e7800000)
  to   space 9728K, 0% used [0x00000000e6600000,0x00000000e6600000,0x00000000e6f80000)
 ParOldGen       total 41984K, used 6998K [0x00000000a1400000, 0x00000000a3d00000, 0x00000000e0700000)
  object space 41984K, 16% used [0x00000000a1400000,0x00000000a1ad5978,0x00000000a3d00000)
 Metaspace       used 23559K, capacity 24475K, committed 24624K, reserved 1071104K
  class space    used 3041K, capacity 3264K, committed 3376K, reserved 1048576K
Event: 3.798 GC heap after
Heap after GC invocations=8 (full 1):
 PSYoungGen      total 107008K, used 5595K [0x00000000e0700000, 0x00000000eb680000, 0x0000000100000000)
  eden space 97280K, 0% used [0x00000000e0700000,0x00000000e0700000,0x00000000e6600000)
  from space 9728K, 57% used [0x00000000e6600000,0x00000000e6b76d10,0x00000000e6f80000)
  to   space 9216K, 0% used [0x00000000ead80000,0x00000000ead80000,0x00000000eb680000)
 ParOldGen       total 41984K, used 7006K [0x00000000a1400000, 0x00000000a3d00000, 0x00000000e0700000)
  object space 41984K, 16% used [0x00000000a1400000,0x00000000a1ad7978,0x00000000a3d00000)
 Metaspace       used 23559K, capacity 24475K, committed 24624K, reserved 1071104K
  class space    used 3041K, capacity 3264K, committed 3376K, reserved 1048576K
}
Event: 4.938 GC heap before
{Heap before GC invocations=9 (full 1):
 PSYoungGen      total 107008K, used 102832K [0x00000000e0700000, 0x00000000eb680000, 0x0000000100000000)
  eden space 97280K, 99% used [0x00000000e0700000,0x00000000e65f5438,0x00000000e6600000)
  from space 9728K, 57% used [0x00000000e6600000,0x00000000e6b76d10,0x00000000e6f80000)
  to   space 9216K, 0% used [0x00000000ead80000,0x00000000ead80000,0x00000000eb680000)
 ParOldGen       total 41984K, used 7006K [0x00000000a1400000, 0x00000000a3d00000, 0x00000000e0700000)
  object space 41984K, 16% used [0x00000000a1400000,0x00000000a1ad7978,0x00000000a3d00000)
 Metaspace       used 29939K, capacity 31659K, committed 31920K, reserved 1077248K
  class space    used 3938K, capacity 4269K, committed 4272K, reserved 1048576K
Event: 4.951 GC heap after
Heap after GC invocations=9 (full 1):
 PSYoungGen      total 165888K, used 9190K [0x00000000e0700000, 0x00000000eb680000, 0x0000000100000000)
  eden space 156672K, 0% used [0x00000000e0700000,0x00000000e0700000,0x00000000ea000000)
  from space 9216K, 99% used [0x00000000ead80000,0x00000000eb679bc0,0x00000000eb680000)
  to   space 10752K, 0% used [0x00000000ea180000,0x00000000ea180000,0x00000000eac00000)
 ParOldGen       total 41984K, used 7723K [0x00000000a1400000, 0x00000000a3d00000, 0x00000000e0700000)
  object space 41984K, 18% used [0x00000000a1400000,0x00000000a1b8ae98,0x00000000a3d00000)
 Metaspace       used 29939K, capacity 31659K, committed 31920K, reserved 1077248K
  class space    used 3938K, capacity 4269K, committed 4272K, reserved 1048576K
}
Event: 5.847 GC heap before
{Heap before GC invocations=10 (full 1):
 PSYoungGen      total 165888K, used 76387K [0x00000000e0700000, 0x00000000eb680000, 0x0000000100000000)
  eden space 156672K, 42% used [0x00000000e0700000,0x00000000e489f3b8,0x00000000ea000000)
  from space 9216K, 99% used [0x00000000ead80000,0x00000000eb679bc0,0x00000000eb680000)
  to   space 10752K, 0% used [0x00000000ea180000,0x00000000ea180000,0x00000000eac00000)
 ParOldGen       total 41984K, used 7723K [0x00000000a1400000, 0x00000000a3d00000, 0x00000000e0700000)
  object space 41984K, 18% used [0x00000000a1400000,0x00000000a1b8ae98,0x00000000a3d00000)
 Metaspace       used 33671K, capacity 35391K, committed 35496K, reserved 1079296K
  class space    used 4350K, capacity 4673K, committed 4776K, reserved 1048576K
Event: 5.857 GC heap after
Heap after GC invocations=10 (full 1):
 PSYoungGen      total 168960K, used 9562K [0x00000000e0700000, 0x00000000eeb00000, 0x0000000100000000)
  eden space 158208K, 0% used [0x00000000e0700000,0x00000000e0700000,0x00000000ea180000)
  from space 10752K, 88% used [0x00000000ea180000,0x00000000eaad6a30,0x00000000eac00000)
  to   space 11776K, 0% used [0x00000000edf80000,0x00000000edf80000,0x00000000eeb00000)
 ParOldGen       total 41984K, used 7731K [0x00000000a1400000, 0x00000000a3d00000, 0x00000000e0700000)
  object space 41984K, 18% used [0x00000000a1400000,0x00000000a1b8ce98,0x00000000a3d00000)
 Metaspace       used 33671K, capacity 35391K, committed 35496K, reserved 1079296K
  class space    used 4350K, capacity 4673K, committed 4776K, reserved 1048576K
}
Event: 5.857 GC heap before
{Heap before GC invocations=11 (full 2):
 PSYoungGen      total 168960K, used 9562K [0x00000000e0700000, 0x00000000eeb00000, 0x0000000100000000)
  eden space 158208K, 0% used [0x00000000e0700000,0x00000000e0700000,0x00000000ea180000)
  from space 10752K, 88% used [0x00000000ea180000,0x00000000eaad6a30,0x00000000eac00000)
  to   space 11776K, 0% used [0x00000000edf80000,0x00000000edf80000,0x00000000eeb00000)
 ParOldGen       total 41984K, used 7731K [0x00000000a1400000, 0x00000000a3d00000, 0x00000000e0700000)
  object space 41984K, 18% used [0x00000000a1400000,0x00000000a1b8ce98,0x00000000a3d00000)
 Metaspace       used 33671K, capacity 35391K, committed 35496K, reserved 1079296K
  class space    used 4350K, capacity 4673K, committed 4776K, reserved 1048576K
Event: 5.922 GC heap after
Heap after GC invocations=11 (full 2):
 PSYoungGen      total 168960K, used 0K [0x00000000e0700000, 0x00000000eeb00000, 0x0000000100000000)
  eden space 158208K, 0% used [0x00000000e0700000,0x00000000e0700000,0x00000000ea180000)
  from space 10752K, 0% used [0x00000000ea180000,0x00000000ea180000,0x00000000eac00000)
  to   space 11776K, 0% used [0x00000000edf80000,0x00000000edf80000,0x00000000eeb00000)
 ParOldGen       total 41984K, used 13284K [0x00000000a1400000, 0x00000000a3d00000, 0x00000000e0700000)
  object space 41984K, 31% used [0x00000000a1400000,0x00000000a20f93b8,0x00000000a3d00000)
 Metaspace       used 33671K, capacity 35391K, committed 35496K, reserved 1079296K
  class space    used 4350K, capacity 4673K, committed 4776K, reserved 1048576K
}

Deoptimization events (10 events):
Event: 4.673 Thread 0x000000001a783800 Uncommon trap: reason=unstable_if action=reinterpret pc=0x00000000059ec640 method=java.util.LinkedHashMap.get(Ljava/lang/Object;)Ljava/lang/Object; @ 20
Event: 5.339 Thread 0x000000001a783800 Uncommon trap: reason=class_check action=maybe_recompile pc=0x0000000005a3c2b4 method=java.util.zip.InflaterInputStream.read([BII)I @ 100
Event: 5.341 Thread 0x000000001a783800 Uncommon trap: reason=class_check action=maybe_recompile pc=0x0000000005a3c2b4 method=java.util.zip.InflaterInputStream.read([BII)I @ 100
Event: 5.343 Thread 0x000000001a783800 Uncommon trap: reason=class_check action=maybe_recompile pc=0x0000000005a3c2b4 method=java.util.zip.InflaterInputStream.read([BII)I @ 100
Event: 5.343 Thread 0x000000001a783800 Uncommon trap: reason=class_check action=maybe_recompile pc=0x0000000005a3c2b4 method=java.util.zip.InflaterInputStream.read([BII)I @ 100
Event: 5.589 Thread 0x000000001a783800 Uncommon trap: reason=unstable_if action=reinterpret pc=0x0000000005c518dc method=org.springframework.boot.context.properties.source.ConfigurationPropertyName.dashIgnoringElementEquals(Lorg/springframework/boot/context/properties/source/ConfigurationPrope
Event: 5.607 Thread 0x000000001a783800 Uncommon trap: reason=unstable_if action=reinterpret pc=0x0000000005692ec8 method=org.springframework.boot.context.properties.source.ConfigurationPropertyName.equals(Ljava/lang/Object;)Z @ 8
Event: 5.607 Thread 0x000000001a783800 Uncommon trap: reason=unstable_if action=reinterpret pc=0x000000000568cfb0 method=java.util.HashMap.getNode(ILjava/lang/Object;)Ljava/util/HashMap$Node; @ 129
Event: 5.619 Thread 0x000000001a783800 Uncommon trap: reason=unstable_if action=reinterpret pc=0x000000000550aec8 method=java.lang.AbstractStringBuilder.append(Ljava/lang/String;)Ljava/lang/AbstractStringBuilder; @ 1
Event: 5.684 Thread 0x000000001a783800 Uncommon trap: reason=bimorphic action=maybe_recompile pc=0x0000000005c8ff9c method=java.util.Properties$LineReader.readLine()I @ 410

Classes redefined (0 events):
No events

Internal exceptions (10 events):
Event: 5.621 Thread 0x000000001a783800 Exception <a 'java/lang/NullPointerException'> (0x00000000e3947e38) thrown at [C:\re\workspace\8-2-build-windows-amd64-cygwin\jdk8u181\11358\hotspot\src\share\vm\runtime\sharedRuntime.cpp, line 605]
Event: 5.621 Thread 0x000000001a783800 Implicit null exception at 0x00000000058a1a8d to 0x00000000058a1ffc
Event: 5.621 Thread 0x000000001a783800 Exception <a 'java/lang/NullPointerException'> (0x00000000e3948c88) thrown at [C:\re\workspace\8-2-build-windows-amd64-cygwin\jdk8u181\11358\hotspot\src\share\vm\runtime\sharedRuntime.cpp, line 605]
Event: 5.621 Thread 0x000000001a783800 Implicit null exception at 0x00000000058a1a8d to 0x00000000058a1ffc
Event: 5.621 Thread 0x000000001a783800 Exception <a 'java/lang/NullPointerException'> (0x00000000e3949ad8) thrown at [C:\re\workspace\8-2-build-windows-amd64-cygwin\jdk8u181\11358\hotspot\src\share\vm\runtime\sharedRuntime.cpp, line 605]
Event: 5.621 Thread 0x000000001a783800 Implicit null exception at 0x00000000058a1a8d to 0x00000000058a1ffc
Event: 5.621 Thread 0x000000001a783800 Exception <a 'java/lang/NullPointerException'> (0x00000000e394a918) thrown at [C:\re\workspace\8-2-build-windows-amd64-cygwin\jdk8u181\11358\hotspot\src\share\vm\runtime\sharedRuntime.cpp, line 605]
Event: 5.621 Thread 0x000000001a783800 Implicit null exception at 0x00000000058a1a8d to 0x00000000058a1ffc
Event: 5.621 Thread 0x000000001a783800 Exception <a 'java/lang/NullPointerException'> (0x00000000e394b748) thrown at [C:\re\workspace\8-2-build-windows-amd64-cygwin\jdk8u181\11358\hotspot\src\share\vm\runtime\sharedRuntime.cpp, line 605]
Event: 6.034 Thread 0x000000001a783800 Exception <a 'java/io/FileNotFoundException'> (0x00000000e0d2ee78) thrown at [C:\re\workspace\8-2-build-windows-amd64-cygwin\jdk8u181\11358\hotspot\src\share\vm\prims\jni.cpp, line 709]

Events (10 events):
Event: 6.154 loading class org/springframework/instrument/classloading/SimpleThrowawayClassLoader
Event: 6.154 loading class org/springframework/instrument/classloading/SimpleThrowawayClassLoader done
Event: 6.154 loading class org/springframework/core/OverridingClassLoader
Event: 6.154 loading class org/springframework/core/OverridingClassLoader done
Event: 6.155 loading class org/springframework/instrument/InstrumentationSavingAgent
Event: 6.155 loading class org/springframework/instrument/InstrumentationSavingAgent done
Event: 6.155 loading class org/springframework/instrument$InstrumentationSavingAgent
Event: 6.155 loading class org/springframework/instrument$InstrumentationSavingAgent done
Event: 6.155 loading class org/springframework/orm/jpa/persistenceunit/PersistenceUnitReader
Event: 6.155 loading class org/springframework/orm/jpa/persistenceunit/PersistenceUnitReader done


Dynamic libraries:
0x00007ff760e40000 - 0x00007ff760e77000 	C:\Program Files\Java\jdk1.8.0_181\bin\javaw.exe
0x00007ff9a1620000 - 0x00007ff9a1800000 	C:\Windows\SYSTEM32\ntdll.dll
0x00007ff99fee0000 - 0x00007ff99ff8e000 	C:\Windows\System32\KERNEL32.DLL
0x00007ff99dd60000 - 0x00007ff99dfc6000 	C:\Windows\System32\KERNELBASE.dll
0x00007ff99ebf0000 - 0x00007ff99ec91000 	C:\Windows\System32\ADVAPI32.dll
0x00007ff99fe40000 - 0x00007ff99fedd000 	C:\Windows\System32\msvcrt.dll
0x00007ff99f180000 - 0x00007ff99f1db000 	C:\Windows\System32\sechost.dll
0x00007ff99f330000 - 0x00007ff99f44f000 	C:\Windows\System32\RPCRT4.dll
0x00007ff99f580000 - 0x00007ff99f70f000 	C:\Windows\System32\USER32.dll
0x00007ff99db70000 - 0x00007ff99db90000 	C:\Windows\System32\win32u.dll
0x00007ff99eaf0000 - 0x00007ff99eb18000 	C:\Windows\System32\GDI32.dll
0x00007ff99e1a0000 - 0x00007ff99e333000 	C:\Windows\System32\gdi32full.dll
0x00007ff99e050000 - 0x00007ff99e0eb000 	C:\Windows\System32\msvcp_win.dll
0x00007ff99da70000 - 0x00007ff99db65000 	C:\Windows\System32\ucrtbase.dll
0x00007ff992630000 - 0x00007ff992899000 	C:\Windows\WinSxS\amd64_microsoft.windows.common-controls_6595b64144ccf1df_6.0.16299.847_none_15cddd1e93602b6a\COMCTL32.dll
0x00007ff99fb30000 - 0x00007ff99fe36000 	C:\Windows\System32\combase.dll
0x00007ff99dfd0000 - 0x00007ff99e042000 	C:\Windows\System32\bcryptPrimitives.dll
0x00007ff99eca0000 - 0x00007ff99eccd000 	C:\Windows\System32\IMM32.DLL
0x00007ff94f720000 - 0x00007ff94f7d2000 	C:\Program Files\McAfee\Endpoint Security\Threat Prevention\Ips\EpMPApi.dll
0x00007ff99ea90000 - 0x00007ff99eae8000 	C:\Windows\System32\WINTRUST.dll
0x00007ff99d9e0000 - 0x00007ff99d9f2000 	C:\Windows\System32\MSASN1.dll
0x00007ff99db90000 - 0x00007ff99dd5e000 	C:\Windows\System32\CRYPT32.dll
0x0000000068f80000 - 0x0000000068f8c000 	C:\Program Files\McAfee\Endpoint Security\Threat Prevention\Ips\EpMPThe.dll
0x00000000674f0000 - 0x00000000675c2000 	C:\Program Files\Java\jdk1.8.0_181\jre\bin\msvcr100.dll
0x0000000067620000 - 0x0000000067ec2000 	C:\Program Files\Java\jdk1.8.0_181\jre\bin\server\jvm.dll
0x00007ff99fb20000 - 0x00007ff99fb28000 	C:\Windows\System32\PSAPI.DLL
0x00007ff99bd00000 - 0x00007ff99bd23000 	C:\Windows\SYSTEM32\WINMM.dll
0x00007ff978410000 - 0x00007ff978419000 	C:\Windows\SYSTEM32\WSOCK32.dll
0x00007ff991d90000 - 0x00007ff991d9a000 	C:\Windows\SYSTEM32\VERSION.dll
0x00007ff9a00a0000 - 0x00007ff9a010c000 	C:\Windows\System32\WS2_32.dll
0x00007ff99bca0000 - 0x00007ff99bcca000 	C:\Windows\SYSTEM32\winmmbase.dll
0x00007ff99da20000 - 0x00007ff99da6a000 	C:\Windows\System32\cfgmgr32.dll
0x0000000068480000 - 0x000000006848f000 	C:\Program Files\Java\jdk1.8.0_181\jre\bin\verify.dll
0x0000000068290000 - 0x00000000682b9000 	C:\Program Files\Java\jdk1.8.0_181\jre\bin\java.dll
0x0000000068120000 - 0x0000000068136000 	C:\Program Files\Java\jdk1.8.0_181\jre\bin\zip.dll
0x00007ff9a01b0000 - 0x00007ff9a15e8000 	C:\Windows\System32\SHELL32.dll
0x00007ff99f4d0000 - 0x00007ff99f576000 	C:\Windows\System32\shcore.dll
0x00007ff99e340000 - 0x00007ff99ea87000 	C:\Windows\System32\windows.storage.dll
0x00007ff99f880000 - 0x00007ff99f8d1000 	C:\Windows\System32\shlwapi.dll
0x00007ff99da00000 - 0x00007ff99da11000 	C:\Windows\System32\kernel.appcore.dll
0x00007ff99d970000 - 0x00007ff99d9bc000 	C:\Windows\System32\powrprof.dll
0x00007ff99d9c0000 - 0x00007ff99d9db000 	C:\Windows\System32\profapi.dll
0x00000000675d0000 - 0x00000000675dd000 	C:\Program Files\Java\jdk1.8.0_181\jre\bin\management.dll
0x0000000067600000 - 0x000000006761a000 	C:\Program Files\Java\jdk1.8.0_181\jre\bin\net.dll
0x00007ff99d200000 - 0x00007ff99d266000 	C:\Windows\system32\mswsock.dll
0x00007ff991690000 - 0x00007ff9916a6000 	C:\Windows\system32\napinsp.dll
0x00007ff9916b0000 - 0x00007ff9916ca000 	C:\Windows\system32\pnrpnsp.dll
0x00007ff99a470000 - 0x00007ff99a488000 	C:\Windows\system32\NLAapi.dll
0x00007ff99cfd0000 - 0x00007ff99d086000 	C:\Windows\SYSTEM32\DNSAPI.dll
0x00007ff99f8e0000 - 0x00007ff99f8e8000 	C:\Windows\System32\NSI.dll
0x00007ff99cf90000 - 0x00007ff99cfc9000 	C:\Windows\SYSTEM32\IPHLPAPI.DLL
0x00007ff9916d0000 - 0x00007ff9916de000 	C:\Windows\System32\winrnr.dll
0x00007ff998470000 - 0x00007ff99847a000 	C:\Windows\System32\rasadhlp.dll
0x00007ff9988e0000 - 0x00007ff998950000 	C:\Windows\System32\fwpuclnt.dll
0x00007ff99d4d0000 - 0x00007ff99d4f5000 	C:\Windows\SYSTEM32\bcrypt.dll
0x00000000675e0000 - 0x00000000675f1000 	C:\Program Files\Java\jdk1.8.0_181\jre\bin\nio.dll
0x00007ff99d3c0000 - 0x00007ff99d3d7000 	C:\Windows\SYSTEM32\CRYPTSP.dll
0x00007ff99ce00000 - 0x00007ff99ce33000 	C:\Windows\system32\rsaenh.dll
0x00007ff99d8a0000 - 0x00007ff99d8c9000 	C:\Windows\SYSTEM32\USERENV.dll
0x00007ff99d3e0000 - 0x00007ff99d3eb000 	C:\Windows\SYSTEM32\CRYPTBASE.dll
0x00007ff998bd0000 - 0x00007ff998be6000 	C:\Windows\SYSTEM32\dhcpcsvc6.DLL
0x00007ff998bb0000 - 0x00007ff998bca000 	C:\Windows\SYSTEM32\dhcpcsvc.DLL

VM Arguments:
jvm_args: -Dserver.port=8002 -Dfile.encoding=UTF-8 
java_command: com.zensar.forx.ForxService1Application
java_class_path (initial): D:\SUSMITA\AdvancedJava\microService\Forx-Service1\target\classes;C:\Users\TRG\.m2\repository\org\springframework\boot\spring-boot-starter-data-jpa\2.2.0.RELEASE\spring-boot-starter-data-jpa-2.2.0.RELEASE.jar;C:\Users\TRG\.m2\repository\org\springframework\boot\spring-boot-starter-aop\2.2.0.RELEASE\spring-boot-starter-aop-2.2.0.RELEASE.jar;C:\Users\TRG\.m2\repository\org\springframework\spring-aop\5.2.0.RELEASE\spring-aop-5.2.0.RELEASE.jar;C:\Users\TRG\.m2\repository\org\aspectj\aspectjweaver\1.9.4\aspectjweaver-1.9.4.jar;C:\Users\TRG\.m2\repository\org\springframework\boot\spring-boot-starter-jdbc\2.2.0.RELEASE\spring-boot-starter-jdbc-2.2.0.RELEASE.jar;C:\Users\TRG\.m2\repository\com\zaxxer\HikariCP\3.4.1\HikariCP-3.4.1.jar;C:\Users\TRG\.m2\repository\org\springframework\spring-jdbc\5.2.0.RELEASE\spring-jdbc-5.2.0.RELEASE.jar;C:\Users\TRG\.m2\repository\jakarta\activation\jakarta.activation-api\1.2.1\jakarta.activation-api-1.2.1.jar;C:\Users\TRG\.m2\repository\jakarta\persistence\jakarta.persistence-api\2.2.3\jakarta.persistence-api-2.2.3.jar;C:\Users\TRG\.m2\repository\jakarta\transaction\jakarta.transaction-api\1.3.3\jakarta.transaction-api-1.3.3.jar;C:\Users\TRG\.m2\repository\org\hibernate\hibernate-core\5.4.6.Final\hibernate-core-5.4.6.Final.jar;C:\Users\TRG\.m2\repository\org\jboss\logging\jboss-logging\3.4.1.Final\jboss-logging-3.4.1.Final.jar;C:\Users\TRG\.m2\repository\org\javassist\javassist\3.24.0-GA\javassist-3.24.0-GA.jar;C:\Users\TRG\.m2\repository\net\bytebuddy\byte-buddy\1.10.1\byte-buddy-1.10.1.jar;C:\Users\TRG\.m2\repository\antlr\antlr\2.7.7\antlr-2.7.7.jar;C:\Users\TRG\.m2\repository\org\jboss\jandex\2.0.5.Final\jandex-2.0.5.Final.jar;C:\Users\TRG\.m2\repository\com\fasterxml\classmate\1.5.0\classmate-1.5.0.jar;C:\Users\TRG\.m2\repository\org\dom4j\dom4j\2.1.1\dom4j-2.1.1.jar;C:\Users\TRG\.m2\repository\org\hibernate\common\hibernate-commons-annotations\5.1.0.Final\hibernate-commons-annotations-5.1.0.Final.jar;C:\Us
Launcher Type: SUN_STANDARD

Environment Variables:
JAVA_HOME=C:\Program Files\Java\jdk1.8.0_181
PATH=C:/Program Files/Java/jdk1.8.0_181/bin/../jre/bin/server;C:/Program Files/Java/jdk1.8.0_181/bin/../jre/bin;C:/Program Files/Java/jdk1.8.0_181/bin/../jre/lib/amd64;C:\Program Files\Java\jdk1.8.0_181\bin;C:\orant\bin;D:\ORACLEXE\app\oracle\product\10.2.0\server\bin;D:\app\TRG\product\11.2.0\dbhome_3\bin;D:\app\TRG\product\11.2.0\dbhome_2\bin;D:\app\TRG\product\11.2.0\dbhome_1\bin;C:\ProgramData\Oracle\Java\javapath;C:\Windows\system32;C:\Windows;C:\Windows\System32\Wbem;C:\Windows\System32\WindowsPowerShell\v1.0\;C:\Program Files\PuTTY\;C:\Program Files\Microsoft VS Code\bin;C:\Program Files\Java\jdk-9.0.4\bin;C:\orant\jdk\bin;C:\Program Files (x86)\Brackets\command;C:\Program Files\Microsoft SQL Server\120\DTS\Binn\;C:\Program Files\Microsoft SQL Server\Client SDK\ODBC\110\Tools\Binn\;C:\Program Files (x86)\Microsoft SQL Server\120\Tools\Binn\;C:\Program Files\Microsoft SQL Server\120\Tools\Binn\;C:\Program Files (x86)\Microsoft SQL Server\120\Tools\Binn\ManagementStudio\;C:\Program Files (x86)\Microsoft SQL Server\120\DTS\Binn\;C:\Program Files\dotnet\;C:\Program Files\Microsoft SQL Server\130\Tools\Binn\;C:\Program Files\Git\cmd;D:\SUSMITA\AdvancedJava\AD_javaSoft\apache-maven-3.6.2-bin\apache-maven-3.6.2\bin;D:\SUSMITA\AdvancedJava\AD_javaSoft\gradle-5.6.2-bin\gradle-5.6.2\bin;C:\Program Files\nodejs\;C:\Users\TRG\AppData\Roaming\npm;C:\Users\TRG\AppData\Local\Microsoft\WindowsApps;C:\Program Files\Java\jdk-9.0.4\bin;C:\Program Files\Java\jdk1.8.0_181\bin;C:\Users\TRG\AppData\Roaming\npm;D:\SUSMITA\AdvancedJava\AD_javaSoft\spring-tool-suite-4-4.4.0.RELEASE-e4.13.0-win32.win32.x86_64\sts-4.4.0.RELEASE;
USERNAME=TRG
OS=Windows_NT
PROCESSOR_IDENTIFIER=Intel64 Family 6 Model 60 Stepping 3, GenuineIntel



---------------  S Y S T E M  ---------------

OS: Windows 10.0 , 64 bit Build 16299 (10.0.16299.431)

CPU:total 4 (initial active 4) (2 cores per cpu, 2 threads per core) family 6 model 60 stepping 3, cmov, cx8, fxsr, mmx, sse, sse2, sse3, ssse3, sse4.1, sse4.2, popcnt, avx, avx2, aes, clmul, erms, lzcnt, ht, tsc, tscinvbit, bmi1, bmi2

Memory: 4k page, physical 6208032k(657984k free), swap 12401156k(12564k free)

vm_info: Java HotSpot(TM) 64-Bit Server VM (25.181-b13) for windows-amd64 JRE (1.8.0_181-b13), built on Jul  7 2018 04:01:33 by "java_re" with MS VC++ 10.0 (VS2010)

time: Tue Oct 22 11:43:30 2019
elapsed time: 6 seconds (0d 0h 0m 6s)

