#
# There is insufficient memory for the Java Runtime Environment to continue.
# Native memory allocation (malloc) failed to allocate 229296 bytes for Chunk::new
# Possible reasons:
#   The system is out of physical RAM or swap space
#   In 32 bit mode, the process size limit was hit
# Possible solutions:
#   Reduce memory load on the system
#   Increase physical memory or swap space
#   Check if swap backing store is full
#   Use 64 bit Java on a 64 bit OS
#   Decrease Java heap size (-Xmx/-Xms)
#   Decrease number of Java threads
#   Decrease Java thread stack sizes (-Xss)
#   Set larger code cache with -XX:ReservedCodeCacheSize=
# This output file may be truncated or incomplete.
#
#  Out of Memory Error (allocation.cpp:390), pid=15556, tid=0x0000000000002dd0
#
# JRE version: Java(TM) SE Runtime Environment (8.0_181-b13) (build 1.8.0_181-b13)
# Java VM: Java HotSpot(TM) 64-Bit Server VM (25.181-b13 mixed mode windows-amd64 compressed oops)
# Failed to write core dump. Minidumps are not enabled by default on client versions of Windows
#

---------------  T H R E A D  ---------------

Current thread (0x000000001820a000):  JavaThread "C2 CompilerThread1" daemon [_thread_in_native, id=11728, stack(0x0000000019a70000,0x0000000019b70000)]

Stack: [0x0000000019a70000,0x0000000019b70000]
[error occurred during error reporting (printing stack bounds), id 0xc0000005]

Native frames: (J=compiled Java code, j=interpreted, Vv=VM code, C=native code)


Current CompileTask:
C2:   2527 1327   !   4       java.net.URL::<init> (543 bytes)


---------------  P R O C E S S  ---------------

Java Threads: ( => current thread )
  0x000000001ae7e000 JavaThread "background-preinit" [_thread_in_Java, id=12476, stack(0x000000001bd80000,0x000000001be80000)]
  0x000000001a83f000 JavaThread "restartedMain" [_thread_in_vm, id=9920, stack(0x000000001bc80000,0x000000001bd80000)]
  0x000000001a83e800 JavaThread "Thread-0" [_thread_blocked, id=13792, stack(0x000000001bb80000,0x000000001bc80000)]
  0x0000000019c98800 JavaThread "Service Thread" daemon [_thread_blocked, id=11216, stack(0x000000001a070000,0x000000001a170000)]
  0x000000001820f000 JavaThread "C1 CompilerThread2" daemon [_thread_blocked, id=19328, stack(0x0000000019b70000,0x0000000019c70000)]
=>0x000000001820a000 JavaThread "C2 CompilerThread1" daemon [_thread_in_native, id=11728, stack(0x0000000019a70000,0x0000000019b70000)]
  0x0000000018208000 JavaThread "C2 CompilerThread0" daemon [_thread_in_native, id=6024, stack(0x0000000019970000,0x0000000019a70000)]
  0x0000000018206000 JavaThread "Attach Listener" daemon [_thread_blocked, id=17072, stack(0x0000000019870000,0x0000000019970000)]
  0x0000000018205000 JavaThread "Signal Dispatcher" daemon [_thread_blocked, id=15376, stack(0x0000000019770000,0x0000000019870000)]
  0x000000000491b000 JavaThread "Finalizer" daemon [_thread_blocked, id=5880, stack(0x0000000019470000,0x0000000019570000)]
  0x0000000004918000 JavaThread "Reference Handler" daemon [_thread_blocked, id=15456, stack(0x0000000019370000,0x0000000019470000)]
  0x0000000004828000 JavaThread "main" [_thread_blocked, id=16308, stack(0x0000000004720000,0x0000000004820000)]

Other Threads:
  0x00000000181c8000 VMThread [stack: 0x0000000019270000,0x0000000019370000] [id=17292]
  0x000000001825e800 WatcherThread [stack: 0x000000001a170000,0x000000001a270000] [id=7424]

VM state:not at safepoint (normal execution)

VM Mutex/Monitor currently owned by a thread: None

Heap:
 PSYoungGen      total 53248K, used 39705K [0x00000000e0700000, 0x00000000e3f00000, 0x0000000100000000)
  eden space 49152K, 72% used [0x00000000e0700000,0x00000000e29c7708,0x00000000e3700000)
  from space 4096K, 99% used [0x00000000e3b00000,0x00000000e3efef10,0x00000000e3f00000)
  to   space 4096K, 0% used [0x00000000e3700000,0x00000000e3700000,0x00000000e3b00000)
 ParOldGen       total 65536K, used 2285K [0x00000000a1400000, 0x00000000a5400000, 0x00000000e0700000)
  object space 65536K, 3% used [0x00000000a1400000,0x00000000a163b720,0x00000000a5400000)
 Metaspace       used 14050K, capacity 14542K, committed 14848K, reserved 1062912K
  class space    used 1802K, capacity 1921K, committed 2048K, reserved 1048576K

Card table byte_map: [0x0000000013ce0000,0x0000000013fe0000] byte_map_base: 0x00000000137d6000

Marking Bits: (ParMarkBitMap*) 0x0000000067e42d00
 Begin Bits: [0x00000000145e0000, 0x0000000015d90000)
 End Bits:   [0x0000000015d90000, 0x0000000017540000)

Polling page: 0x00000000046c0000

CodeCache: size=245760Kb used=4512Kb max_used=4536Kb free=241247Kb
 bounds [0x0000000004920000, 0x0000000004da0000, 0x0000000013920000]
 total_blobs=1701 nmethods=1361 adapters=252
 compilation: enabled

Compilation events (10 events):
Event: 2.489 Thread 0x000000001820f000 1357       3       ch.qos.logback.classic.Logger::isTraceEnabled (6 bytes)
Event: 2.489 Thread 0x000000001820f000 nmethod 1357 0x0000000004d77650 code [0x0000000004d777c0, 0x0000000004d779c8]
Event: 2.489 Thread 0x000000001820f000 1358       3       java.lang.ProcessEnvironment::containsKey (9 bytes)
Event: 2.489 Thread 0x000000001820f000 nmethod 1358 0x0000000004d77a50 code [0x0000000004d77c00, 0x0000000004d78208]
Event: 2.490 Thread 0x000000001820f000 1359       3       org.springframework.core.env.SystemEnvironmentPropertySource::checkPropertyName (97 bytes)
Event: 2.491 Thread 0x000000001820f000 nmethod 1359 0x0000000004d78490 code [0x0000000004d78680, 0x0000000004d78f18]
Event: 2.491 Thread 0x000000001820f000 1361       3       ch.qos.logback.classic.Logger::callTurboFilters (14 bytes)
Event: 2.491 Thread 0x000000001820f000 nmethod 1361 0x0000000004d79150 code [0x0000000004d792e0, 0x0000000004d797c8]
Event: 2.491 Thread 0x000000001820f000 1360       3       java.util.HashSet::size (8 bytes)
Event: 2.491 Thread 0x000000001820f000 nmethod 1360 0x0000000004d79a10 code [0x0000000004d79b60, 0x0000000004d79d50]

GC Heap History (8 events):
Event: 1.642 GC heap before
{Heap before GC invocations=1 (full 0):
 PSYoungGen      total 28672K, used 24576K [0x00000000e0700000, 0x00000000e2700000, 0x0000000100000000)
  eden space 24576K, 100% used [0x00000000e0700000,0x00000000e1f00000,0x00000000e1f00000)
  from space 4096K, 0% used [0x00000000e2300000,0x00000000e2300000,0x00000000e2700000)
  to   space 4096K, 0% used [0x00000000e1f00000,0x00000000e1f00000,0x00000000e2300000)
 ParOldGen       total 65536K, used 0K [0x00000000a1400000, 0x00000000a5400000, 0x00000000e0700000)
  object space 65536K, 0% used [0x00000000a1400000,0x00000000a1400000,0x00000000a5400000)
 Metaspace       used 7375K, capacity 7500K, committed 7680K, reserved 1056768K
  class space    used 852K, capacity 910K, committed 1024K, reserved 1048576K
Event: 1.648 GC heap after
Heap after GC invocations=1 (full 0):
 PSYoungGen      total 28672K, used 4010K [0x00000000e0700000, 0x00000000e2700000, 0x0000000100000000)
  eden space 24576K, 0% used [0x00000000e0700000,0x00000000e0700000,0x00000000e1f00000)
  from space 4096K, 97% used [0x00000000e1f00000,0x00000000e22ea820,0x00000000e2300000)
  to   space 4096K, 0% used [0x00000000e2300000,0x00000000e2300000,0x00000000e2700000)
 ParOldGen       total 65536K, used 8K [0x00000000a1400000, 0x00000000a5400000, 0x00000000e0700000)
  object space 65536K, 0% used [0x00000000a1400000,0x00000000a1402000,0x00000000a5400000)
 Metaspace       used 7375K, capacity 7500K, committed 7680K, reserved 1056768K
  class space    used 852K, capacity 910K, committed 1024K, reserved 1048576K
}
Event: 1.658 GC heap before
{Heap before GC invocations=2 (full 0):
 PSYoungGen      total 28672K, used 28541K [0x00000000e0700000, 0x00000000e2700000, 0x0000000100000000)
  eden space 24576K, 99% used [0x00000000e0700000,0x00000000e1ef4c58,0x00000000e1f00000)
  from space 4096K, 97% used [0x00000000e1f00000,0x00000000e22ea820,0x00000000e2300000)
  to   space 4096K, 0% used [0x00000000e2300000,0x00000000e2300000,0x00000000e2700000)
 ParOldGen       total 65536K, used 8K [0x00000000a1400000, 0x00000000a5400000, 0x00000000e0700000)
  object space 65536K, 0% used [0x00000000a1400000,0x00000000a1402000,0x00000000a5400000)
 Metaspace       used 7383K, capacity 7500K, committed 7680K, reserved 1056768K
  class space    used 852K, capacity 910K, committed 1024K, reserved 1048576K
Event: 1.662 GC heap after
Heap after GC invocations=2 (full 0):
 PSYoungGen      total 28672K, used 2028K [0x00000000e0700000, 0x00000000e3f00000, 0x0000000100000000)
  eden space 24576K, 0% used [0x00000000e0700000,0x00000000e0700000,0x00000000e1f00000)
  from space 4096K, 49% used [0x00000000e2300000,0x00000000e24fb000,0x00000000e2700000)
  to   space 4096K, 0% used [0x00000000e1f00000,0x00000000e1f00000,0x00000000e2300000)
 ParOldGen       total 65536K, used 16K [0x00000000a1400000, 0x00000000a5400000, 0x00000000e0700000)
  object space 65536K, 0% used [0x00000000a1400000,0x00000000a1404000,0x00000000a5400000)
 Metaspace       used 7383K, capacity 7500K, committed 7680K, reserved 1056768K
  class space    used 852K, capacity 910K, committed 1024K, reserved 1048576K
}
Event: 1.750 GC heap before
{Heap before GC invocations=3 (full 0):
 PSYoungGen      total 28672K, used 26604K [0x00000000e0700000, 0x00000000e3f00000, 0x0000000100000000)
  eden space 24576K, 100% used [0x00000000e0700000,0x00000000e1f00000,0x00000000e1f00000)
  from space 4096K, 49% used [0x00000000e2300000,0x00000000e24fb000,0x00000000e2700000)
  to   space 4096K, 0% used [0x00000000e1f00000,0x00000000e1f00000,0x00000000e2300000)
 ParOldGen       total 65536K, used 16K [0x00000000a1400000, 0x00000000a5400000, 0x00000000e0700000)
  object space 65536K, 0% used [0x00000000a1400000,0x00000000a1404000,0x00000000a5400000)
 Metaspace       used 7420K, capacity 7564K, committed 7680K, reserved 1056768K
  class space    used 853K, capacity 910K, committed 1024K, reserved 1048576K
Event: 1.762 GC heap after
Heap after GC invocations=3 (full 0):
 PSYoungGen      total 28672K, used 4088K [0x00000000e0700000, 0x00000000e3f00000, 0x0000000100000000)
  eden space 24576K, 0% used [0x00000000e0700000,0x00000000e0700000,0x00000000e1f00000)
  from space 4096K, 99% used [0x00000000e1f00000,0x00000000e22fe010,0x00000000e2300000)
  to   space 4096K, 0% used [0x00000000e3b00000,0x00000000e3b00000,0x00000000e3f00000)
 ParOldGen       total 65536K, used 1670K [0x00000000a1400000, 0x00000000a5400000, 0x00000000e0700000)
  object space 65536K, 2% used [0x00000000a1400000,0x00000000a15a18d8,0x00000000a5400000)
 Metaspace       used 7420K, capacity 7564K, committed 7680K, reserved 1056768K
  class space    used 853K, capacity 910K, committed 1024K, reserved 1048576K
}
Event: 2.117 GC heap before
{Heap before GC invocations=4 (full 0):
 PSYoungGen      total 28672K, used 28664K [0x00000000e0700000, 0x00000000e3f00000, 0x0000000100000000)
  eden space 24576K, 100% used [0x00000000e0700000,0x00000000e1f00000,0x00000000e1f00000)
  from space 4096K, 99% used [0x00000000e1f00000,0x00000000e22fe010,0x00000000e2300000)
  to   space 4096K, 0% used [0x00000000e3b00000,0x00000000e3b00000,0x00000000e3f00000)
 ParOldGen       total 65536K, used 1670K [0x00000000a1400000, 0x00000000a5400000, 0x00000000e0700000)
  object space 65536K, 2% used [0x00000000a1400000,0x00000000a15a18d8,0x00000000a5400000)
 Metaspace       used 11128K, capacity 11398K, committed 11648K, reserved 1058816K
  class space    used 1291K, capacity 1366K, committed 1408K, reserved 1048576K
Event: 2.125 GC heap after
Heap after GC invocations=4 (full 0):
 PSYoungGen      total 53248K, used 4091K [0x00000000e0700000, 0x00000000e3f00000, 0x0000000100000000)
  eden space 49152K, 0% used [0x00000000e0700000,0x00000000e0700000,0x00000000e3700000)
  from space 4096K, 99% used [0x00000000e3b00000,0x00000000e3efef10,0x00000000e3f00000)
  to   space 4096K, 0% used [0x00000000e3700000,0x00000000e3700000,0x00000000e3b00000)
 ParOldGen       total 65536K, used 2285K [0x00000000a1400000, 0x00000000a5400000, 0x00000000e0700000)
  object space 65536K, 3% used [0x00000000a1400000,0x00000000a163b720,0x00000000a5400000)
 Metaspace       used 11128K, capacity 11398K, committed 11648K, reserved 1058816K
  class space    used 1291K, capacity 1366K, committed 1408K, reserved 1048576K
}

Deoptimization events (10 events):
Event: 1.887 Thread 0x000000001a83f000 Uncommon trap: reason=bimorphic action=maybe_recompile pc=0x0000000004bf1d8c method=java.util.HashMap.putVal(ILjava/lang/Object;Ljava/lang/Object;ZZ)Ljava/lang/Object; @ 152
Event: 1.887 Thread 0x000000001a83f000 Uncommon trap: reason=bimorphic action=maybe_recompile pc=0x0000000004bf1d8c method=java.util.HashMap.putVal(ILjava/lang/Object;Ljava/lang/Object;ZZ)Ljava/lang/Object; @ 152
Event: 1.980 Thread 0x000000001ae7e000 Uncommon trap: reason=unstable_if action=reinterpret pc=0x0000000004c55078 method=java.util.HashMap.hash(Ljava/lang/Object;)I @ 1
Event: 2.170 Thread 0x000000001a83f000 Uncommon trap: reason=unstable_if action=reinterpret pc=0x0000000004be9350 method=java.util.HashMap.getNode(ILjava/lang/Object;)Ljava/util/HashMap$Node; @ 129
Event: 2.199 Thread 0x000000001ae7e000 Uncommon trap: reason=unstable_if action=reinterpret pc=0x0000000004c59a00 method=sun.misc.MetaIndex.mayContain(Ljava/lang/String;)Z @ 38
Event: 2.199 Thread 0x000000001ae7e000 Uncommon trap: reason=unstable_if action=reinterpret pc=0x0000000004bf8814 method=java.lang.ThreadLocal$ThreadLocalMap.getEntry(Ljava/lang/ThreadLocal;)Ljava/lang/ThreadLocal$ThreadLocalMap$Entry; @ 21
Event: 2.204 Thread 0x000000001ae7e000 Uncommon trap: reason=unstable_if action=reinterpret pc=0x0000000004b6bd84 method=sun.misc.MetaIndex.mayContain(Ljava/lang/String;)Z @ 38
Event: 2.438 Thread 0x000000001ae7e000 Uncommon trap: reason=unstable_if action=reinterpret pc=0x0000000004bbc578 method=java.util.HashMap.getNode(ILjava/lang/Object;)Ljava/util/HashMap$Node; @ 129
Event: 2.486 Thread 0x000000001a83f000 Uncommon trap: reason=unstable_if action=reinterpret pc=0x0000000004bf48f8 method=java.lang.ThreadLocal$ThreadLocalMap.getEntry(Ljava/lang/ThreadLocal;)Ljava/lang/ThreadLocal$ThreadLocalMap$Entry; @ 21
Event: 2.490 Thread 0x000000001a83f000 Uncommon trap: reason=unstable_if action=reinterpret pc=0x0000000004cd3700 method=org.springframework.boot.context.properties.source.ConfigurationPropertyName$ElementsParser.isAlpha(C)Z @ 9

Classes redefined (0 events):
No events

Internal exceptions (10 events):
Event: 1.612 Thread 0x0000000004828000 Exception <a 'java/lang/ArrayIndexOutOfBoundsException': 134> (0x00000000e1c56688) thrown at [C:\re\workspace\8-2-build-windows-amd64-cygwin\jdk8u181\11358\hotspot\src\share\vm\interpreter\interpreterRuntime.cpp, line 366]
Event: 1.789 Thread 0x000000001a83e800 Exception <a 'java/lang/NoSuchMethodError': java.lang.Object.lambda$static$0(Ljava/lang/Throwable;)Lorg/springframework/boot/devtools/restart/FailureHandler$Outcome;> (0x00000000e080b218) thrown at [C:\re\workspace\8-2-build-windows-amd64-cygwin\jdk8u181\
Event: 1.849 Thread 0x000000001a83f000 Implicit null exception at 0x0000000004c1f9bc to 0x0000000004c21c7d
Event: 1.878 Thread 0x000000001ae7e000 Implicit null exception at 0x0000000004bfa447 to 0x0000000004bfa8bd
Event: 1.885 Thread 0x000000001a83f000 Exception <a 'java/io/FileNotFoundException'> (0x00000000e0d12b80) thrown at [C:\re\workspace\8-2-build-windows-amd64-cygwin\jdk8u181\11358\hotspot\src\share\vm\prims\jni.cpp, line 709]
Event: 1.980 Thread 0x000000001ae7e000 Implicit null exception at 0x0000000004c5487b to 0x0000000004c5505d
Event: 2.065 Thread 0x000000001a83f000 Exception <a 'java/lang/NoSuchMethodError': java.lang.Object.lambda$chars$0()Ljava/util/Spliterator$OfInt;> (0x00000000e198f938) thrown at [C:\re\workspace\8-2-build-windows-amd64-cygwin\jdk8u181\11358\hotspot\src\share\vm\interpreter\linkResolver.cpp, li
Event: 2.199 Thread 0x000000001ae7e000 Implicit null exception at 0x0000000004bf8774 to 0x0000000004bf87f5
Event: 2.341 Thread 0x000000001ae38000 Exception <a 'java/net/UnknownHostException': PLATOW42S2202.ind.zensar.com> (0x00000000e13c6d38) thrown at [C:\re\workspace\8-2-build-windows-amd64-cygwin\jdk8u181\11358\hotspot\src\share\vm\prims\jni.cpp, line 735]
Event: 2.486 Thread 0x000000001a83f000 Implicit null exception at 0x0000000004bf4870 to 0x0000000004bf48dd

Events (10 events):
Event: 2.487 loading class ch/qos/logback/classic/jul/LevelChangePropagator done
Event: 2.490 Thread 0x000000001a83f000 Uncommon trap: trap_request=0xffffff65 fr.pc=0x0000000004cd3700
Event: 2.490 Thread 0x000000001a83f000 DEOPT PACKING pc=0x0000000004cd3700 sp=0x000000001bd7d660
Event: 2.490 Thread 0x000000001a83f000 DEOPT UNPACKING pc=0x000000000496583b sp=0x000000001bd7d538 mode 2
Event: 2.490 loading class org/springframework/boot/logging/logback/DefaultLogbackConfiguration
Event: 2.490 loading class org/springframework/boot/logging/logback/DefaultLogbackConfiguration done
Event: 2.491 loading class ch/qos/logback/core/rolling/RollingPolicy
Event: 2.491 loading class ch/qos/logback/core/rolling/RollingPolicy done
Event: 2.492 loading class ch/qos/logback/core/FileAppender
Event: 2.492 loading class ch/qos/logback/core/FileAppender done


Dynamic libraries:
0x00007ff760e40000 - 0x00007ff760e77000 	C:\Program Files\Java\jdk1.8.0_181\bin\javaw.exe
0x00007ff9a1620000 - 0x00007ff9a1800000 	C:\Windows\SYSTEM32\ntdll.dll
0x00007ff99fee0000 - 0x00007ff99ff8e000 	C:\Windows\System32\KERNEL32.DLL
0x00007ff99dd60000 - 0x00007ff99dfc6000 	C:\Windows\System32\KERNELBASE.dll
0x00007ff99ebf0000 - 0x00007ff99ec91000 	C:\Windows\System32\ADVAPI32.dll
0x00007ff99fe40000 - 0x00007ff99fedd000 	C:\Windows\System32\msvcrt.dll
0x00007ff99f180000 - 0x00007ff99f1db000 	C:\Windows\System32\sechost.dll
0x00007ff99f330000 - 0x00007ff99f44f000 	C:\Windows\System32\RPCRT4.dll
0x00007ff99f580000 - 0x00007ff99f70f000 	C:\Windows\System32\USER32.dll
0x00007ff99db70000 - 0x00007ff99db90000 	C:\Windows\System32\win32u.dll
0x00007ff99eaf0000 - 0x00007ff99eb18000 	C:\Windows\System32\GDI32.dll
0x00007ff99e1a0000 - 0x00007ff99e333000 	C:\Windows\System32\gdi32full.dll
0x00007ff99e050000 - 0x00007ff99e0eb000 	C:\Windows\System32\msvcp_win.dll
0x00007ff99da70000 - 0x00007ff99db65000 	C:\Windows\System32\ucrtbase.dll
0x00007ff992630000 - 0x00007ff992899000 	C:\Windows\WinSxS\amd64_microsoft.windows.common-controls_6595b64144ccf1df_6.0.16299.847_none_15cddd1e93602b6a\COMCTL32.dll
0x00007ff99fb30000 - 0x00007ff99fe36000 	C:\Windows\System32\combase.dll
0x00007ff99dfd0000 - 0x00007ff99e042000 	C:\Windows\System32\bcryptPrimitives.dll
0x00007ff99eca0000 - 0x00007ff99eccd000 	C:\Windows\System32\IMM32.DLL
0x00007ff94f720000 - 0x00007ff94f7d2000 	C:\Program Files\McAfee\Endpoint Security\Threat Prevention\Ips\EpMPApi.dll
0x00007ff99ea90000 - 0x00007ff99eae8000 	C:\Windows\System32\WINTRUST.dll
0x00007ff99d9e0000 - 0x00007ff99d9f2000 	C:\Windows\System32\MSASN1.dll
0x00007ff99db90000 - 0x00007ff99dd5e000 	C:\Windows\System32\CRYPT32.dll
0x0000000068f80000 - 0x0000000068f8c000 	C:\Program Files\McAfee\Endpoint Security\Threat Prevention\Ips\EpMPThe.dll
0x00000000674f0000 - 0x00000000675c2000 	C:\Program Files\Java\jdk1.8.0_181\jre\bin\msvcr100.dll
0x0000000067620000 - 0x0000000067ec2000 	C:\Program Files\Java\jdk1.8.0_181\jre\bin\server\jvm.dll
0x00007ff99fb20000 - 0x00007ff99fb28000 	C:\Windows\System32\PSAPI.DLL
0x00007ff978410000 - 0x00007ff978419000 	C:\Windows\SYSTEM32\WSOCK32.dll
0x00007ff9a00a0000 - 0x00007ff9a010c000 	C:\Windows\System32\WS2_32.dll
0x00007ff99bd00000 - 0x00007ff99bd23000 	C:\Windows\SYSTEM32\WINMM.dll
0x00007ff99bca0000 - 0x00007ff99bcca000 	C:\Windows\SYSTEM32\winmmbase.dll
0x00007ff991d90000 - 0x00007ff991d9a000 	C:\Windows\SYSTEM32\VERSION.dll
0x00007ff99da20000 - 0x00007ff99da6a000 	C:\Windows\System32\cfgmgr32.dll
0x0000000068480000 - 0x000000006848f000 	C:\Program Files\Java\jdk1.8.0_181\jre\bin\verify.dll
0x0000000068290000 - 0x00000000682b9000 	C:\Program Files\Java\jdk1.8.0_181\jre\bin\java.dll
0x0000000068120000 - 0x0000000068136000 	C:\Program Files\Java\jdk1.8.0_181\jre\bin\zip.dll
0x00007ff9a01b0000 - 0x00007ff9a15e8000 	C:\Windows\System32\SHELL32.dll
0x00007ff99f4d0000 - 0x00007ff99f576000 	C:\Windows\System32\shcore.dll
0x00007ff99e340000 - 0x00007ff99ea87000 	C:\Windows\System32\windows.storage.dll
0x00007ff99f880000 - 0x00007ff99f8d1000 	C:\Windows\System32\shlwapi.dll
0x00007ff99da00000 - 0x00007ff99da11000 	C:\Windows\System32\kernel.appcore.dll
0x00007ff99d970000 - 0x00007ff99d9bc000 	C:\Windows\System32\powrprof.dll
0x00007ff99d9c0000 - 0x00007ff99d9db000 	C:\Windows\System32\profapi.dll
0x0000000067600000 - 0x000000006761a000 	C:\Program Files\Java\jdk1.8.0_181\jre\bin\net.dll
0x00007ff99d200000 - 0x00007ff99d266000 	C:\Windows\system32\mswsock.dll
0x00007ff99cf90000 - 0x00007ff99cfc9000 	C:\Windows\SYSTEM32\IPHLPAPI.DLL
0x00007ff99f8e0000 - 0x00007ff99f8e8000 	C:\Windows\System32\NSI.dll
0x00007ff998bd0000 - 0x00007ff998be6000 	C:\Windows\SYSTEM32\dhcpcsvc6.DLL
0x00007ff998bb0000 - 0x00007ff998bca000 	C:\Windows\SYSTEM32\dhcpcsvc.DLL
0x00007ff99cfd0000 - 0x00007ff99d086000 	C:\Windows\SYSTEM32\DNSAPI.dll
0x00007ff998470000 - 0x00007ff99847a000 	C:\Windows\System32\rasadhlp.dll
0x00000000675d0000 - 0x00000000675dd000 	C:\Program Files\Java\jdk1.8.0_181\jre\bin\management.dll
0x00007ff991690000 - 0x00007ff9916a6000 	C:\Windows\system32\napinsp.dll
0x00007ff9916b0000 - 0x00007ff9916ca000 	C:\Windows\system32\pnrpnsp.dll
0x00007ff99a470000 - 0x00007ff99a488000 	C:\Windows\system32\NLAapi.dll
0x00007ff9916d0000 - 0x00007ff9916de000 	C:\Windows\System32\winrnr.dll
0x00007ff9988e0000 - 0x00007ff998950000 	C:\Windows\System32\fwpuclnt.dll
0x00007ff99d4d0000 - 0x00007ff99d4f5000 	C:\Windows\SYSTEM32\bcrypt.dll

VM Arguments:
jvm_args: -Dserver.port=8001 -Dfile.encoding=UTF-8 
java_command: com.zensar.forx.ForxService1Application
java_class_path (initial): D:\SUSMITA\AdvancedJava\microService\Forx-Service1\target\classes;C:\Users\TRG\.m2\repository\org\springframework\boot\spring-boot-starter-data-jpa\2.2.0.RELEASE\spring-boot-starter-data-jpa-2.2.0.RELEASE.jar;C:\Users\TRG\.m2\repository\org\springframework\boot\spring-boot-starter-aop\2.2.0.RELEASE\spring-boot-starter-aop-2.2.0.RELEASE.jar;C:\Users\TRG\.m2\repository\org\springframework\spring-aop\5.2.0.RELEASE\spring-aop-5.2.0.RELEASE.jar;C:\Users\TRG\.m2\repository\org\aspectj\aspectjweaver\1.9.4\aspectjweaver-1.9.4.jar;C:\Users\TRG\.m2\repository\org\springframework\boot\spring-boot-starter-jdbc\2.2.0.RELEASE\spring-boot-starter-jdbc-2.2.0.RELEASE.jar;C:\Users\TRG\.m2\repository\com\zaxxer\HikariCP\3.4.1\HikariCP-3.4.1.jar;C:\Users\TRG\.m2\repository\org\springframework\spring-jdbc\5.2.0.RELEASE\spring-jdbc-5.2.0.RELEASE.jar;C:\Users\TRG\.m2\repository\jakarta\activation\jakarta.activation-api\1.2.1\jakarta.activation-api-1.2.1.jar;C:\Users\TRG\.m2\repository\jakarta\persistence\jakarta.persistence-api\2.2.3\jakarta.persistence-api-2.2.3.jar;C:\Users\TRG\.m2\repository\jakarta\transaction\jakarta.transaction-api\1.3.3\jakarta.transaction-api-1.3.3.jar;C:\Users\TRG\.m2\repository\org\hibernate\hibernate-core\5.4.6.Final\hibernate-core-5.4.6.Final.jar;C:\Users\TRG\.m2\repository\org\jboss\logging\jboss-logging\3.4.1.Final\jboss-logging-3.4.1.Final.jar;C:\Users\TRG\.m2\repository\org\javassist\javassist\3.24.0-GA\javassist-3.24.0-GA.jar;C:\Users\TRG\.m2\repository\net\bytebuddy\byte-buddy\1.10.1\byte-buddy-1.10.1.jar;C:\Users\TRG\.m2\repository\antlr\antlr\2.7.7\antlr-2.7.7.jar;C:\Users\TRG\.m2\repository\org\jboss\jandex\2.0.5.Final\jandex-2.0.5.Final.jar;C:\Users\TRG\.m2\repository\com\fasterxml\classmate\1.5.0\classmate-1.5.0.jar;C:\Users\TRG\.m2\repository\org\dom4j\dom4j\2.1.1\dom4j-2.1.1.jar;C:\Users\TRG\.m2\repository\org\hibernate\common\hibernate-commons-annotations\5.1.0.Final\hibernate-commons-annotations-5.1.0.Final.jar;C:\Us
Launcher Type: SUN_STANDARD

Environment Variables:
JAVA_HOME=C:\Program Files\Java\jdk1.8.0_181
PATH=C:/Program Files/Java/jdk1.8.0_181/bin/../jre/bin/server;C:/Program Files/Java/jdk1.8.0_181/bin/../jre/bin;C:/Program Files/Java/jdk1.8.0_181/bin/../jre/lib/amd64;C:\Program Files\Java\jdk1.8.0_181\bin;C:\orant\bin;D:\ORACLEXE\app\oracle\product\10.2.0\server\bin;D:\app\TRG\product\11.2.0\dbhome_3\bin;D:\app\TRG\product\11.2.0\dbhome_2\bin;D:\app\TRG\product\11.2.0\dbhome_1\bin;C:\ProgramData\Oracle\Java\javapath;C:\Windows\system32;C:\Windows;C:\Windows\System32\Wbem;C:\Windows\System32\WindowsPowerShell\v1.0\;C:\Program Files\PuTTY\;C:\Program Files\Microsoft VS Code\bin;C:\Program Files\Java\jdk-9.0.4\bin;C:\orant\jdk\bin;C:\Program Files (x86)\Brackets\command;C:\Program Files\Microsoft SQL Server\120\DTS\Binn\;C:\Program Files\Microsoft SQL Server\Client SDK\ODBC\110\Tools\Binn\;C:\Program Files (x86)\Microsoft SQL Server\120\Tools\Binn\;C:\Program Files\Microsoft SQL Server\120\Tools\Binn\;C:\Program Files (x86)\Microsoft SQL Server\120\Tools\Binn\ManagementStudio\;C:\Program Files (x86)\Microsoft SQL Server\120\DTS\Binn\;C:\Program Files\dotnet\;C:\Program Files\Microsoft SQL Server\130\Tools\Binn\;C:\Program Files\Git\cmd;D:\SUSMITA\AdvancedJava\AD_javaSoft\apache-maven-3.6.2-bin\apache-maven-3.6.2\bin;D:\SUSMITA\AdvancedJava\AD_javaSoft\gradle-5.6.2-bin\gradle-5.6.2\bin;C:\Program Files\nodejs\;C:\Users\TRG\AppData\Roaming\npm;C:\Users\TRG\AppData\Local\Microsoft\WindowsApps;C:\Program Files\Java\jdk-9.0.4\bin;C:\Program Files\Java\jdk1.8.0_181\bin;C:\Users\TRG\AppData\Roaming\npm;D:\SUSMITA\AdvancedJava\AD_javaSoft\spring-tool-suite-4-4.4.0.RELEASE-e4.13.0-win32.win32.x86_64\sts-4.4.0.RELEASE;
USERNAME=TRG
OS=Windows_NT
PROCESSOR_IDENTIFIER=Intel64 Family 6 Model 60 Stepping 3, GenuineIntel



---------------  S Y S T E M  ---------------

OS: Windows 10.0 , 64 bit Build 16299 (10.0.16299.431)

CPU:total 4 (initial active 4) (2 cores per cpu, 2 threads per core) family 6 model 60 stepping 3, cmov, cx8, fxsr, mmx, sse, sse2, sse3, ssse3, sse4.1, sse4.2, popcnt, avx, avx2, aes, clmul, erms, lzcnt, ht, tsc, tscinvbit, bmi1, bmi2

Memory: 4k page, physical 6208032k(587756k free), swap 12401184k(9952k free)

vm_info: Java HotSpot(TM) 64-Bit Server VM (25.181-b13) for windows-amd64 JRE (1.8.0_181-b13), built on Jul  7 2018 04:01:33 by "java_re" with MS VC++ 10.0 (VS2010)

time: Tue Oct 22 14:10:34 2019
elapsed time: 2 seconds (0d 0h 0m 2s)

