#
# There is insufficient memory for the Java Runtime Environment to continue.
# Native memory allocation (malloc) failed to allocate 32744 bytes for ChunkPool::allocate
# Possible reasons:
#   The system is out of physical RAM or swap space
#   In 32 bit mode, the process size limit was hit
# Possible solutions:
#   Reduce memory load on the system
#   Increase physical memory or swap space
#   Check if swap backing store is full
#   Use 64 bit Java on a 64 bit OS
#   Decrease Java heap size (-Xmx/-Xms)
#   Decrease number of Java threads
#   Decrease Java thread stack sizes (-Xss)
#   Set larger code cache with -XX:ReservedCodeCacheSize=
# This output file may be truncated or incomplete.
#
#  Out of Memory Error (allocation.cpp:273), pid=17752, tid=0x000000000000130c
#
# JRE version: Java(TM) SE Runtime Environment (8.0_181-b13) (build 1.8.0_181-b13)
# Java VM: Java HotSpot(TM) 64-Bit Server VM (25.181-b13 mixed mode windows-amd64 compressed oops)
# Failed to write core dump. Minidumps are not enabled by default on client versions of Windows
#

---------------  T H R E A D  ---------------

Current thread (0x00000000181ee800):  JavaThread "C1 CompilerThread2" daemon [_thread_in_native, id=4876, stack(0x0000000019b30000,0x0000000019c30000)]

Stack: [0x0000000019b30000,0x0000000019c30000]
[error occurred during error reporting (printing stack bounds), id 0xc0000005]

Native frames: (J=compiled Java code, j=interpreted, Vv=VM code, C=native code)


Current CompileTask:
C1:   4406 2431   !   3       java.io.WinNTFileSystem::resolve (362 bytes)


---------------  P R O C E S S  ---------------

Java Threads: ( => current thread )
  0x000000001b891800 JavaThread "restartedMain" [_thread_in_native, id=2996, stack(0x000000001c680000,0x000000001c780000)]
  0x000000001b8ef800 JavaThread "Thread-2" [_thread_blocked, id=12608, stack(0x000000001c580000,0x000000001c680000)]
  0x000000001b812800 JavaThread "JMX server connection timeout 14" daemon [_thread_blocked, id=17616, stack(0x000000001c480000,0x000000001c580000)]
  0x000000001a9bf000 JavaThread "RMI Scheduler(0)" daemon [_thread_blocked, id=6276, stack(0x000000001c380000,0x000000001c480000)]
  0x000000001b733000 JavaThread "RMI TCP Connection(1)-10.42.22.25" daemon [_thread_in_native, id=18980, stack(0x000000001c280000,0x000000001c380000)]
  0x000000001af04800 JavaThread "RMI TCP Accept-0" daemon [_thread_in_native, id=17772, stack(0x000000001be80000,0x000000001bf80000)]
  0x000000001823e800 JavaThread "Service Thread" daemon [_thread_blocked, id=13300, stack(0x000000001a030000,0x000000001a130000)]
=>0x00000000181ee800 JavaThread "C1 CompilerThread2" daemon [_thread_in_native, id=4876, stack(0x0000000019b30000,0x0000000019c30000)]
  0x00000000181ea000 JavaThread "C2 CompilerThread1" daemon [_thread_in_native, id=17620, stack(0x0000000019a30000,0x0000000019b30000)]
  0x00000000181e8000 JavaThread "C2 CompilerThread0" daemon [_thread_in_native, id=16344, stack(0x0000000019930000,0x0000000019a30000)]
  0x00000000181e6800 JavaThread "Attach Listener" daemon [_thread_blocked, id=10444, stack(0x0000000019830000,0x0000000019930000)]
  0x00000000181e5000 JavaThread "Signal Dispatcher" daemon [_thread_blocked, id=11460, stack(0x0000000019730000,0x0000000019830000)]
  0x00000000181d0800 JavaThread "Finalizer" daemon [_thread_blocked, id=6472, stack(0x0000000019440000,0x0000000019540000)]
  0x00000000181a9800 JavaThread "Reference Handler" daemon [_thread_blocked, id=4076, stack(0x0000000019340000,0x0000000019440000)]
  0x0000000004828000 JavaThread "main" [_thread_blocked, id=19392, stack(0x0000000004720000,0x0000000004820000)]

Other Threads:
  0x00000000181a8000 VMThread [stack: 0x0000000019240000,0x0000000019340000] [id=5040]
  0x0000000019ccb000 WatcherThread [stack: 0x000000001a130000,0x000000001a230000] [id=14912]

VM state:not at safepoint (normal execution)

VM Mutex/Monitor currently owned by a thread: None

Heap:
 PSYoungGen      total 108032K, used 23148K [0x00000000e0700000, 0x00000000e7b00000, 0x0000000100000000)
  eden space 97792K, 16% used [0x00000000e0700000,0x00000000e1680e38,0x00000000e6680000)
  from space 10240K, 71% used [0x00000000e6680000,0x00000000e6d9a3d8,0x00000000e7080000)
  to   space 9728K, 0% used [0x00000000e7080000,0x00000000e7080000,0x00000000e7a00000)
 ParOldGen       total 46592K, used 9405K [0x00000000a1400000, 0x00000000a4180000, 0x00000000e0700000)
  object space 46592K, 20% used [0x00000000a1400000,0x00000000a1d2f690,0x00000000a4180000)
 Metaspace       used 27027K, capacity 28008K, committed 28208K, reserved 1073152K
  class space    used 3523K, capacity 3764K, committed 3888K, reserved 1048576K

Card table byte_map: [0x0000000013ce0000,0x0000000013fe0000] byte_map_base: 0x00000000137d6000

Marking Bits: (ParMarkBitMap*) 0x0000000067e42d00
 Begin Bits: [0x00000000145e0000, 0x0000000015d90000)
 End Bits:   [0x0000000015d90000, 0x0000000017540000)

Polling page: 0x0000000002770000

CodeCache: size=245760Kb used=7687Kb max_used=7687Kb free=238072Kb
 bounds [0x0000000004920000, 0x00000000050b0000, 0x0000000013920000]
 total_blobs=2839 nmethods=2427 adapters=324
 compilation: enabled

Compilation events (10 events):
Event: 4.363 Thread 0x00000000181ee800 nmethod 2426 0x00000000050a3490 code [0x00000000050a35e0, 0x00000000050a37b0]
Event: 4.363 Thread 0x00000000181ee800 2427       3       org.springframework.context.annotation.ConfigurationClassParser$SourceClass::hashCode (13 bytes)
Event: 4.364 Thread 0x00000000181ee800 nmethod 2427 0x00000000050a3850 code [0x00000000050a39c0, 0x00000000050a3c98]
Event: 4.364 Thread 0x00000000181ee800 2428       3       java.lang.Long::numberOfTrailingZeros (116 bytes)
Event: 4.364 Thread 0x00000000181ee800 nmethod 2428 0x00000000050a3d90 code [0x00000000050a3f00, 0x00000000050a4210]
Event: 4.365 Thread 0x00000000181ee800 2429       3       org.springframework.core.annotation.MergedAnnotationsCollection$AnnotationsSpliterator::tryAdvance (116 bytes)
Event: 4.365 Thread 0x00000000181ee800 nmethod 2429 0x00000000050a4290 code [0x00000000050a4460, 0x00000000050a4b58]
Event: 4.365 Thread 0x00000000181ee800 2430       3       java.util.RegularEnumSet$EnumSetIterator::next (5 bytes)
Event: 4.366 Thread 0x00000000181ee800 nmethod 2430 0x00000000050a4e90 code [0x00000000050a5000, 0x00000000050a51a8]
Event: 4.375 Thread 0x00000000181ee800 2431   !   3       java.io.WinNTFileSystem::resolve (362 bytes)

GC Heap History (10 events):
Event: 2.231 GC heap before
{Heap before GC invocations=4 (full 0):
 PSYoungGen      total 28672K, used 28593K [0x00000000e0700000, 0x00000000e3f00000, 0x0000000100000000)
  eden space 24576K, 99% used [0x00000000e0700000,0x00000000e1ef3310,0x00000000e1f00000)
  from space 4096K, 99% used [0x00000000e1f00000,0x00000000e22f9360,0x00000000e2300000)
  to   space 4096K, 0% used [0x00000000e3b00000,0x00000000e3b00000,0x00000000e3f00000)
 ParOldGen       total 65536K, used 1329K [0x00000000a1400000, 0x00000000a5400000, 0x00000000e0700000)
  object space 65536K, 2% used [0x00000000a1400000,0x00000000a154c540,0x00000000a5400000)
 Metaspace       used 13923K, capacity 14258K, committed 14592K, reserved 1062912K
  class space    used 1663K, capacity 1776K, committed 1792K, reserved 1048576K
Event: 2.243 GC heap after
Heap after GC invocations=4 (full 0):
 PSYoungGen      total 53248K, used 4064K [0x00000000e0700000, 0x00000000e3f00000, 0x0000000100000000)
  eden space 49152K, 0% used [0x00000000e0700000,0x00000000e0700000,0x00000000e3700000)
  from space 4096K, 99% used [0x00000000e3b00000,0x00000000e3ef82d0,0x00000000e3f00000)
  to   space 4096K, 0% used [0x00000000e3700000,0x00000000e3700000,0x00000000e3b00000)
 ParOldGen       total 65536K, used 4782K [0x00000000a1400000, 0x00000000a5400000, 0x00000000e0700000)
  object space 65536K, 7% used [0x00000000a1400000,0x00000000a18ab928,0x00000000a5400000)
 Metaspace       used 13923K, capacity 14258K, committed 14592K, reserved 1062912K
  class space    used 1663K, capacity 1776K, committed 1792K, reserved 1048576K
}
Event: 2.850 GC heap before
{Heap before GC invocations=5 (full 0):
 PSYoungGen      total 53248K, used 53216K [0x00000000e0700000, 0x00000000e3f00000, 0x0000000100000000)
  eden space 49152K, 100% used [0x00000000e0700000,0x00000000e3700000,0x00000000e3700000)
  from space 4096K, 99% used [0x00000000e3b00000,0x00000000e3ef82d0,0x00000000e3f00000)
  to   space 4096K, 0% used [0x00000000e3700000,0x00000000e3700000,0x00000000e3b00000)
 ParOldGen       total 65536K, used 4782K [0x00000000a1400000, 0x00000000a5400000, 0x00000000e0700000)
  object space 65536K, 7% used [0x00000000a1400000,0x00000000a18ab928,0x00000000a5400000)
 Metaspace       used 17884K, capacity 18468K, committed 18688K, reserved 1064960K
  class space    used 2341K, capacity 2480K, committed 2560K, reserved 1048576K
Event: 2.874 GC heap after
Heap after GC invocations=5 (full 0):
 PSYoungGen      total 53248K, used 4072K [0x00000000e0700000, 0x00000000e7a00000, 0x0000000100000000)
  eden space 49152K, 0% used [0x00000000e0700000,0x00000000e0700000,0x00000000e3700000)
  from space 4096K, 99% used [0x00000000e3700000,0x00000000e3afa150,0x00000000e3b00000)
  to   space 9728K, 0% used [0x00000000e7080000,0x00000000e7080000,0x00000000e7a00000)
 ParOldGen       total 65536K, used 9013K [0x00000000a1400000, 0x00000000a5400000, 0x00000000e0700000)
  object space 65536K, 13% used [0x00000000a1400000,0x00000000a1ccd770,0x00000000a5400000)
 Metaspace       used 17884K, capacity 18468K, committed 18688K, reserved 1064960K
  class space    used 2341K, capacity 2480K, committed 2560K, reserved 1048576K
}
Event: 3.088 GC heap before
{Heap before GC invocations=6 (full 0):
 PSYoungGen      total 53248K, used 28860K [0x00000000e0700000, 0x00000000e7a00000, 0x0000000100000000)
  eden space 49152K, 50% used [0x00000000e0700000,0x00000000e1f35268,0x00000000e3700000)
  from space 4096K, 99% used [0x00000000e3700000,0x00000000e3afa150,0x00000000e3b00000)
  to   space 9728K, 0% used [0x00000000e7080000,0x00000000e7080000,0x00000000e7a00000)
 ParOldGen       total 65536K, used 9013K [0x00000000a1400000, 0x00000000a5400000, 0x00000000e0700000)
  object space 65536K, 13% used [0x00000000a1400000,0x00000000a1ccd770,0x00000000a5400000)
 Metaspace       used 20634K, capacity 21254K, committed 21296K, reserved 1067008K
  class space    used 2683K, capacity 2849K, committed 2864K, reserved 1048576K
Event: 3.099 GC heap after
Heap after GC invocations=6 (full 0):
 PSYoungGen      total 107520K, used 7012K [0x00000000e0700000, 0x00000000e7b00000, 0x0000000100000000)
  eden space 97792K, 0% used [0x00000000e0700000,0x00000000e0700000,0x00000000e6680000)
  from space 9728K, 72% used [0x00000000e7080000,0x00000000e7759188,0x00000000e7a00000)
  to   space 10240K, 0% used [0x00000000e6680000,0x00000000e6680000,0x00000000e7080000)
 ParOldGen       total 65536K, used 9021K [0x00000000a1400000, 0x00000000a5400000, 0x00000000e0700000)
  object space 65536K, 13% used [0x00000000a1400000,0x00000000a1ccf770,0x00000000a5400000)
 Metaspace       used 20634K, capacity 21254K, committed 21296K, reserved 1067008K
  class space    used 2683K, capacity 2849K, committed 2864K, reserved 1048576K
}
Event: 3.099 GC heap before
{Heap before GC invocations=7 (full 1):
 PSYoungGen      total 107520K, used 7012K [0x00000000e0700000, 0x00000000e7b00000, 0x0000000100000000)
  eden space 97792K, 0% used [0x00000000e0700000,0x00000000e0700000,0x00000000e6680000)
  from space 9728K, 72% used [0x00000000e7080000,0x00000000e7759188,0x00000000e7a00000)
  to   space 10240K, 0% used [0x00000000e6680000,0x00000000e6680000,0x00000000e7080000)
 ParOldGen       total 65536K, used 9021K [0x00000000a1400000, 0x00000000a5400000, 0x00000000e0700000)
  object space 65536K, 13% used [0x00000000a1400000,0x00000000a1ccf770,0x00000000a5400000)
 Metaspace       used 20634K, capacity 21254K, committed 21296K, reserved 1067008K
  class space    used 2683K, capacity 2849K, committed 2864K, reserved 1048576K
Event: 3.148 GC heap after
Heap after GC invocations=7 (full 1):
 PSYoungGen      total 107520K, used 0K [0x00000000e0700000, 0x00000000e7b00000, 0x0000000100000000)
  eden space 97792K, 0% used [0x00000000e0700000,0x00000000e0700000,0x00000000e6680000)
  from space 9728K, 0% used [0x00000000e7080000,0x00000000e7080000,0x00000000e7a00000)
  to   space 10240K, 0% used [0x00000000e6680000,0x00000000e6680000,0x00000000e7080000)
 ParOldGen       total 46592K, used 9397K [0x00000000a1400000, 0x00000000a4180000, 0x00000000e0700000)
  object space 46592K, 20% used [0x00000000a1400000,0x00000000a1d2d690,0x00000000a4180000)
 Metaspace       used 20634K, capacity 21254K, committed 21296K, reserved 1067008K
  class space    used 2683K, capacity 2849K, committed 2864K, reserved 1048576K
}
Event: 4.125 GC heap before
{Heap before GC invocations=8 (full 1):
 PSYoungGen      total 107520K, used 97792K [0x00000000e0700000, 0x00000000e7b00000, 0x0000000100000000)
  eden space 97792K, 100% used [0x00000000e0700000,0x00000000e6680000,0x00000000e6680000)
  from space 9728K, 0% used [0x00000000e7080000,0x00000000e7080000,0x00000000e7a00000)
  to   space 10240K, 0% used [0x00000000e6680000,0x00000000e6680000,0x00000000e7080000)
 ParOldGen       total 46592K, used 9397K [0x00000000a1400000, 0x00000000a4180000, 0x00000000e0700000)
  object space 46592K, 20% used [0x00000000a1400000,0x00000000a1d2d690,0x00000000a4180000)
 Metaspace       used 26531K, capacity 27548K, committed 27824K, reserved 1073152K
  class space    used 3466K, capacity 3722K, committed 3760K, reserved 1048576K
Event: 4.138 GC heap after
Heap after GC invocations=8 (full 1):
 PSYoungGen      total 108032K, used 7272K [0x00000000e0700000, 0x00000000e7b00000, 0x0000000100000000)
  eden space 97792K, 0% used [0x00000000e0700000,0x00000000e0700000,0x00000000e6680000)
  from space 10240K, 71% used [0x00000000e6680000,0x00000000e6d9a3d8,0x00000000e7080000)
  to   space 9728K, 0% used [0x00000000e7080000,0x00000000e7080000,0x00000000e7a00000)
 ParOldGen       total 46592K, used 9405K [0x00000000a1400000, 0x00000000a4180000, 0x00000000e0700000)
  object space 46592K, 20% used [0x00000000a1400000,0x00000000a1d2f690,0x00000000a4180000)
 Metaspace       used 26531K, capacity 27548K, committed 27824K, reserved 1073152K
  class space    used 3466K, capacity 3722K, committed 3760K, reserved 1048576K
}

Deoptimization events (10 events):
Event: 3.072 Thread 0x000000001b891800 Uncommon trap: reason=unstable_if action=reinterpret pc=0x0000000004c84048 method=java.lang.ThreadLocal$ThreadLocalMap.getEntry(Ljava/lang/ThreadLocal;)Ljava/lang/ThreadLocal$ThreadLocalMap$Entry; @ 29
Event: 3.162 Thread 0x000000001b891800 Uncommon trap: reason=unstable_if action=reinterpret pc=0x0000000004c8541c method=java.lang.ThreadLocal$ThreadLocalMap.getEntry(Ljava/lang/ThreadLocal;)Ljava/lang/ThreadLocal$ThreadLocalMap$Entry; @ 29
Event: 3.303 Thread 0x000000001b891800 Uncommon trap: reason=class_check action=maybe_recompile pc=0x0000000004b160e0 method=java.lang.String.equals(Ljava/lang/Object;)Z @ 8
Event: 3.303 Thread 0x000000001b891800 Uncommon trap: reason=class_check action=maybe_recompile pc=0x0000000004b160e0 method=java.lang.String.equals(Ljava/lang/Object;)Z @ 8
Event: 3.340 Thread 0x000000001a872800 Uncommon trap: reason=unstable_if action=reinterpret pc=0x0000000004e3e3a4 method=jdk.internal.org.objectweb.asm.Type.getArgumentsAndReturnSizes(Ljava/lang/String;)I @ 47
Event: 3.652 Thread 0x000000001b891800 Uncommon trap: reason=unstable_if action=reinterpret pc=0x0000000004d32318 method=org.springframework.util.ConcurrentReferenceHashMap$Segment.clear()V @ 7
Event: 3.791 Thread 0x000000001b891800 Uncommon trap: reason=unstable_if action=reinterpret pc=0x0000000004fb5184 method=org.springframework.boot.context.properties.source.ConfigurationPropertyName$ElementsParser.parse(Ljava/util/function/Function;)Lorg/springframework/boot/context/properties/
Event: 3.791 Thread 0x000000001b891800 Uncommon trap: reason=unstable_if action=reinterpret pc=0x0000000004f82f68 method=org.springframework.boot.context.properties.source.ConfigurationPropertyName$ElementsParser.updateType(Lorg/springframework/boot/context/properties/source/ConfigurationPrope
Event: 3.793 Thread 0x000000001b891800 Uncommon trap: reason=unstable_if action=reinterpret pc=0x0000000004e36d94 method=org.springframework.boot.context.properties.source.ConfigurationPropertyName$ElementType.allowsFastEqualityCheck()Z @ 11
Event: 3.834 Thread 0x000000001b891800 Uncommon trap: reason=unstable_if action=reinterpret pc=0x0000000004e32cb8 method=java.net.URL.<init>(Ljava/net/URL;Ljava/lang/String;Ljava/net/URLStreamHandler;)V @ 347

Classes redefined (0 events):
No events

Internal exceptions (10 events):
Event: 3.177 Thread 0x000000001b891800 Exception <a 'java/lang/ClassNotFoundException': org/springframework/beans/factory/AwareCustomizer> (0x00000000e0bdf4e8) thrown at [C:\re\workspace\8-2-build-windows-amd64-cygwin\jdk8u181\11358\hotspot\src\share\vm\classfile\systemDictionary.cpp, line 210
Event: 3.177 Thread 0x000000001b891800 Exception <a 'java/lang/ClassNotFoundException': org/springframework/beans/factory/BeanClassLoaderAwareCustomizer> (0x00000000e0c02800) thrown at [C:\re\workspace\8-2-build-windows-amd64-cygwin\jdk8u181\11358\hotspot\src\share\vm\classfile\systemDictionar
Event: 3.177 Thread 0x000000001b891800 Exception <a 'java/lang/ClassNotFoundException': org/springframework/beans/factory/AwareCustomizer> (0x00000000e0c20758) thrown at [C:\re\workspace\8-2-build-windows-amd64-cygwin\jdk8u181\11358\hotspot\src\share\vm\classfile\systemDictionary.cpp, line 210
Event: 3.178 Thread 0x000000001b891800 Exception <a 'java/lang/ClassNotFoundException': org/springframework/context/EnvironmentAwareCustomizer> (0x00000000e0c3f610) thrown at [C:\re\workspace\8-2-build-windows-amd64-cygwin\jdk8u181\11358\hotspot\src\share\vm\classfile\systemDictionary.cpp, lin
Event: 3.178 Thread 0x000000001b891800 Exception <a 'java/lang/ClassNotFoundException': org/springframework/beans/factory/AwareCustomizer> (0x00000000e0c5d448) thrown at [C:\re\workspace\8-2-build-windows-amd64-cygwin\jdk8u181\11358\hotspot\src\share\vm\classfile\systemDictionary.cpp, line 210
Event: 3.255 Thread 0x000000001b891800 Exception <a 'java/lang/NoSuchMethodError': java.lang.Object.lambda$getAllAnnotationAttributes$0(Lorg/springframework/util/MultiValueMap;)Lorg/springframework/util/MultiValueMap;> (0x00000000e19260a8) thrown at [C:\re\workspace\8-2-build-windows-amd64-cyg
Event: 3.257 Thread 0x000000001b891800 Exception <a 'java/lang/NoSuchMethodError': java.lang.Object.lambda$identity$2(Ljava/lang/Object;)Ljava/lang/Object;> (0x00000000e193aa38) thrown at [C:\re\workspace\8-2-build-windows-amd64-cygwin\jdk8u181\11358\hotspot\src\share\vm\interpreter\linkResolv
Event: 3.349 Thread 0x000000001a872800 Exception <a 'java/lang/IncompatibleClassChangeError': Found class java.lang.Object, but interface was expected> (0x00000000e24dca30) thrown at [C:\re\workspace\8-2-build-windows-amd64-cygwin\jdk8u181\11358\hotspot\src\share\vm\interpreter\linkResolver.cp
Event: 3.931 Thread 0x000000001b891800 Exception <a 'java/lang/NoSuchMethodError': java.lang.Object.lambda$comparing$77a9974f$1(Ljava/util/function/Function;Ljava/lang/Object;Ljava/lang/Object;)I> (0x00000000e3c44eb0) thrown at [C:\re\workspace\8-2-build-windows-amd64-cygwin\jdk8u181\11358\hot
Event: 4.188 Thread 0x000000001b891800 Exception <a 'java/lang/IncompatibleClassChangeError': Found class java.lang.Object, but interface was expected> (0x00000000e0cbc048) thrown at [C:\re\workspace\8-2-build-windows-amd64-cygwin\jdk8u181\11358\hotspot\src\share\vm\interpreter\linkResolver.cp

Events (10 events):
Event: 4.371 loading class org/apache/commons/configuration/AbstractConfiguration
Event: 4.371 loading class org/apache/commons/configuration/AbstractConfiguration done
Event: 4.372 loading class org/apache/commons/configuration/event/EventSource
Event: 4.372 loading class org/apache/commons/configuration/event/EventSource done
Event: 4.373 loading class org/apache/commons/configuration/ConfigurationBuilder
Event: 4.373 loading class org/apache/commons/configuration/ConfigurationBuilder done
Event: 4.378 loading class org/springframework/boot/actuate/autoconfigure/endpoint/condition/ConditionalOnEnabledEndpoint
Event: 4.378 loading class org/springframework/boot/actuate/autoconfigure/endpoint/condition/ConditionalOnEnabledEndpoint done
Event: 4.378 loading class org/springframework/boot/actuate/autoconfigure/endpoint/condition$ConditionalOnEnabledEndpoint
Event: 4.378 loading class org/springframework/boot/actuate/autoconfigure/endpoint/condition$ConditionalOnEnabledEndpoint done


Dynamic libraries:
0x00007ff760e40000 - 0x00007ff760e77000 	C:\Program Files\Java\jdk1.8.0_181\bin\javaw.exe
0x00007ff9a1620000 - 0x00007ff9a1800000 	C:\Windows\SYSTEM32\ntdll.dll
0x00007ff99fee0000 - 0x00007ff99ff8e000 	C:\Windows\System32\KERNEL32.DLL
0x00007ff99dd60000 - 0x00007ff99dfc6000 	C:\Windows\System32\KERNELBASE.dll
0x00007ff99ebf0000 - 0x00007ff99ec91000 	C:\Windows\System32\ADVAPI32.dll
0x00007ff99fe40000 - 0x00007ff99fedd000 	C:\Windows\System32\msvcrt.dll
0x00007ff99f180000 - 0x00007ff99f1db000 	C:\Windows\System32\sechost.dll
0x00007ff99f330000 - 0x00007ff99f44f000 	C:\Windows\System32\RPCRT4.dll
0x00007ff99f580000 - 0x00007ff99f70f000 	C:\Windows\System32\USER32.dll
0x00007ff99db70000 - 0x00007ff99db90000 	C:\Windows\System32\win32u.dll
0x00007ff99eaf0000 - 0x00007ff99eb18000 	C:\Windows\System32\GDI32.dll
0x00007ff99e1a0000 - 0x00007ff99e333000 	C:\Windows\System32\gdi32full.dll
0x00007ff99e050000 - 0x00007ff99e0eb000 	C:\Windows\System32\msvcp_win.dll
0x00007ff99da70000 - 0x00007ff99db65000 	C:\Windows\System32\ucrtbase.dll
0x00007ff992630000 - 0x00007ff992899000 	C:\Windows\WinSxS\amd64_microsoft.windows.common-controls_6595b64144ccf1df_6.0.16299.847_none_15cddd1e93602b6a\COMCTL32.dll
0x00007ff99fb30000 - 0x00007ff99fe36000 	C:\Windows\System32\combase.dll
0x00007ff99dfd0000 - 0x00007ff99e042000 	C:\Windows\System32\bcryptPrimitives.dll
0x00007ff99eca0000 - 0x00007ff99eccd000 	C:\Windows\System32\IMM32.DLL
0x00007ff94f720000 - 0x00007ff94f7d2000 	C:\Program Files\McAfee\Endpoint Security\Threat Prevention\Ips\EpMPApi.dll
0x00007ff99ea90000 - 0x00007ff99eae8000 	C:\Windows\System32\WINTRUST.dll
0x00007ff99d9e0000 - 0x00007ff99d9f2000 	C:\Windows\System32\MSASN1.dll
0x00007ff99db90000 - 0x00007ff99dd5e000 	C:\Windows\System32\CRYPT32.dll
0x0000000068f80000 - 0x0000000068f8c000 	C:\Program Files\McAfee\Endpoint Security\Threat Prevention\Ips\EpMPThe.dll
0x00000000674f0000 - 0x00000000675c2000 	C:\Program Files\Java\jdk1.8.0_181\jre\bin\msvcr100.dll
0x0000000067620000 - 0x0000000067ec2000 	C:\Program Files\Java\jdk1.8.0_181\jre\bin\server\jvm.dll
0x00007ff99fb20000 - 0x00007ff99fb28000 	C:\Windows\System32\PSAPI.DLL
0x00007ff991d90000 - 0x00007ff991d9a000 	C:\Windows\SYSTEM32\VERSION.dll
0x00007ff99bd00000 - 0x00007ff99bd23000 	C:\Windows\SYSTEM32\WINMM.dll
0x00007ff978410000 - 0x00007ff978419000 	C:\Windows\SYSTEM32\WSOCK32.dll
0x00007ff99bca0000 - 0x00007ff99bcca000 	C:\Windows\SYSTEM32\winmmbase.dll
0x00007ff9a00a0000 - 0x00007ff9a010c000 	C:\Windows\System32\WS2_32.dll
0x00007ff99da20000 - 0x00007ff99da6a000 	C:\Windows\System32\cfgmgr32.dll
0x0000000068480000 - 0x000000006848f000 	C:\Program Files\Java\jdk1.8.0_181\jre\bin\verify.dll
0x0000000068290000 - 0x00000000682b9000 	C:\Program Files\Java\jdk1.8.0_181\jre\bin\java.dll
0x0000000068120000 - 0x0000000068136000 	C:\Program Files\Java\jdk1.8.0_181\jre\bin\zip.dll
0x00007ff9a01b0000 - 0x00007ff9a15e8000 	C:\Windows\System32\SHELL32.dll
0x00007ff99f4d0000 - 0x00007ff99f576000 	C:\Windows\System32\shcore.dll
0x00007ff99e340000 - 0x00007ff99ea87000 	C:\Windows\System32\windows.storage.dll
0x00007ff99f880000 - 0x00007ff99f8d1000 	C:\Windows\System32\shlwapi.dll
0x00007ff99da00000 - 0x00007ff99da11000 	C:\Windows\System32\kernel.appcore.dll
0x00007ff99d970000 - 0x00007ff99d9bc000 	C:\Windows\System32\powrprof.dll
0x00007ff99d9c0000 - 0x00007ff99d9db000 	C:\Windows\System32\profapi.dll
0x0000000067600000 - 0x000000006761a000 	C:\Program Files\Java\jdk1.8.0_181\jre\bin\net.dll
0x00007ff99d200000 - 0x00007ff99d266000 	C:\Windows\system32\mswsock.dll
0x00007ff99cfd0000 - 0x00007ff99d086000 	C:\Windows\SYSTEM32\DNSAPI.dll
0x00007ff99f8e0000 - 0x00007ff99f8e8000 	C:\Windows\System32\NSI.dll
0x00007ff99cf90000 - 0x00007ff99cfc9000 	C:\Windows\SYSTEM32\IPHLPAPI.DLL
0x00007ff998470000 - 0x00007ff99847a000 	C:\Windows\System32\rasadhlp.dll
0x00007ff9988e0000 - 0x00007ff998950000 	C:\Windows\System32\fwpuclnt.dll
0x00007ff99d4d0000 - 0x00007ff99d4f5000 	C:\Windows\SYSTEM32\bcrypt.dll
0x00000000675d0000 - 0x00000000675dd000 	C:\Program Files\Java\jdk1.8.0_181\jre\bin\management.dll
0x00000000675e0000 - 0x00000000675f1000 	C:\Program Files\Java\jdk1.8.0_181\jre\bin\nio.dll
0x00007ff99d3c0000 - 0x00007ff99d3d7000 	C:\Windows\SYSTEM32\CRYPTSP.dll
0x00007ff99ce00000 - 0x00007ff99ce33000 	C:\Windows\system32\rsaenh.dll
0x00007ff99d8a0000 - 0x00007ff99d8c9000 	C:\Windows\SYSTEM32\USERENV.dll
0x00007ff99d3e0000 - 0x00007ff99d3eb000 	C:\Windows\SYSTEM32\CRYPTBASE.dll
0x00007ff998bd0000 - 0x00007ff998be6000 	C:\Windows\SYSTEM32\dhcpcsvc6.DLL
0x00007ff998bb0000 - 0x00007ff998bca000 	C:\Windows\SYSTEM32\dhcpcsvc.DLL
0x00007ff991690000 - 0x00007ff9916a6000 	C:\Windows\system32\napinsp.dll
0x00007ff9916b0000 - 0x00007ff9916ca000 	C:\Windows\system32\pnrpnsp.dll
0x00007ff99a470000 - 0x00007ff99a488000 	C:\Windows\system32\NLAapi.dll
0x00007ff9916d0000 - 0x00007ff9916de000 	C:\Windows\System32\winrnr.dll

VM Arguments:
jvm_args: -Dserver.port=8001 -Dfile.encoding=UTF-8 
java_command: com.zensar.forx.ForxService1Application
java_class_path (initial): D:\SUSMITA\AdvancedJava\microService\Forx-Service1\target\classes;C:\Users\TRG\.m2\repository\org\springframework\boot\spring-boot-starter-data-jpa\2.2.0.RELEASE\spring-boot-starter-data-jpa-2.2.0.RELEASE.jar;C:\Users\TRG\.m2\repository\org\springframework\boot\spring-boot-starter-aop\2.2.0.RELEASE\spring-boot-starter-aop-2.2.0.RELEASE.jar;C:\Users\TRG\.m2\repository\org\springframework\spring-aop\5.2.0.RELEASE\spring-aop-5.2.0.RELEASE.jar;C:\Users\TRG\.m2\repository\org\aspectj\aspectjweaver\1.9.4\aspectjweaver-1.9.4.jar;C:\Users\TRG\.m2\repository\org\springframework\boot\spring-boot-starter-jdbc\2.2.0.RELEASE\spring-boot-starter-jdbc-2.2.0.RELEASE.jar;C:\Users\TRG\.m2\repository\com\zaxxer\HikariCP\3.4.1\HikariCP-3.4.1.jar;C:\Users\TRG\.m2\repository\org\springframework\spring-jdbc\5.2.0.RELEASE\spring-jdbc-5.2.0.RELEASE.jar;C:\Users\TRG\.m2\repository\jakarta\activation\jakarta.activation-api\1.2.1\jakarta.activation-api-1.2.1.jar;C:\Users\TRG\.m2\repository\jakarta\persistence\jakarta.persistence-api\2.2.3\jakarta.persistence-api-2.2.3.jar;C:\Users\TRG\.m2\repository\jakarta\transaction\jakarta.transaction-api\1.3.3\jakarta.transaction-api-1.3.3.jar;C:\Users\TRG\.m2\repository\org\hibernate\hibernate-core\5.4.6.Final\hibernate-core-5.4.6.Final.jar;C:\Users\TRG\.m2\repository\org\jboss\logging\jboss-logging\3.4.1.Final\jboss-logging-3.4.1.Final.jar;C:\Users\TRG\.m2\repository\org\javassist\javassist\3.24.0-GA\javassist-3.24.0-GA.jar;C:\Users\TRG\.m2\repository\net\bytebuddy\byte-buddy\1.10.1\byte-buddy-1.10.1.jar;C:\Users\TRG\.m2\repository\antlr\antlr\2.7.7\antlr-2.7.7.jar;C:\Users\TRG\.m2\repository\org\jboss\jandex\2.0.5.Final\jandex-2.0.5.Final.jar;C:\Users\TRG\.m2\repository\com\fasterxml\classmate\1.5.0\classmate-1.5.0.jar;C:\Users\TRG\.m2\repository\org\dom4j\dom4j\2.1.1\dom4j-2.1.1.jar;C:\Users\TRG\.m2\repository\org\hibernate\common\hibernate-commons-annotations\5.1.0.Final\hibernate-commons-annotations-5.1.0.Final.jar;C:\Us
Launcher Type: SUN_STANDARD

Environment Variables:
JAVA_HOME=C:\Program Files\Java\jdk1.8.0_181
PATH=C:/Program Files/Java/jdk1.8.0_181/bin/../jre/bin/server;C:/Program Files/Java/jdk1.8.0_181/bin/../jre/bin;C:/Program Files/Java/jdk1.8.0_181/bin/../jre/lib/amd64;C:\Program Files\Java\jdk1.8.0_181\bin;C:\orant\bin;D:\ORACLEXE\app\oracle\product\10.2.0\server\bin;D:\app\TRG\product\11.2.0\dbhome_3\bin;D:\app\TRG\product\11.2.0\dbhome_2\bin;D:\app\TRG\product\11.2.0\dbhome_1\bin;C:\ProgramData\Oracle\Java\javapath;C:\Windows\system32;C:\Windows;C:\Windows\System32\Wbem;C:\Windows\System32\WindowsPowerShell\v1.0\;C:\Program Files\PuTTY\;C:\Program Files\Microsoft VS Code\bin;C:\Program Files\Java\jdk-9.0.4\bin;C:\orant\jdk\bin;C:\Program Files (x86)\Brackets\command;C:\Program Files\Microsoft SQL Server\120\DTS\Binn\;C:\Program Files\Microsoft SQL Server\Client SDK\ODBC\110\Tools\Binn\;C:\Program Files (x86)\Microsoft SQL Server\120\Tools\Binn\;C:\Program Files\Microsoft SQL Server\120\Tools\Binn\;C:\Program Files (x86)\Microsoft SQL Server\120\Tools\Binn\ManagementStudio\;C:\Program Files (x86)\Microsoft SQL Server\120\DTS\Binn\;C:\Program Files\dotnet\;C:\Program Files\Microsoft SQL Server\130\Tools\Binn\;C:\Program Files\Git\cmd;D:\SUSMITA\AdvancedJava\AD_javaSoft\apache-maven-3.6.2-bin\apache-maven-3.6.2\bin;D:\SUSMITA\AdvancedJava\AD_javaSoft\gradle-5.6.2-bin\gradle-5.6.2\bin;C:\Program Files\nodejs\;C:\Users\TRG\AppData\Roaming\npm;C:\Users\TRG\AppData\Local\Microsoft\WindowsApps;C:\Program Files\Java\jdk-9.0.4\bin;C:\Program Files\Java\jdk1.8.0_181\bin;C:\Users\TRG\AppData\Roaming\npm;D:\SUSMITA\AdvancedJava\AD_javaSoft\spring-tool-suite-4-4.4.0.RELEASE-e4.13.0-win32.win32.x86_64\sts-4.4.0.RELEASE;
USERNAME=TRG
OS=Windows_NT
PROCESSOR_IDENTIFIER=Intel64 Family 6 Model 60 Stepping 3, GenuineIntel



---------------  S Y S T E M  ---------------

OS: Windows 10.0 , 64 bit Build 16299 (10.0.16299.431)

CPU:total 4 (initial active 4) (2 cores per cpu, 2 threads per core) family 6 model 60 stepping 3, cmov, cx8, fxsr, mmx, sse, sse2, sse3, ssse3, sse4.1, sse4.2, popcnt, avx, avx2, aes, clmul, erms, lzcnt, ht, tsc, tscinvbit, bmi1, bmi2

Memory: 4k page, physical 6208032k(539880k free), swap 12401184k(5896k free)

vm_info: Java HotSpot(TM) 64-Bit Server VM (25.181-b13) for windows-amd64 JRE (1.8.0_181-b13), built on Jul  7 2018 04:01:33 by "java_re" with MS VC++ 10.0 (VS2010)

time: Tue Oct 22 12:48:12 2019
elapsed time: 4 seconds (0d 0h 0m 4s)

